[*] Start mutation process:
   - targets: datasets.GPT_4.Chain_of_thought1.programs.program_093
   - tests: datasets.GPT_4.Chain_of_thought1.tests.test_093
[*] 11 tests passed:
   - datasets.GPT_4.Chain_of_thought1.tests.test_093 [0.00000 s]
[*] Start mutants generation and execution:
   - [#   1] ASR datasets.GPT_4.Chain_of_thought1.programs.program_093: [0.00000 s] killed by test_boolean_equivalence (datasets.GPT_4.Chain_of_thought1.tests.test_093.TestVersion)

Traceback (most recent call last):
  File "C:\Users\skaspers\OneDrive - Capgemini\Documents\Prompted Testsuite Analysis\.\datasets\GPT_4\Chain_of_thought1\tests\test_093.py", line 21, in test_boolean_equivalence
    def test_boolean_equivalence(self): self.assertEqual(frequency([True, False, 1], True), 2)
AssertionError: -2 != 2

   - [#   2] COI datasets.GPT_4.Chain_of_thought1.programs.program_093: [0.00000 s] killed by test_boolean_equivalence (datasets.GPT_4.Chain_of_thought1.tests.test_093.TestVersion)

Traceback (most recent call last):
  File "C:\Users\skaspers\OneDrive - Capgemini\Documents\Prompted Testsuite Analysis\.\datasets\GPT_4\Chain_of_thought1\tests\test_093.py", line 21, in test_boolean_equivalence
    def test_boolean_equivalence(self): self.assertEqual(frequency([True, False, 1], True), 2)
AssertionError: 1 != 2

   - [#   3] ROR datasets.GPT_4.Chain_of_thought1.programs.program_093: [0.00000 s] killed by test_boolean_equivalence (datasets.GPT_4.Chain_of_thought1.tests.test_093.TestVersion)

Traceback (most recent call last):
  File "C:\Users\skaspers\OneDrive - Capgemini\Documents\Prompted Testsuite Analysis\.\datasets\GPT_4\Chain_of_thought1\tests\test_093.py", line 21, in test_boolean_equivalence
    def test_boolean_equivalence(self): self.assertEqual(frequency([True, False, 1], True), 2)
AssertionError: 1 != 2

[*] Mutation score [0.03164 s]: 100.0%
   - all: 3
   - killed: 3 (100.0%)
   - survived: 0 (0.0%)
   - incompetent: 0 (0.0%)
   - timeout: 0 (0.0%)
HI SANDER, RUNNING MUTPY FROM: C:\Users\skaspers\OneDrive - Capgemini\Documents\Prompted Testsuite Analysis\.venv38\lib\site-packages\mutpy\commandline.py
