[*] Start mutation process:
   - targets: datasets.GPT_4.Chain_of_thought1.programs.program_077
   - tests: datasets.GPT_4.Chain_of_thought1.tests.test_077
[*] 9 tests passed:
   - datasets.GPT_4.Chain_of_thought1.tests.test_077 [0.00000 s]
[*] Start mutants generation and execution:
   - [#   1] AOR datasets.GPT_4.Chain_of_thought1.programs.program_077: [0.00100 s] killed by test_more_nonzeros (datasets.GPT_4.Chain_of_thought1.tests.test_077.TestVersion)

Traceback (most recent call last):
  File "C:\Users\skaspers\OneDrive - Capgemini\Documents\Prompted Testsuite Analysis\.\datasets\GPT_4\Chain_of_thought1\tests\test_077.py", line 9, in test_more_nonzeros
    def test_more_nonzeros(self): self.assertAlmostEqual(zero_count(array('i', [0, 1, 2, 3])), 1/3)
AssertionError: 0 != 0.3333333333333333 within 7 places (0.3333333333333333 difference)

   - [#   2] AOR datasets.GPT_4.Chain_of_thought1.programs.program_077: [0.00096 s] killed by test_equal_zeros_nonzeros (datasets.GPT_4.Chain_of_thought1.tests.test_077.TestVersion)

Traceback (most recent call last):
  File "C:\Users\skaspers\OneDrive - Capgemini\Documents\Prompted Testsuite Analysis\.\datasets\GPT_4\Chain_of_thought1\tests\test_077.py", line 5, in test_equal_zeros_nonzeros
    def test_equal_zeros_nonzeros(self): self.assertEqual(zero_count(array('i', [0, 1, 0, 2])), 1.0)
AssertionError: 4 != 1.0

   - [#   3] AOR datasets.GPT_4.Chain_of_thought1.programs.program_077: [0.00000 s] killed by test_equal_zeros_nonzeros (datasets.GPT_4.Chain_of_thought1.tests.test_077.TestVersion)

Traceback (most recent call last):
  File "C:\Users\skaspers\OneDrive - Capgemini\Documents\Prompted Testsuite Analysis\.\datasets\GPT_4\Chain_of_thought1\tests\test_077.py", line 5, in test_equal_zeros_nonzeros
    def test_equal_zeros_nonzeros(self): self.assertEqual(zero_count(array('i', [0, 1, 0, 2])), 1.0)
AssertionError: 0.3333333333333333 != 1.0

   - [#   4] ASR datasets.GPT_4.Chain_of_thought1.programs.program_077: [0.00099 s] killed by test_equal_zeros_nonzeros (datasets.GPT_4.Chain_of_thought1.tests.test_077.TestVersion)

Traceback (most recent call last):
  File "C:\Users\skaspers\OneDrive - Capgemini\Documents\Prompted Testsuite Analysis\.\datasets\GPT_4\Chain_of_thought1\tests\test_077.py", line 5, in test_equal_zeros_nonzeros
    def test_equal_zeros_nonzeros(self): self.assertEqual(zero_count(array('i', [0, 1, 0, 2])), 1.0)
AssertionError: -0.3333333333333333 != 1.0

   - [#   5] COI datasets.GPT_4.Chain_of_thought1.programs.program_077: [0.00000 s] killed by test_more_nonzeros (datasets.GPT_4.Chain_of_thought1.tests.test_077.TestVersion)

Traceback (most recent call last):
  File "C:\Users\skaspers\OneDrive - Capgemini\Documents\Prompted Testsuite Analysis\.\datasets\GPT_4\Chain_of_thought1\tests\test_077.py", line 9, in test_more_nonzeros
    def test_more_nonzeros(self): self.assertAlmostEqual(zero_count(array('i', [0, 1, 2, 3])), 1/3)
AssertionError: 3.0 != 0.3333333333333333 within 7 places (2.6666666666666665 difference)

   - [#   6] ROR datasets.GPT_4.Chain_of_thought1.programs.program_077: [0.00100 s] killed by test_more_nonzeros (datasets.GPT_4.Chain_of_thought1.tests.test_077.TestVersion)

Traceback (most recent call last):
  File "C:\Users\skaspers\OneDrive - Capgemini\Documents\Prompted Testsuite Analysis\.\datasets\GPT_4\Chain_of_thought1\tests\test_077.py", line 9, in test_more_nonzeros
    def test_more_nonzeros(self): self.assertAlmostEqual(zero_count(array('i', [0, 1, 2, 3])), 1/3)
AssertionError: 3.0 != 0.3333333333333333 within 7 places (2.6666666666666665 difference)

[*] Mutation score [0.04771 s]: 100.0%
   - all: 6
   - killed: 6 (100.0%)
   - survived: 0 (0.0%)
   - incompetent: 0 (0.0%)
   - timeout: 0 (0.0%)
HI SANDER, RUNNING MUTPY FROM: C:\Users\skaspers\OneDrive - Capgemini\Documents\Prompted Testsuite Analysis\.venv38\lib\site-packages\mutpy\commandline.py
