[*] Start mutation process:
   - targets: datasets.GPT_4.Chain_of_thought1.programs.program_095
   - tests: datasets.GPT_4.Chain_of_thought1.tests.test_095
[*] 7 tests passed:
   - datasets.GPT_4.Chain_of_thought1.tests.test_095 [0.00000 s]
[*] Start mutants generation and execution:
   - [#   1] AOR datasets.GPT_4.Chain_of_thought1.programs.program_095: [0.00000 s] killed by test_float_side (datasets.GPT_4.Chain_of_thought1.tests.test_095.TestVersion)

Traceback (most recent call last):
  File "C:\Users\skaspers\OneDrive - Capgemini\Documents\Prompted Testsuite Analysis\.\datasets\GPT_4\Chain_of_thought1\tests\test_095.py", line 9, in test_float_side
    def test_float_side(self): self.assertEqual(perimeter_pentagon(3.5), 17.5)
AssertionError: 1.4285714285714286 != 17.5

   - [#   2] AOR datasets.GPT_4.Chain_of_thought1.programs.program_095: [0.00000 s] killed by test_float_side (datasets.GPT_4.Chain_of_thought1.tests.test_095.TestVersion)

Traceback (most recent call last):
  File "C:\Users\skaspers\OneDrive - Capgemini\Documents\Prompted Testsuite Analysis\.\datasets\GPT_4\Chain_of_thought1\tests\test_095.py", line 9, in test_float_side
    def test_float_side(self): self.assertEqual(perimeter_pentagon(3.5), 17.5)
AssertionError: 1.0 != 17.5

   - [#   3] AOR datasets.GPT_4.Chain_of_thought1.programs.program_095: [0.00000 s] killed by test_float_side (datasets.GPT_4.Chain_of_thought1.tests.test_095.TestVersion)

Traceback (most recent call last):
  File "C:\Users\skaspers\OneDrive - Capgemini\Documents\Prompted Testsuite Analysis\.\datasets\GPT_4\Chain_of_thought1\tests\test_095.py", line 9, in test_float_side
    def test_float_side(self): self.assertEqual(perimeter_pentagon(3.5), 17.5)
AssertionError: 279.5084971874737 != 17.5

[*] Mutation score [0.03163 s]: 100.0%
   - all: 3
   - killed: 3 (100.0%)
   - survived: 0 (0.0%)
   - incompetent: 0 (0.0%)
   - timeout: 0 (0.0%)
HI SANDER, RUNNING MUTPY FROM: C:\Users\skaspers\OneDrive - Capgemini\Documents\Prompted Testsuite Analysis\.venv38\lib\site-packages\mutpy\commandline.py
