[*] Start mutation process:
   - targets: datasets.GPT_4.Chain_of_thought1.programs.program_079
   - tests: datasets.GPT_4.Chain_of_thought1.tests.test_079
[*] 7 tests passed:
   - datasets.GPT_4.Chain_of_thought1.tests.test_079 [0.00000 s]
[*] Start mutants generation and execution:
   - [#   1] AOR datasets.GPT_4.Chain_of_thought1.programs.program_079: [0.00075 s] killed by test_boolean_input (datasets.GPT_4.Chain_of_thought1.tests.test_079.TestVersion)

Traceback (most recent call last):
  File "C:\Users\skaspers\OneDrive - Capgemini\Documents\Prompted Testsuite Analysis\.\datasets\GPT_4\Chain_of_thought1\tests\test_079.py", line 17, in test_boolean_input
    def test_boolean_input(self): self.assertAlmostEqual(circle_circumference(True), 6.283, places=3)
AssertionError: 0.6366385484641095 != 6.283 within 3 places (5.646361451535891 difference)

   - [#   2] AOR datasets.GPT_4.Chain_of_thought1.programs.program_079: [0.00000 s] killed by test_boolean_input (datasets.GPT_4.Chain_of_thought1.tests.test_079.TestVersion)

Traceback (most recent call last):
  File "C:\Users\skaspers\OneDrive - Capgemini\Documents\Prompted Testsuite Analysis\.\datasets\GPT_4\Chain_of_thought1\tests\test_079.py", line 17, in test_boolean_input
    def test_boolean_input(self): self.assertAlmostEqual(circle_circumference(True), 6.283, places=3)
AssertionError: 0.0 != 6.283 within 3 places (6.283 difference)

   - [#   3] AOR datasets.GPT_4.Chain_of_thought1.programs.program_079: [0.00106 s] killed by test_boolean_input (datasets.GPT_4.Chain_of_thought1.tests.test_079.TestVersion)

Traceback (most recent call last):
  File "C:\Users\skaspers\OneDrive - Capgemini\Documents\Prompted Testsuite Analysis\.\datasets\GPT_4\Chain_of_thought1\tests\test_079.py", line 17, in test_boolean_input
    def test_boolean_input(self): self.assertAlmostEqual(circle_circumference(True), 6.283, places=3)
AssertionError: 8.824411082479122 != 6.283 within 3 places (2.5414110824791214 difference)

   - [#   4] AOR datasets.GPT_4.Chain_of_thought1.programs.program_079: [0.00108 s] killed by test_large_radius (datasets.GPT_4.Chain_of_thought1.tests.test_079.TestVersion)

Traceback (most recent call last):
  File "C:\Users\skaspers\OneDrive - Capgemini\Documents\Prompted Testsuite Analysis\.\datasets\GPT_4\Chain_of_thought1\tests\test_079.py", line 9, in test_large_radius
    def test_large_radius(self): self.assertAlmostEqual(circle_circumference(10000), 62830.0, places=1)
AssertionError: 0.0006283 != 62830.0 within 1 places (62829.9993717 difference)

   - [#   5] AOR datasets.GPT_4.Chain_of_thought1.programs.program_079: [0.00000 s] killed by test_boolean_input (datasets.GPT_4.Chain_of_thought1.tests.test_079.TestVersion)

Traceback (most recent call last):
  File "C:\Users\skaspers\OneDrive - Capgemini\Documents\Prompted Testsuite Analysis\.\datasets\GPT_4\Chain_of_thought1\tests\test_079.py", line 17, in test_boolean_input
    def test_boolean_input(self): self.assertAlmostEqual(circle_circumference(True), 6.283, places=3)
AssertionError: 6.0 != 6.283 within 3 places (0.28300000000000036 difference)

   - [#   6] AOR datasets.GPT_4.Chain_of_thought1.programs.program_079: [0.00108 s] killed by test_large_radius (datasets.GPT_4.Chain_of_thought1.tests.test_079.TestVersion)

Traceback (most recent call last):
  File "C:\Users\skaspers\OneDrive - Capgemini\Documents\Prompted Testsuite Analysis\.\datasets\GPT_4\Chain_of_thought1\tests\test_079.py", line 9, in test_large_radius
    def test_large_radius(self): self.assertAlmostEqual(circle_circumference(10000), 62830.0, places=1)
  File "datasets.GPT_4.Chain_of_thought1.programs.program_079", line 2, in circle_circumference
OverflowError: (34, 'Result too large')

[*] Mutation score [0.03669 s]: 100.0%
   - all: 6
   - killed: 6 (100.0%)
   - survived: 0 (0.0%)
   - incompetent: 0 (0.0%)
   - timeout: 0 (0.0%)
HI SANDER, RUNNING MUTPY FROM: C:\Users\skaspers\OneDrive - Capgemini\Documents\Prompted Testsuite Analysis\.venv38\lib\site-packages\mutpy\commandline.py
