[*] Start mutation process:
   - targets: datasets.GPT_4.Chain_of_thought1.programs.program_041
   - tests: datasets.GPT_4.Chain_of_thought1.tests.test_041
[*] 8 tests passed:
   - datasets.GPT_4.Chain_of_thought1.tests.test_041 [0.00000 s]
[*] Start mutants generation and execution:
   - [#   1] AOR datasets.GPT_4.Chain_of_thought1.programs.program_041: [0.00000 s] killed by test_float_base (datasets.GPT_4.Chain_of_thought1.tests.test_041.TestVersion)

Traceback (most recent call last):
  File "C:\Users\skaspers\OneDrive - Capgemini\Documents\Prompted Testsuite Analysis\.\datasets\GPT_4\Chain_of_thought1\tests\test_041.py", line 19, in test_float_base
    def test_float_base(self): self.assertAlmostEqual(power(2.5, 2), 6.25)
AssertionError: 1.0 != 6.25 within 7 places (5.25 difference)

   - [#   2] AOR datasets.GPT_4.Chain_of_thought1.programs.program_041: [0.00000 s] killed by test_float_base (datasets.GPT_4.Chain_of_thought1.tests.test_041.TestVersion)

Traceback (most recent call last):
  File "C:\Users\skaspers\OneDrive - Capgemini\Documents\Prompted Testsuite Analysis\.\datasets\GPT_4\Chain_of_thought1\tests\test_041.py", line 19, in test_float_base
    def test_float_base(self): self.assertAlmostEqual(power(2.5, 2), 6.25)
AssertionError: 1.0 != 6.25 within 7 places (5.25 difference)

   - [#   3] AOR datasets.GPT_4.Chain_of_thought1.programs.program_041: [0.00000 s] killed by test_float_base (datasets.GPT_4.Chain_of_thought1.tests.test_041.TestVersion)

Traceback (most recent call last):
  File "C:\Users\skaspers\OneDrive - Capgemini\Documents\Prompted Testsuite Analysis\.\datasets\GPT_4\Chain_of_thought1\tests\test_041.py", line 19, in test_float_base
    def test_float_base(self): self.assertAlmostEqual(power(2.5, 2), 6.25)
AssertionError: 9.882117688026186 != 6.25 within 7 places (3.6321176880261863 difference)

   - [#   4] AOR datasets.GPT_4.Chain_of_thought1.programs.program_041: [0.22832 s] killed by test_base_one (datasets.GPT_4.Chain_of_thought1.tests.test_041.TestVersion)

Traceback (most recent call last):
  File "C:\Users\skaspers\OneDrive - Capgemini\Documents\Prompted Testsuite Analysis\.\datasets\GPT_4\Chain_of_thought1\tests\test_041.py", line 11, in test_base_one
    def test_base_one(self): self.assertEqual(power(1, 100), 1)
  File "datasets.GPT_4.Chain_of_thought1.programs.program_041", line 9, in power
  File "datasets.GPT_4.Chain_of_thought1.programs.program_041", line 9, in power
  File "datasets.GPT_4.Chain_of_thought1.programs.program_041", line 9, in power
  [Previous line repeated 983 more times]
  File "datasets.GPT_4.Chain_of_thought1.programs.program_041", line 2, in power
RecursionError: maximum recursion depth exceeded in comparison

   - [#   5] COI datasets.GPT_4.Chain_of_thought1.programs.program_041: [0.00000 s] killed by test_exponent_one (datasets.GPT_4.Chain_of_thought1.tests.test_041.TestVersion)

Traceback (most recent call last):
  File "C:\Users\skaspers\OneDrive - Capgemini\Documents\Prompted Testsuite Analysis\.\datasets\GPT_4\Chain_of_thought1\tests\test_041.py", line 13, in test_exponent_one
    def test_exponent_one(self): self.assertEqual(power(3, 1), 3)
AssertionError: 1 != 3

   - [#   6] COI datasets.GPT_4.Chain_of_thought1.programs.program_041: [0.00000 s] killed by test_base_one (datasets.GPT_4.Chain_of_thought1.tests.test_041.TestVersion)

Traceback (most recent call last):
  File "C:\Users\skaspers\OneDrive - Capgemini\Documents\Prompted Testsuite Analysis\.\datasets\GPT_4\Chain_of_thought1\tests\test_041.py", line 11, in test_base_one
    def test_base_one(self): self.assertEqual(power(1, 100), 1)
AssertionError: 0 != 1

   - [#   7] COI datasets.GPT_4.Chain_of_thought1.programs.program_041: [0.00000 s] killed by test_float_base (datasets.GPT_4.Chain_of_thought1.tests.test_041.TestVersion)

Traceback (most recent call last):
  File "C:\Users\skaspers\OneDrive - Capgemini\Documents\Prompted Testsuite Analysis\.\datasets\GPT_4\Chain_of_thought1\tests\test_041.py", line 19, in test_float_base
    def test_float_base(self): self.assertAlmostEqual(power(2.5, 2), 6.25)
AssertionError: 2.5 != 6.25 within 7 places (3.75 difference)

   - [#   8] ROR datasets.GPT_4.Chain_of_thought1.programs.program_041: [0.00000 s] killed by test_exponent_one (datasets.GPT_4.Chain_of_thought1.tests.test_041.TestVersion)

Traceback (most recent call last):
  File "C:\Users\skaspers\OneDrive - Capgemini\Documents\Prompted Testsuite Analysis\.\datasets\GPT_4\Chain_of_thought1\tests\test_041.py", line 13, in test_exponent_one
    def test_exponent_one(self): self.assertEqual(power(3, 1), 3)
AssertionError: 1 != 3

   - [#   9] ROR datasets.GPT_4.Chain_of_thought1.programs.program_041: [0.00000 s] killed by test_base_one (datasets.GPT_4.Chain_of_thought1.tests.test_041.TestVersion)

Traceback (most recent call last):
  File "C:\Users\skaspers\OneDrive - Capgemini\Documents\Prompted Testsuite Analysis\.\datasets\GPT_4\Chain_of_thought1\tests\test_041.py", line 11, in test_base_one
    def test_base_one(self): self.assertEqual(power(1, 100), 1)
AssertionError: 0 != 1

   - [#  10] ROR datasets.GPT_4.Chain_of_thought1.programs.program_041: [0.00000 s] killed by test_float_base (datasets.GPT_4.Chain_of_thought1.tests.test_041.TestVersion)

Traceback (most recent call last):
  File "C:\Users\skaspers\OneDrive - Capgemini\Documents\Prompted Testsuite Analysis\.\datasets\GPT_4\Chain_of_thought1\tests\test_041.py", line 19, in test_float_base
    def test_float_base(self): self.assertAlmostEqual(power(2.5, 2), 6.25)
AssertionError: 2.5 != 6.25 within 7 places (3.75 difference)

[*] Mutation score [0.30096 s]: 100.0%
   - all: 10
   - killed: 10 (100.0%)
   - survived: 0 (0.0%)
   - incompetent: 0 (0.0%)
   - timeout: 0 (0.0%)
HI SANDER, RUNNING MUTPY FROM: C:\Users\skaspers\OneDrive - Capgemini\Documents\Prompted Testsuite Analysis\.venv38\lib\site-packages\mutpy\commandline.py
