[*] Start mutation process:
   - targets: datasets.GPT_4.Chain_of_thought1.programs.program_092
   - tests: datasets.GPT_4.Chain_of_thought1.tests.test_092
[*] 10 tests passed:
   - datasets.GPT_4.Chain_of_thought1.tests.test_092 [0.00000 s]
[*] Start mutants generation and execution:
   - [#   1] AOR datasets.GPT_4.Chain_of_thought1.programs.program_092: [0.00110 s] killed by test_sixty_four (datasets.GPT_4.Chain_of_thought1.tests.test_092.TestVersion)

Traceback (most recent call last):
  File "C:\Users\skaspers\OneDrive - Capgemini\Documents\Prompted Testsuite Analysis\.\datasets\GPT_4\Chain_of_thought1\tests\test_092.py", line 15, in test_sixty_four
    def test_sixty_four(self): self.assertEqual(next_power_of_2(64), 64)
AssertionError: 128 != 64

   - [#   2] ASR datasets.GPT_4.Chain_of_thought1.programs.program_092: [0.00200 s] killed by test_five (datasets.GPT_4.Chain_of_thought1.tests.test_092.TestVersion)

Traceback (most recent call last):
  File "C:\Users\skaspers\OneDrive - Capgemini\Documents\Prompted Testsuite Analysis\.\datasets\GPT_4\Chain_of_thought1\tests\test_092.py", line 9, in test_five
    def test_five(self): self.assertEqual(next_power_of_2(5), 8)
  File "datasets.GPT_4.Chain_of_thought1.programs.program_092", line 10, in next_power_of_2
ValueError: negative shift count

   - [#   3] COD datasets.GPT_4.Chain_of_thought1.programs.program_092: [0.00100 s] killed by test_boolean_input (datasets.GPT_4.Chain_of_thought1.tests.test_092.TestVersion)

Traceback (most recent call last):
  File "C:\Users\skaspers\OneDrive - Capgemini\Documents\Prompted Testsuite Analysis\.\datasets\GPT_4\Chain_of_thought1\tests\test_092.py", line 27, in test_boolean_input
    def test_boolean_input(self): self.assertEqual(next_power_of_2(True), 1)
AssertionError: 2 != 1

   - [#   4] COI datasets.GPT_4.Chain_of_thought1.programs.program_092: [0.00000 s] killed by test_boolean_input (datasets.GPT_4.Chain_of_thought1.tests.test_092.TestVersion)

Traceback (most recent call last):
  File "C:\Users\skaspers\OneDrive - Capgemini\Documents\Prompted Testsuite Analysis\.\datasets\GPT_4\Chain_of_thought1\tests\test_092.py", line 27, in test_boolean_input
    def test_boolean_input(self): self.assertEqual(next_power_of_2(True), 1)
AssertionError: 2 != 1

   - [#   5] COI datasets.GPT_4.Chain_of_thought1.programs.program_092: [0.00000 s] killed by test_five (datasets.GPT_4.Chain_of_thought1.tests.test_092.TestVersion)

Traceback (most recent call last):
  File "C:\Users\skaspers\OneDrive - Capgemini\Documents\Prompted Testsuite Analysis\.\datasets\GPT_4\Chain_of_thought1\tests\test_092.py", line 9, in test_five
    def test_five(self): self.assertEqual(next_power_of_2(5), 8)
AssertionError: 1 != 8

   - [#   6] LCR datasets.GPT_4.Chain_of_thought1.programs.program_092: [0.00000 s] killed by test_five (datasets.GPT_4.Chain_of_thought1.tests.test_092.TestVersion)

Traceback (most recent call last):
  File "C:\Users\skaspers\OneDrive - Capgemini\Documents\Prompted Testsuite Analysis\.\datasets\GPT_4\Chain_of_thought1\tests\test_092.py", line 9, in test_five
    def test_five(self): self.assertEqual(next_power_of_2(5), 8)
AssertionError: 5 != 8

   - [#   7] LOR datasets.GPT_4.Chain_of_thought1.programs.program_092: [0.00100 s] killed by test_boolean_input (datasets.GPT_4.Chain_of_thought1.tests.test_092.TestVersion)

Traceback (most recent call last):
  File "C:\Users\skaspers\OneDrive - Capgemini\Documents\Prompted Testsuite Analysis\.\datasets\GPT_4\Chain_of_thought1\tests\test_092.py", line 27, in test_boolean_input
    def test_boolean_input(self): self.assertEqual(next_power_of_2(True), 1)
AssertionError: 2 != 1

   - [#   8] LOR datasets.GPT_4.Chain_of_thought1.programs.program_092: [5.03936 s] timeout
   - [#   9] LOR datasets.GPT_4.Chain_of_thought1.programs.program_092: [0.00095 s] killed by test_five (datasets.GPT_4.Chain_of_thought1.tests.test_092.TestVersion)

Traceback (most recent call last):
  File "C:\Users\skaspers\OneDrive - Capgemini\Documents\Prompted Testsuite Analysis\.\datasets\GPT_4\Chain_of_thought1\tests\test_092.py", line 9, in test_five
    def test_five(self): self.assertEqual(next_power_of_2(5), 8)
AssertionError: 0 != 8

   - [#  10] ROR datasets.GPT_4.Chain_of_thought1.programs.program_092: [0.00096 s] killed by test_five (datasets.GPT_4.Chain_of_thought1.tests.test_092.TestVersion)

Traceback (most recent call last):
  File "C:\Users\skaspers\OneDrive - Capgemini\Documents\Prompted Testsuite Analysis\.\datasets\GPT_4\Chain_of_thought1\tests\test_092.py", line 9, in test_five
    def test_five(self): self.assertEqual(next_power_of_2(5), 8)
AssertionError: 1 != 8

[*] Mutation score [5.10668 s]: 100.0%
   - all: 10
   - killed: 9 (90.0%)
   - survived: 0 (0.0%)
   - incompetent: 0 (0.0%)
   - timeout: 1 (10.0%)
HI SANDER, RUNNING MUTPY FROM: C:\Users\skaspers\OneDrive - Capgemini\Documents\Prompted Testsuite Analysis\.venv38\lib\site-packages\mutpy\commandline.py
