[*] Start mutation process:
   - targets: datasets.GPT_4.Chain_of_thought1.programs.program_089
   - tests: datasets.GPT_4.Chain_of_thought1.tests.test_089
[*] 8 tests passed:
   - datasets.GPT_4.Chain_of_thought1.tests.test_089 [0.00000 s]
[*] Start mutants generation and execution:
   - [#   1] AOR datasets.GPT_4.Chain_of_thought1.programs.program_089: [5.03788 s] timeout
   - [#   2] AOR datasets.GPT_4.Chain_of_thought1.programs.program_089: [5.03874 s] timeout
   - [#   3] AOR datasets.GPT_4.Chain_of_thought1.programs.program_089: [0.00096 s] survived
   - [#   4] AOR datasets.GPT_4.Chain_of_thought1.programs.program_089: [0.00000 s] killed by test_different_sums (datasets.GPT_4.Chain_of_thought1.tests.test_089.TestVersion)

Traceback (most recent call last):
  File "C:\Users\skaspers\OneDrive - Capgemini\Documents\Prompted Testsuite Analysis\.\datasets\GPT_4\Chain_of_thought1\tests\test_089.py", line 5, in test_different_sums
    def test_different_sums(self): self.assertFalse(are_equivalent(10, 14))
AssertionError: True is not false

   - [#   5] AOR datasets.GPT_4.Chain_of_thought1.programs.program_089: [0.00095 s] survived
   - [#   6] AOR datasets.GPT_4.Chain_of_thought1.programs.program_089: [0.00000 s] survived
   - [#   7] AOR datasets.GPT_4.Chain_of_thought1.programs.program_089: [0.00000 s] survived
   - [#   8] AOR datasets.GPT_4.Chain_of_thought1.programs.program_089: [0.00101 s] survived
   - [#   9] ASR datasets.GPT_4.Chain_of_thought1.programs.program_089: [0.00301 s] killed by test_different_sums (datasets.GPT_4.Chain_of_thought1.tests.test_089.TestVersion)

Traceback (most recent call last):
  File "C:\Users\skaspers\OneDrive - Capgemini\Documents\Prompted Testsuite Analysis\.\datasets\GPT_4\Chain_of_thought1\tests\test_089.py", line 5, in test_different_sums
    def test_different_sums(self): self.assertFalse(are_equivalent(10, 14))
  File "datasets.GPT_4.Chain_of_thought1.programs.program_089", line 14, in are_equivalent
  File "datasets.GPT_4.Chain_of_thought1.programs.program_089", line 7, in div_sum
ZeroDivisionError: integer division or modulo by zero

   - [#  10] COI datasets.GPT_4.Chain_of_thought1.programs.program_089: [5.02514 s] timeout
   - [#  11] COI datasets.GPT_4.Chain_of_thought1.programs.program_089: [0.00102 s] killed by test_negative_input (datasets.GPT_4.Chain_of_thought1.tests.test_089.TestVersion)

Traceback (most recent call last):
  File "C:\Users\skaspers\OneDrive - Capgemini\Documents\Prompted Testsuite Analysis\.\datasets\GPT_4\Chain_of_thought1\tests\test_089.py", line 17, in test_negative_input
    def test_negative_input(self): self.assertFalse(are_equivalent(-6, 6))
AssertionError: True is not false

   - [#  12] ROR datasets.GPT_4.Chain_of_thought1.programs.program_089: [5.03524 s] timeout
   - [#  13] ROR datasets.GPT_4.Chain_of_thought1.programs.program_089: [0.00096 s] survived
   - [#  14] ROR datasets.GPT_4.Chain_of_thought1.programs.program_089: [0.00102 s] killed by test_negative_input (datasets.GPT_4.Chain_of_thought1.tests.test_089.TestVersion)

Traceback (most recent call last):
  File "C:\Users\skaspers\OneDrive - Capgemini\Documents\Prompted Testsuite Analysis\.\datasets\GPT_4\Chain_of_thought1\tests\test_089.py", line 17, in test_negative_input
    def test_negative_input(self): self.assertFalse(are_equivalent(-6, 6))
AssertionError: True is not false

   - [#  15] ROR datasets.GPT_4.Chain_of_thought1.programs.program_089: [0.00000 s] killed by test_both_ones (datasets.GPT_4.Chain_of_thought1.tests.test_089.TestVersion)

Traceback (most recent call last):
  File "C:\Users\skaspers\OneDrive - Capgemini\Documents\Prompted Testsuite Analysis\.\datasets\GPT_4\Chain_of_thought1\tests\test_089.py", line 11, in test_both_ones
    def test_both_ones(self): self.assertTrue(are_equivalent(1, 1))
AssertionError: False is not true

[*] Mutation score [20.24160 s]: 60.0%
   - all: 15
   - killed: 5 (33.3%)
   - survived: 6 (40.0%)
   - incompetent: 0 (0.0%)
   - timeout: 4 (26.7%)
HI SANDER, RUNNING MUTPY FROM: C:\Users\skaspers\OneDrive - Capgemini\Documents\Prompted Testsuite Analysis\.venv38\lib\site-packages\mutpy\commandline.py
