[*] Start mutation process:
   - targets: datasets.GPT_4.Chain_of_thought1.programs.program_051
   - tests: datasets.GPT_4.Chain_of_thought1.tests.test_051
[*] 9 tests passed:
   - datasets.GPT_4.Chain_of_thought1.tests.test_051 [0.00000 s]
[*] Start mutants generation and execution:
   - [#   1] AOR datasets.GPT_4.Chain_of_thought1.programs.program_051: [0.00000 s] killed by test_known_value_2_1 (datasets.GPT_4.Chain_of_thought1.tests.test_051.TestVersion)

Traceback (most recent call last):
  File "C:\Users\skaspers\OneDrive - Capgemini\Documents\Prompted Testsuite Analysis\.\datasets\GPT_4\Chain_of_thought1\tests\test_051.py", line 11, in test_known_value_2_1
    def test_known_value_2_1(self): self.assertEqual(eulerian_num(2, 1), 1)
AssertionError: 3 != 1

   - [#   2] AOR datasets.GPT_4.Chain_of_thought1.programs.program_051: [0.00000 s] killed by test_known_value_4_2 (datasets.GPT_4.Chain_of_thought1.tests.test_051.TestVersion)

Traceback (most recent call last):
  File "C:\Users\skaspers\OneDrive - Capgemini\Documents\Prompted Testsuite Analysis\.\datasets\GPT_4\Chain_of_thought1\tests\test_051.py", line 17, in test_known_value_4_2
    def test_known_value_4_2(self): self.assertEqual(eulerian_num(4, 2), 11)
AssertionError: 3.5 != 11

   - [#   3] AOR datasets.GPT_4.Chain_of_thought1.programs.program_051: [0.00000 s] killed by test_known_value_4_2 (datasets.GPT_4.Chain_of_thought1.tests.test_051.TestVersion)

Traceback (most recent call last):
  File "C:\Users\skaspers\OneDrive - Capgemini\Documents\Prompted Testsuite Analysis\.\datasets\GPT_4\Chain_of_thought1\tests\test_051.py", line 17, in test_known_value_4_2
    def test_known_value_4_2(self): self.assertEqual(eulerian_num(4, 2), 11)
AssertionError: 3 != 11

   - [#   4] AOR datasets.GPT_4.Chain_of_thought1.programs.program_051: [0.00000 s] killed by test_known_value_4_2 (datasets.GPT_4.Chain_of_thought1.tests.test_051.TestVersion)

Traceback (most recent call last):
  File "C:\Users\skaspers\OneDrive - Capgemini\Documents\Prompted Testsuite Analysis\.\datasets\GPT_4\Chain_of_thought1\tests\test_051.py", line 17, in test_known_value_4_2
    def test_known_value_4_2(self): self.assertEqual(eulerian_num(4, 2), 11)
AssertionError: 19 != 11

   - [#   5] AOR datasets.GPT_4.Chain_of_thought1.programs.program_051: [0.00000 s] killed by test_known_value_4_2 (datasets.GPT_4.Chain_of_thought1.tests.test_051.TestVersion)

Traceback (most recent call last):
  File "C:\Users\skaspers\OneDrive - Capgemini\Documents\Prompted Testsuite Analysis\.\datasets\GPT_4\Chain_of_thought1\tests\test_051.py", line 17, in test_known_value_4_2
    def test_known_value_4_2(self): self.assertEqual(eulerian_num(4, 2), 11)
AssertionError: 85 != 11

   - [#   6] AOR datasets.GPT_4.Chain_of_thought1.programs.program_051: [0.00000 s] killed by test_known_value_2_1 (datasets.GPT_4.Chain_of_thought1.tests.test_051.TestVersion)

Traceback (most recent call last):
  File "C:\Users\skaspers\OneDrive - Capgemini\Documents\Prompted Testsuite Analysis\.\datasets\GPT_4\Chain_of_thought1\tests\test_051.py", line 11, in test_known_value_2_1
    def test_known_value_2_1(self): self.assertEqual(eulerian_num(2, 1), 1)
AssertionError: 0 != 1

   - [#   7] AOR datasets.GPT_4.Chain_of_thought1.programs.program_051: [0.00000 s] killed by test_known_value_3_1 (datasets.GPT_4.Chain_of_thought1.tests.test_051.TestVersion)

Traceback (most recent call last):
  File "C:\Users\skaspers\OneDrive - Capgemini\Documents\Prompted Testsuite Analysis\.\datasets\GPT_4\Chain_of_thought1\tests\test_051.py", line 13, in test_known_value_3_1
    def test_known_value_3_1(self): self.assertEqual(eulerian_num(3, 1), 4)
AssertionError: 0 != 4

   - [#   8] AOR datasets.GPT_4.Chain_of_thought1.programs.program_051: [0.00000 s] killed by test_known_value_3_1 (datasets.GPT_4.Chain_of_thought1.tests.test_051.TestVersion)

Traceback (most recent call last):
  File "C:\Users\skaspers\OneDrive - Capgemini\Documents\Prompted Testsuite Analysis\.\datasets\GPT_4\Chain_of_thought1\tests\test_051.py", line 13, in test_known_value_3_1
    def test_known_value_3_1(self): self.assertEqual(eulerian_num(3, 1), 4)
AssertionError: 2 != 4

   - [#   9] AOR datasets.GPT_4.Chain_of_thought1.programs.program_051: [0.00000 s] killed by test_known_value_2_1 (datasets.GPT_4.Chain_of_thought1.tests.test_051.TestVersion)

Traceback (most recent call last):
  File "C:\Users\skaspers\OneDrive - Capgemini\Documents\Prompted Testsuite Analysis\.\datasets\GPT_4\Chain_of_thought1\tests\test_051.py", line 11, in test_known_value_2_1
    def test_known_value_2_1(self): self.assertEqual(eulerian_num(2, 1), 1)
  File "datasets.GPT_4.Chain_of_thought1.programs.program_051", line 6, in eulerian_num
ZeroDivisionError: division by zero

   - [#  10] AOR datasets.GPT_4.Chain_of_thought1.programs.program_051: [0.00000 s] killed by test_known_value_2_1 (datasets.GPT_4.Chain_of_thought1.tests.test_051.TestVersion)

Traceback (most recent call last):
  File "C:\Users\skaspers\OneDrive - Capgemini\Documents\Prompted Testsuite Analysis\.\datasets\GPT_4\Chain_of_thought1\tests\test_051.py", line 11, in test_known_value_2_1
    def test_known_value_2_1(self): self.assertEqual(eulerian_num(2, 1), 1)
  File "datasets.GPT_4.Chain_of_thought1.programs.program_051", line 6, in eulerian_num
ZeroDivisionError: integer division or modulo by zero

   - [#  11] AOR datasets.GPT_4.Chain_of_thought1.programs.program_051: [0.00000 s] killed by test_known_value_2_1 (datasets.GPT_4.Chain_of_thought1.tests.test_051.TestVersion)

Traceback (most recent call last):
  File "C:\Users\skaspers\OneDrive - Capgemini\Documents\Prompted Testsuite Analysis\.\datasets\GPT_4\Chain_of_thought1\tests\test_051.py", line 11, in test_known_value_2_1
    def test_known_value_2_1(self): self.assertEqual(eulerian_num(2, 1), 1)
AssertionError: 2 != 1

   - [#  12] AOR datasets.GPT_4.Chain_of_thought1.programs.program_051: [0.23613 s] killed by test_known_value_2_1 (datasets.GPT_4.Chain_of_thought1.tests.test_051.TestVersion)

Traceback (most recent call last):
  File "C:\Users\skaspers\OneDrive - Capgemini\Documents\Prompted Testsuite Analysis\.\datasets\GPT_4\Chain_of_thought1\tests\test_051.py", line 11, in test_known_value_2_1
    def test_known_value_2_1(self): self.assertEqual(eulerian_num(2, 1), 1)
  File "datasets.GPT_4.Chain_of_thought1.programs.program_051", line 6, in eulerian_num
  File "datasets.GPT_4.Chain_of_thought1.programs.program_051", line 6, in eulerian_num
  File "datasets.GPT_4.Chain_of_thought1.programs.program_051", line 6, in eulerian_num
  [Previous line repeated 983 more times]
  File "datasets.GPT_4.Chain_of_thought1.programs.program_051", line 2, in eulerian_num
RecursionError: maximum recursion depth exceeded in comparison

   - [#  13] COI datasets.GPT_4.Chain_of_thought1.programs.program_051: [0.01209 s] killed by test_known_value_2_1 (datasets.GPT_4.Chain_of_thought1.tests.test_051.TestVersion)

Traceback (most recent call last):
  File "C:\Users\skaspers\OneDrive - Capgemini\Documents\Prompted Testsuite Analysis\.\datasets\GPT_4\Chain_of_thought1\tests\test_051.py", line 11, in test_known_value_2_1
    def test_known_value_2_1(self): self.assertEqual(eulerian_num(2, 1), 1)
AssertionError: 0 != 1

   - [#  14] COI datasets.GPT_4.Chain_of_thought1.programs.program_051: [0.00000 s] killed by test_known_value_3_1 (datasets.GPT_4.Chain_of_thought1.tests.test_051.TestVersion)

Traceback (most recent call last):
  File "C:\Users\skaspers\OneDrive - Capgemini\Documents\Prompted Testsuite Analysis\.\datasets\GPT_4\Chain_of_thought1\tests\test_051.py", line 13, in test_known_value_3_1
    def test_known_value_3_1(self): self.assertEqual(eulerian_num(3, 1), 4)
AssertionError: 1 != 4

   - [#  15] LCR datasets.GPT_4.Chain_of_thought1.programs.program_051: [0.24789 s] killed by test_negative_input (datasets.GPT_4.Chain_of_thought1.tests.test_051.TestVersion)

Traceback (most recent call last):
  File "C:\Users\skaspers\OneDrive - Capgemini\Documents\Prompted Testsuite Analysis\.\datasets\GPT_4\Chain_of_thought1\tests\test_051.py", line 19, in test_negative_input
    def test_negative_input(self): self.assertEqual(eulerian_num(-1, 2), 0); self.assertEqual(eulerian_num(3, -1), 0)
  File "datasets.GPT_4.Chain_of_thought1.programs.program_051", line 6, in eulerian_num
  File "datasets.GPT_4.Chain_of_thought1.programs.program_051", line 6, in eulerian_num
  File "datasets.GPT_4.Chain_of_thought1.programs.program_051", line 6, in eulerian_num
  [Previous line repeated 983 more times]
  File "datasets.GPT_4.Chain_of_thought1.programs.program_051", line 2, in eulerian_num
RecursionError: maximum recursion depth exceeded in comparison

   - [#  16] ROR datasets.GPT_4.Chain_of_thought1.programs.program_051: [0.00053 s] killed by test_known_value_2_1 (datasets.GPT_4.Chain_of_thought1.tests.test_051.TestVersion)

Traceback (most recent call last):
  File "C:\Users\skaspers\OneDrive - Capgemini\Documents\Prompted Testsuite Analysis\.\datasets\GPT_4\Chain_of_thought1\tests\test_051.py", line 11, in test_known_value_2_1
    def test_known_value_2_1(self): self.assertEqual(eulerian_num(2, 1), 1)
AssertionError: 0 != 1

   - [#  17] ROR datasets.GPT_4.Chain_of_thought1.programs.program_051: [0.00101 s] survived
   - [#  18] ROR datasets.GPT_4.Chain_of_thought1.programs.program_051: [0.00121 s] killed by test_known_value_2_1 (datasets.GPT_4.Chain_of_thought1.tests.test_051.TestVersion)

Traceback (most recent call last):
  File "C:\Users\skaspers\OneDrive - Capgemini\Documents\Prompted Testsuite Analysis\.\datasets\GPT_4\Chain_of_thought1\tests\test_051.py", line 11, in test_known_value_2_1
    def test_known_value_2_1(self): self.assertEqual(eulerian_num(2, 1), 1)
AssertionError: 0 != 1

   - [#  19] ROR datasets.GPT_4.Chain_of_thought1.programs.program_051: [0.00000 s] killed by test_known_value_3_1 (datasets.GPT_4.Chain_of_thought1.tests.test_051.TestVersion)

Traceback (most recent call last):
  File "C:\Users\skaspers\OneDrive - Capgemini\Documents\Prompted Testsuite Analysis\.\datasets\GPT_4\Chain_of_thought1\tests\test_051.py", line 13, in test_known_value_3_1
    def test_known_value_3_1(self): self.assertEqual(eulerian_num(3, 1), 4)
AssertionError: 1 != 4

[*] Mutation score [0.56663 s]: 94.7%
   - all: 19
   - killed: 18 (94.7%)
   - survived: 1 (5.3%)
   - incompetent: 0 (0.0%)
   - timeout: 0 (0.0%)
HI SANDER, RUNNING MUTPY FROM: C:\Users\skaspers\OneDrive - Capgemini\Documents\Prompted Testsuite Analysis\.venv38\lib\site-packages\mutpy\commandline.py
