[*] Start mutation process:
   - targets: datasets.pynguin.programs.program_025
   - tests: datasets.pynguin.tests.test_025
[*] 3 tests passed:
   - datasets.pynguin.tests.test_025 [0.00000 s]
[*] Start mutants generation and execution:
   - [#   1] AOR datasets.pynguin.programs.program_025: [0.00201 s] killed by test_case_1 (datasets.pynguin.tests.test_025.TestAll)

Traceback (most recent call last):
  File "C:\Users\skaspers\OneDrive - Capgemini\Documents\Prompted Testsuite Analysis\.\datasets\pynguin\tests\test_025.py", line 24, in test_case_1
    var_2 = module_0.is_samepatterns(str_3, str_4)
  File "datasets.pynguin.programs.program_025", line 23, in is_samepatterns
IndexError: list index out of range

   - [#   2] AOR datasets.pynguin.programs.program_025: [0.00000 s] survived
   - [#   3] COD datasets.pynguin.programs.program_025: [0.00100 s] killed by test_case_1 (datasets.pynguin.tests.test_025.TestAll)

Traceback (most recent call last):
  File "C:\Users\skaspers\OneDrive - Capgemini\Documents\Prompted Testsuite Analysis\.\datasets\pynguin\tests\test_025.py", line 24, in test_case_1
    var_2 = module_0.is_samepatterns(str_3, str_4)
  File "datasets.pynguin.programs.program_025", line 13, in is_samepatterns
KeyError: '\t'

   - [#   4] COI datasets.pynguin.programs.program_025: [0.00059 s] killed by test_case_0 (datasets.pynguin.tests.test_025.TestAll)

Traceback (most recent call last):
  File "C:\Users\skaspers\OneDrive - Capgemini\Documents\Prompted Testsuite Analysis\.\datasets\pynguin\tests\test_025.py", line 9, in test_case_0
    assert var_0 is False
AssertionError

   - [#   5] COI datasets.pynguin.programs.program_025: [0.00029 s] killed by test_case_1 (datasets.pynguin.tests.test_025.TestAll)

Traceback (most recent call last):
  File "C:\Users\skaspers\OneDrive - Capgemini\Documents\Prompted Testsuite Analysis\.\datasets\pynguin\tests\test_025.py", line 24, in test_case_1
    var_2 = module_0.is_samepatterns(str_3, str_4)
  File "datasets.pynguin.programs.program_025", line 13, in is_samepatterns
KeyError: '\t'

   - [#   6] COI datasets.pynguin.programs.program_025: [0.00101 s] killed by test_case_2 (datasets.pynguin.tests.test_025.TestAll)

Traceback (most recent call last):
  File "C:\Users\skaspers\OneDrive - Capgemini\Documents\Prompted Testsuite Analysis\.\datasets\pynguin\tests\test_025.py", line 45, in test_case_2
    assert var_3 is True
AssertionError

   - [#   7] COI datasets.pynguin.programs.program_025: [0.00101 s] killed by test_case_1 (datasets.pynguin.tests.test_025.TestAll)

Traceback (most recent call last):
  File "C:\Users\skaspers\OneDrive - Capgemini\Documents\Prompted Testsuite Analysis\.\datasets\pynguin\tests\test_025.py", line 25, in test_case_1
    assert var_2 is False
AssertionError

   - [#   8] ROR datasets.pynguin.programs.program_025: [0.00101 s] killed by test_case_0 (datasets.pynguin.tests.test_025.TestAll)

Traceback (most recent call last):
  File "C:\Users\skaspers\OneDrive - Capgemini\Documents\Prompted Testsuite Analysis\.\datasets\pynguin\tests\test_025.py", line 9, in test_case_0
    assert var_0 is False
AssertionError

   - [#   9] ROR datasets.pynguin.programs.program_025: [0.00100 s] killed by test_case_2 (datasets.pynguin.tests.test_025.TestAll)

Traceback (most recent call last):
  File "C:\Users\skaspers\OneDrive - Capgemini\Documents\Prompted Testsuite Analysis\.\datasets\pynguin\tests\test_025.py", line 45, in test_case_2
    assert var_3 is True
AssertionError

   - [#  10] ROR datasets.pynguin.programs.program_025: [0.00000 s] killed by test_case_1 (datasets.pynguin.tests.test_025.TestAll)

Traceback (most recent call last):
  File "C:\Users\skaspers\OneDrive - Capgemini\Documents\Prompted Testsuite Analysis\.\datasets\pynguin\tests\test_025.py", line 25, in test_case_1
    assert var_2 is False
AssertionError

[*] Mutation score [0.13394 s]: 90.0%
   - all: 10
   - killed: 9 (90.0%)
   - survived: 1 (10.0%)
   - incompetent: 0 (0.0%)
   - timeout: 0 (0.0%)
