[*] Start mutation process:
   - targets: datasets.pynguin.programs.program_020
   - tests: datasets.pynguin.tests.test_020
[*] 3 tests passed:
   - datasets.pynguin.tests.test_020 [0.00000 s]
[*] Start mutants generation and execution:
   - [#   1] AOR datasets.pynguin.programs.program_020: [0.00000 s] survived
   - [#   2] AOR datasets.pynguin.programs.program_020: [0.01553 s] killed by test_case_0 (datasets.pynguin.tests.test_020.TestAll)

Traceback (most recent call last):
  File "C:\Users\skaspers\OneDrive - Capgemini\Documents\Prompted Testsuite Analysis\.\datasets\pynguin\tests\test_020.py", line 7, in test_case_0
    var_0 = module_0.is_Monotonic(dict_0)
  File "datasets.pynguin.programs.program_020", line 2, in is_Monotonic
  File "datasets.pynguin.programs.program_020", line 2, in <genexpr>
KeyError: 0

   - [#   3] AOR datasets.pynguin.programs.program_020: [0.00000 s] killed by test_case_2 (datasets.pynguin.tests.test_020.TestAll)

Traceback (most recent call last):
  File "C:\Users\skaspers\OneDrive - Capgemini\Documents\Prompted Testsuite Analysis\.\datasets\pynguin\tests\test_020.py", line 21, in test_case_2
    assert var_0 is True
AssertionError

   - [#   4] AOR datasets.pynguin.programs.program_020: [0.00000 s] killed by test_case_2 (datasets.pynguin.tests.test_020.TestAll)

Traceback (most recent call last):
  File "C:\Users\skaspers\OneDrive - Capgemini\Documents\Prompted Testsuite Analysis\.\datasets\pynguin\tests\test_020.py", line 20, in test_case_2
    var_0 = module_0.is_Monotonic(bytes_0)
  File "datasets.pynguin.programs.program_020", line 3, in is_Monotonic
  File "datasets.pynguin.programs.program_020", line 3, in <genexpr>
IndexError: index out of range

   - [#   5] LCR datasets.pynguin.programs.program_020: [0.00000 s] killed by test_case_2 (datasets.pynguin.tests.test_020.TestAll)

Traceback (most recent call last):
  File "C:\Users\skaspers\OneDrive - Capgemini\Documents\Prompted Testsuite Analysis\.\datasets\pynguin\tests\test_020.py", line 21, in test_case_2
    assert var_0 is True
AssertionError

   - [#   6] ROR datasets.pynguin.programs.program_020: [0.00000 s] survived
   - [#   7] ROR datasets.pynguin.programs.program_020: [0.00000 s] survived
   - [#   8] ROR datasets.pynguin.programs.program_020: [0.00000 s] killed by test_case_2 (datasets.pynguin.tests.test_020.TestAll)

Traceback (most recent call last):
  File "C:\Users\skaspers\OneDrive - Capgemini\Documents\Prompted Testsuite Analysis\.\datasets\pynguin\tests\test_020.py", line 21, in test_case_2
    assert var_0 is True
AssertionError

   - [#   9] ROR datasets.pynguin.programs.program_020: [0.00000 s] survived
[*] Mutation score [0.09523 s]: 55.6%
   - all: 9
   - killed: 5 (55.6%)
   - survived: 4 (44.4%)
   - incompetent: 0 (0.0%)
   - timeout: 0 (0.0%)
