[*] Start mutation process:
   - targets: datasets.pynguin.programs.program_041
   - tests: datasets.pynguin.tests.test_041
[*] 1 tests passed:
   - datasets.pynguin.tests.test_041 [0.00100 s]
[*] Start mutants generation and execution:
   - [#   1] AOR datasets.pynguin.programs.program_041: [0.00100 s] survived
   - [#   2] AOR datasets.pynguin.programs.program_041: [0.00000 s] survived
   - [#   3] AOR datasets.pynguin.programs.program_041: [0.00000 s] survived
   - [#   4] AOR datasets.pynguin.programs.program_041: [0.00000 s] survived
   - [#   5] COI datasets.pynguin.programs.program_041: [0.00100 s] killed by test_case_0 (datasets.pynguin.tests.test_041.TestAll)

Traceback (most recent call last):
  File "C:\Users\skaspers\OneDrive - Capgemini\Documents\Prompted Testsuite Analysis\.\datasets\pynguin\tests\test_041.py", line 11, in test_case_0
    assert var_0 == b'\x82'
AssertionError

   - [#   6] COI datasets.pynguin.programs.program_041: [0.00000 s] killed by test_case_0 (datasets.pynguin.tests.test_041.TestAll)

Traceback (most recent call last):
  File "C:\Users\skaspers\OneDrive - Capgemini\Documents\Prompted Testsuite Analysis\.\datasets\pynguin\tests\test_041.py", line 11, in test_case_0
    assert var_0 == b'\x82'
AssertionError

   - [#   7] COI datasets.pynguin.programs.program_041: [0.00100 s] survived
   - [#   8] ROR datasets.pynguin.programs.program_041: [0.00100 s] killed by test_case_0 (datasets.pynguin.tests.test_041.TestAll)

Traceback (most recent call last):
  File "C:\Users\skaspers\OneDrive - Capgemini\Documents\Prompted Testsuite Analysis\.\datasets\pynguin\tests\test_041.py", line 11, in test_case_0
    assert var_0 == b'\x82'
AssertionError

   - [#   9] ROR datasets.pynguin.programs.program_041: [0.00100 s] killed by test_case_0 (datasets.pynguin.tests.test_041.TestAll)

Traceback (most recent call last):
  File "C:\Users\skaspers\OneDrive - Capgemini\Documents\Prompted Testsuite Analysis\.\datasets\pynguin\tests\test_041.py", line 11, in test_case_0
    assert var_0 == b'\x82'
AssertionError

   - [#  10] ROR datasets.pynguin.programs.program_041: [0.00100 s] survived
[*] Mutation score [0.05754 s]: 40.0%
   - all: 10
   - killed: 4 (40.0%)
   - survived: 6 (60.0%)
   - incompetent: 0 (0.0%)
   - timeout: 0 (0.0%)
HI SANDER, RUNNING MUTPY FROM: C:\Users\skaspers\OneDrive - Capgemini\Documents\Prompted Testsuite Analysis\.venv38\lib\site-packages\mutpy\commandline.py
