[*] Start mutation process:
   - targets: datasets.pynguin.programs.program_096
   - tests: datasets.pynguin.tests.test_096
[*] 4 tests passed:
   - datasets.pynguin.tests.test_096 [0.00000 s]
[*] Start mutants generation and execution:
   - [#   1] AOR datasets.pynguin.programs.program_096: [0.01047 s] killed by test_case_0 (datasets.pynguin.tests.test_096.TestAll)

Traceback (most recent call last):
  File "C:\Users\skaspers\OneDrive - Capgemini\Documents\Prompted Testsuite Analysis\.\datasets\pynguin\tests\test_096.py", line 7, in test_case_0
    var_0 = module_0.count_occurance(bytes_0)
  File "datasets.pynguin.programs.program_096", line 4, in count_occurance
IndexError: index out of range

   - [#   2] AOR datasets.pynguin.programs.program_096: [0.00094 s] survived
   - [#   3] AOR datasets.pynguin.programs.program_096: [0.00099 s] survived
   - [#   4] AOR datasets.pynguin.programs.program_096: [0.00101 s] survived
   - [#   5] COI datasets.pynguin.programs.program_096: [0.00000 s] killed by test_case_0 (datasets.pynguin.tests.test_096.TestAll)

Traceback (most recent call last):
  File "C:\Users\skaspers\OneDrive - Capgemini\Documents\Prompted Testsuite Analysis\.\datasets\pynguin\tests\test_096.py", line 8, in test_case_0
    assert var_0 == 0
AssertionError

   - [#   6] LCR datasets.pynguin.programs.program_096: [0.00000 s] killed by test_case_2 (datasets.pynguin.tests.test_096.TestAll)

Traceback (most recent call last):
  File "C:\Users\skaspers\OneDrive - Capgemini\Documents\Prompted Testsuite Analysis\.\datasets\pynguin\tests\test_096.py", line 22, in test_case_2
    assert var_0 == 0
AssertionError

   - [#   7] ROR datasets.pynguin.programs.program_096: [0.00099 s] survived
   - [#   8] ROR datasets.pynguin.programs.program_096: [0.00000 s] survived
   - [#   9] ROR datasets.pynguin.programs.program_096: [0.00000 s] killed by test_case_3 (datasets.pynguin.tests.test_096.TestAll)

Traceback (most recent call last):
  File "C:\Users\skaspers\OneDrive - Capgemini\Documents\Prompted Testsuite Analysis\.\datasets\pynguin\tests\test_096.py", line 29, in test_case_3
    assert var_0 == 0
AssertionError

[*] Mutation score [0.07287 s]: 44.4%
   - all: 9
   - killed: 4 (44.4%)
   - survived: 5 (55.6%)
   - incompetent: 0 (0.0%)
   - timeout: 0 (0.0%)
