[*] Start mutation process:
   - targets: datasets.pynguin.programs.program_070
   - tests: datasets.pynguin.tests.test_070
[*] 1 tests passed:
   - datasets.pynguin.tests.test_070 [0.00000 s]
[*] Start mutants generation and execution:
   - [#   1] COI datasets.pynguin.programs.program_070: [0.00000 s] killed by test_case_0 (datasets.pynguin.tests.test_070.TestAll)

Traceback (most recent call last):
  File "C:\Users\skaspers\OneDrive - Capgemini\Documents\Prompted Testsuite Analysis\.\datasets\pynguin\tests\test_070.py", line 11, in test_case_0
    assert var_0 == ['wTR+,HMT5K~\nOK']
AssertionError

   - [#   2] ROR datasets.pynguin.programs.program_070: [0.00000 s] killed by test_case_0 (datasets.pynguin.tests.test_070.TestAll)

Traceback (most recent call last):
  File "C:\Users\skaspers\OneDrive - Capgemini\Documents\Prompted Testsuite Analysis\.\datasets\pynguin\tests\test_070.py", line 11, in test_case_0
    assert var_0 == ['wTR+,HMT5K~\nOK']
AssertionError

   - [#   3] ROR datasets.pynguin.programs.program_070: [0.00101 s] survived
[*] Mutation score [0.03728 s]: 66.7%
   - all: 3
   - killed: 2 (66.7%)
   - survived: 1 (33.3%)
   - incompetent: 0 (0.0%)
   - timeout: 0 (0.0%)
HI SANDER, RUNNING MUTPY FROM: C:\Users\skaspers\OneDrive - Capgemini\Documents\Prompted Testsuite Analysis\.venv38\lib\site-packages\mutpy\commandline.py
