[*] Start mutation process:
   - targets: datasets.pynguin.programs.program_067
   - tests: datasets.pynguin.tests.test_067
[*] 2 tests passed:
   - datasets.pynguin.tests.test_067 [0.00051 s]
[*] Start mutants generation and execution:
   - [#   1] AOD datasets.pynguin.programs.program_067: [0.00000 s] killed by test_case_1 (datasets.pynguin.tests.test_067.TestAll)

Traceback (most recent call last):
  File "C:\Users\skaspers\OneDrive - Capgemini\Documents\Prompted Testsuite Analysis\.\datasets\pynguin\tests\test_067.py", line 15, in test_case_1
    assert var_0 == 0
AssertionError

   - [#   2] AOR datasets.pynguin.programs.program_067: [0.00000 s] killed by test_case_1 (datasets.pynguin.tests.test_067.TestAll)

Traceback (most recent call last):
  File "C:\Users\skaspers\OneDrive - Capgemini\Documents\Prompted Testsuite Analysis\.\datasets\pynguin\tests\test_067.py", line 15, in test_case_1
    assert var_0 == 0
AssertionError

   - [#   3] ASR datasets.pynguin.programs.program_067: [0.00000 s] killed by test_case_1 (datasets.pynguin.tests.test_067.TestAll)

Traceback (most recent call last):
  File "C:\Users\skaspers\OneDrive - Capgemini\Documents\Prompted Testsuite Analysis\.\datasets\pynguin\tests\test_067.py", line 15, in test_case_1
    assert var_0 == 0
AssertionError

   - [#   4] COI datasets.pynguin.programs.program_067: [0.00000 s] survived
   - [#   5] ROR datasets.pynguin.programs.program_067: [0.00000 s] killed by test_case_1 (datasets.pynguin.tests.test_067.TestAll)

Traceback (most recent call last):
  File "C:\Users\skaspers\OneDrive - Capgemini\Documents\Prompted Testsuite Analysis\.\datasets\pynguin\tests\test_067.py", line 15, in test_case_1
    assert var_0 == 0
AssertionError

   - [#   6] ROR datasets.pynguin.programs.program_067: [0.00000 s] survived
   - [#   7] ROR datasets.pynguin.programs.program_067: [0.00000 s] survived
[*] Mutation score [0.05318 s]: 57.1%
   - all: 7
   - killed: 4 (57.1%)
   - survived: 3 (42.9%)
   - incompetent: 0 (0.0%)
   - timeout: 0 (0.0%)
