[*] Start mutation process:
   - targets: datasets.pynguin.programs.program_031
   - tests: datasets.pynguin.tests.test_031
[*] 1 tests passed:
   - datasets.pynguin.tests.test_031 [0.00000 s]
[*] Start mutants generation and execution:
   - [#   1] AOR datasets.pynguin.programs.program_031: [0.00100 s] survived
   - [#   2] AOR datasets.pynguin.programs.program_031: [0.00000 s] survived
   - [#   3] AOR datasets.pynguin.programs.program_031: [0.00100 s] survived
   - [#   4] AOR datasets.pynguin.programs.program_031: [0.00000 s] survived
   - [#   5] AOR datasets.pynguin.programs.program_031: [0.00091 s] survived
   - [#   6] AOR datasets.pynguin.programs.program_031: [0.00000 s] survived
   - [#   7] ASR datasets.pynguin.programs.program_031: [0.00100 s] survived
   - [#   8] COI datasets.pynguin.programs.program_031: [0.00200 s] killed by test_case_0 (datasets.pynguin.tests.test_031.TestAll)

Traceback (most recent call last):
  File "C:\Users\skaspers\OneDrive - Capgemini\Documents\Prompted Testsuite Analysis\.\datasets\pynguin\tests\test_031.py", line 10, in test_case_0
    assert var_0 == 122
AssertionError

   - [#   9] ROR datasets.pynguin.programs.program_031: [0.00100 s] killed by test_case_0 (datasets.pynguin.tests.test_031.TestAll)

Traceback (most recent call last):
  File "C:\Users\skaspers\OneDrive - Capgemini\Documents\Prompted Testsuite Analysis\.\datasets\pynguin\tests\test_031.py", line 10, in test_case_0
    assert var_0 == 122
AssertionError

[*] Mutation score [0.07117 s]: 22.2%
   - all: 9
   - killed: 2 (22.2%)
   - survived: 7 (77.8%)
   - incompetent: 0 (0.0%)
   - timeout: 0 (0.0%)
HI SANDER, RUNNING MUTPY FROM: C:\Users\skaspers\OneDrive - Capgemini\Documents\Prompted Testsuite Analysis\.venv38\lib\site-packages\mutpy\commandline.py
