[*] Start mutation process:
   - targets: datasets.pynguin.programs.program_090
   - tests: datasets.pynguin.tests.test_090
[*] 1 tests passed:
   - datasets.pynguin.tests.test_090 [0.00000 s]
[*] Start mutants generation and execution:
   - [#   1] AOR datasets.pynguin.programs.program_090: [0.00000 s] survived
   - [#   2] AOR datasets.pynguin.programs.program_090: [0.00528 s] survived
   - [#   3] ASR datasets.pynguin.programs.program_090: [0.00113 s] survived
   - [#   4] COI datasets.pynguin.programs.program_090: [0.00000 s] survived
   - [#   5] LCR datasets.pynguin.programs.program_090: [0.00000 s] survived
   - [#   6] ROR datasets.pynguin.programs.program_090: [0.00000 s] survived
   - [#   7] ROR datasets.pynguin.programs.program_090: [0.00000 s] survived
[*] Mutation score [0.05959 s]: 0.0%
   - all: 7
   - killed: 0 (0.0%)
   - survived: 7 (100.0%)
   - incompetent: 0 (0.0%)
   - timeout: 0 (0.0%)
HI SANDER, RUNNING MUTPY FROM: C:\Users\skaspers\OneDrive - Capgemini\Documents\Prompted Testsuite Analysis\.venv38\lib\site-packages\mutpy\commandline.py
