[*] Start mutation process:
   - targets: datasets.GPT_4.Zero_shot1.programs.program_051
   - tests: datasets.GPT_4.Zero_shot1.tests.test_051
[*] 13 tests passed:
   - datasets.GPT_4.Zero_shot1.tests.test_051 [0.00000 s]
[*] Start mutants generation and execution:
   - [#   1] AOR datasets.GPT_4.Zero_shot1.programs.program_051: [0.00151 s] killed by test_10 (datasets.GPT_4.Zero_shot1.tests.test_051.TestVersion)

Traceback (most recent call last):
  File "C:\Users\skaspers\OneDrive - Capgemini\Documents\Prompted Testsuite Analysis\.\datasets\GPT_4\Zero_shot1\tests\test_051.py", line 33, in test_10
    self.assertEqual(eulerian_num(6, 5), 1)
AssertionError: 10395 != 1

   - [#   2] AOR datasets.GPT_4.Zero_shot1.programs.program_051: [0.00151 s] killed by test_11 (datasets.GPT_4.Zero_shot1.tests.test_051.TestVersion)

Traceback (most recent call last):
  File "C:\Users\skaspers\OneDrive - Capgemini\Documents\Prompted Testsuite Analysis\.\datasets\GPT_4\Zero_shot1\tests\test_051.py", line 36, in test_11
    self.assertEqual(eulerian_num(4, 2), 11)
AssertionError: 3.5 != 11

   - [#   3] AOR datasets.GPT_4.Zero_shot1.programs.program_051: [0.00100 s] killed by test_11 (datasets.GPT_4.Zero_shot1.tests.test_051.TestVersion)

Traceback (most recent call last):
  File "C:\Users\skaspers\OneDrive - Capgemini\Documents\Prompted Testsuite Analysis\.\datasets\GPT_4\Zero_shot1\tests\test_051.py", line 36, in test_11
    self.assertEqual(eulerian_num(4, 2), 11)
AssertionError: 3 != 11

   - [#   4] AOR datasets.GPT_4.Zero_shot1.programs.program_051: [0.00051 s] killed by test_11 (datasets.GPT_4.Zero_shot1.tests.test_051.TestVersion)

Traceback (most recent call last):
  File "C:\Users\skaspers\OneDrive - Capgemini\Documents\Prompted Testsuite Analysis\.\datasets\GPT_4\Zero_shot1\tests\test_051.py", line 36, in test_11
    self.assertEqual(eulerian_num(4, 2), 11)
AssertionError: 19 != 11

   - [#   5] AOR datasets.GPT_4.Zero_shot1.programs.program_051: [0.00100 s] killed by test_10 (datasets.GPT_4.Zero_shot1.tests.test_051.TestVersion)

Traceback (most recent call last):
  File "C:\Users\skaspers\OneDrive - Capgemini\Documents\Prompted Testsuite Analysis\.\datasets\GPT_4\Zero_shot1\tests\test_051.py", line 33, in test_10
    self.assertEqual(eulerian_num(6, 5), 1)
AssertionError: 7670043 != 1

   - [#   6] AOR datasets.GPT_4.Zero_shot1.programs.program_051: [0.00100 s] killed by test_10 (datasets.GPT_4.Zero_shot1.tests.test_051.TestVersion)

Traceback (most recent call last):
  File "C:\Users\skaspers\OneDrive - Capgemini\Documents\Prompted Testsuite Analysis\.\datasets\GPT_4\Zero_shot1\tests\test_051.py", line 33, in test_10
    self.assertEqual(eulerian_num(6, 5), 1)
AssertionError: 0 != 1

   - [#   7] AOR datasets.GPT_4.Zero_shot1.programs.program_051: [0.00000 s] killed by test_11 (datasets.GPT_4.Zero_shot1.tests.test_051.TestVersion)

Traceback (most recent call last):
  File "C:\Users\skaspers\OneDrive - Capgemini\Documents\Prompted Testsuite Analysis\.\datasets\GPT_4\Zero_shot1\tests\test_051.py", line 36, in test_11
    self.assertEqual(eulerian_num(4, 2), 11)
AssertionError: -3 != 11

   - [#   8] AOR datasets.GPT_4.Zero_shot1.programs.program_051: [0.00101 s] killed by test_11 (datasets.GPT_4.Zero_shot1.tests.test_051.TestVersion)

Traceback (most recent call last):
  File "C:\Users\skaspers\OneDrive - Capgemini\Documents\Prompted Testsuite Analysis\.\datasets\GPT_4\Zero_shot1\tests\test_051.py", line 36, in test_11
    self.assertEqual(eulerian_num(4, 2), 11)
AssertionError: 5 != 11

   - [#   9] AOR datasets.GPT_4.Zero_shot1.programs.program_051: [0.00308 s] killed by test_10 (datasets.GPT_4.Zero_shot1.tests.test_051.TestVersion)

Traceback (most recent call last):
  File "C:\Users\skaspers\OneDrive - Capgemini\Documents\Prompted Testsuite Analysis\.\datasets\GPT_4\Zero_shot1\tests\test_051.py", line 33, in test_10
    self.assertEqual(eulerian_num(6, 5), 1)
  File "datasets.GPT_4.Zero_shot1.programs.program_051", line 6, in eulerian_num
  File "datasets.GPT_4.Zero_shot1.programs.program_051", line 6, in eulerian_num
  File "datasets.GPT_4.Zero_shot1.programs.program_051", line 6, in eulerian_num
  [Previous line repeated 2 more times]
ZeroDivisionError: division by zero

   - [#  10] AOR datasets.GPT_4.Zero_shot1.programs.program_051: [0.00208 s] killed by test_10 (datasets.GPT_4.Zero_shot1.tests.test_051.TestVersion)

Traceback (most recent call last):
  File "C:\Users\skaspers\OneDrive - Capgemini\Documents\Prompted Testsuite Analysis\.\datasets\GPT_4\Zero_shot1\tests\test_051.py", line 33, in test_10
    self.assertEqual(eulerian_num(6, 5), 1)
  File "datasets.GPT_4.Zero_shot1.programs.program_051", line 6, in eulerian_num
  File "datasets.GPT_4.Zero_shot1.programs.program_051", line 6, in eulerian_num
  File "datasets.GPT_4.Zero_shot1.programs.program_051", line 6, in eulerian_num
  [Previous line repeated 2 more times]
ZeroDivisionError: integer division or modulo by zero

   - [#  11] AOR datasets.GPT_4.Zero_shot1.programs.program_051: [0.00105 s] killed by test_10 (datasets.GPT_4.Zero_shot1.tests.test_051.TestVersion)

Traceback (most recent call last):
  File "C:\Users\skaspers\OneDrive - Capgemini\Documents\Prompted Testsuite Analysis\.\datasets\GPT_4\Zero_shot1\tests\test_051.py", line 33, in test_10
    self.assertEqual(eulerian_num(6, 5), 1)
AssertionError: 6 != 1

   - [#  12] AOR datasets.GPT_4.Zero_shot1.programs.program_051: [0.22094 s] killed by test_10 (datasets.GPT_4.Zero_shot1.tests.test_051.TestVersion)

Traceback (most recent call last):
  File "C:\Users\skaspers\OneDrive - Capgemini\Documents\Prompted Testsuite Analysis\.\datasets\GPT_4\Zero_shot1\tests\test_051.py", line 33, in test_10
    self.assertEqual(eulerian_num(6, 5), 1)
  File "datasets.GPT_4.Zero_shot1.programs.program_051", line 6, in eulerian_num
  File "datasets.GPT_4.Zero_shot1.programs.program_051", line 6, in eulerian_num
  File "datasets.GPT_4.Zero_shot1.programs.program_051", line 6, in eulerian_num
  [Previous line repeated 983 more times]
  File "datasets.GPT_4.Zero_shot1.programs.program_051", line 2, in eulerian_num
RecursionError: maximum recursion depth exceeded in comparison

   - [#  13] COI datasets.GPT_4.Zero_shot1.programs.program_051: [0.00000 s] killed by test_1 (datasets.GPT_4.Zero_shot1.tests.test_051.TestVersion)

Traceback (most recent call last):
  File "C:\Users\skaspers\OneDrive - Capgemini\Documents\Prompted Testsuite Analysis\.\datasets\GPT_4\Zero_shot1\tests\test_051.py", line 6, in test_1
    self.assertEqual(eulerian_num(0, 0), 0)
AssertionError: 1 != 0

   - [#  14] COI datasets.GPT_4.Zero_shot1.programs.program_051: [0.00000 s] killed by test_11 (datasets.GPT_4.Zero_shot1.tests.test_051.TestVersion)

Traceback (most recent call last):
  File "C:\Users\skaspers\OneDrive - Capgemini\Documents\Prompted Testsuite Analysis\.\datasets\GPT_4\Zero_shot1\tests\test_051.py", line 36, in test_11
    self.assertEqual(eulerian_num(4, 2), 11)
AssertionError: 1 != 11

   - [#  15] LCR datasets.GPT_4.Zero_shot1.programs.program_051: [0.00000 s] survived
   - [#  16] ROR datasets.GPT_4.Zero_shot1.programs.program_051: [0.00000 s] killed by test_10 (datasets.GPT_4.Zero_shot1.tests.test_051.TestVersion)

Traceback (most recent call last):
  File "C:\Users\skaspers\OneDrive - Capgemini\Documents\Prompted Testsuite Analysis\.\datasets\GPT_4\Zero_shot1\tests\test_051.py", line 33, in test_10
    self.assertEqual(eulerian_num(6, 5), 1)
AssertionError: 0 != 1

   - [#  17] ROR datasets.GPT_4.Zero_shot1.programs.program_051: [0.00000 s] survived
   - [#  18] ROR datasets.GPT_4.Zero_shot1.programs.program_051: [0.00000 s] killed by test_10 (datasets.GPT_4.Zero_shot1.tests.test_051.TestVersion)

Traceback (most recent call last):
  File "C:\Users\skaspers\OneDrive - Capgemini\Documents\Prompted Testsuite Analysis\.\datasets\GPT_4\Zero_shot1\tests\test_051.py", line 33, in test_10
    self.assertEqual(eulerian_num(6, 5), 1)
AssertionError: 0 != 1

   - [#  19] ROR datasets.GPT_4.Zero_shot1.programs.program_051: [0.00000 s] killed by test_11 (datasets.GPT_4.Zero_shot1.tests.test_051.TestVersion)

Traceback (most recent call last):
  File "C:\Users\skaspers\OneDrive - Capgemini\Documents\Prompted Testsuite Analysis\.\datasets\GPT_4\Zero_shot1\tests\test_051.py", line 36, in test_11
    self.assertEqual(eulerian_num(4, 2), 11)
AssertionError: 1 != 11

[*] Mutation score [0.32854 s]: 89.5%
   - all: 19
   - killed: 17 (89.5%)
   - survived: 2 (10.5%)
   - incompetent: 0 (0.0%)
   - timeout: 0 (0.0%)
HI SANDER, RUNNING MUTPY FROM: C:\Users\skaspers\OneDrive - Capgemini\Documents\Prompted Testsuite Analysis\.venv38\lib\site-packages\mutpy\commandline.py
