[*] Start mutation process:
   - targets: datasets.GPT_4.Zero_shot1.programs.program_005
   - tests: datasets.GPT_4.Zero_shot1.tests.test_005
[*] 9 tests passed:
   - datasets.GPT_4.Zero_shot1.tests.test_005 [0.00000 s]
[*] Start mutants generation and execution:
   - [#   1] AOR datasets.GPT_4.Zero_shot1.programs.program_005: [0.00200 s] killed by test_1 (datasets.GPT_4.Zero_shot1.tests.test_005.TestVersion)

Traceback (most recent call last):
  File "C:\Users\skaspers\OneDrive - Capgemini\Documents\Prompted Testsuite Analysis\.\datasets\GPT_4\Zero_shot1\tests\test_005.py", line 6, in test_1
    self.assertEqual(square_perimeter(0), 0)
  File "datasets.GPT_4.Zero_shot1.programs.program_005", line 2, in square_perimeter
ZeroDivisionError: division by zero

   - [#   2] AOR datasets.GPT_4.Zero_shot1.programs.program_005: [0.00121 s] killed by test_1 (datasets.GPT_4.Zero_shot1.tests.test_005.TestVersion)

Traceback (most recent call last):
  File "C:\Users\skaspers\OneDrive - Capgemini\Documents\Prompted Testsuite Analysis\.\datasets\GPT_4\Zero_shot1\tests\test_005.py", line 6, in test_1
    self.assertEqual(square_perimeter(0), 0)
  File "datasets.GPT_4.Zero_shot1.programs.program_005", line 2, in square_perimeter
ZeroDivisionError: integer division or modulo by zero

   - [#   3] AOR datasets.GPT_4.Zero_shot1.programs.program_005: [0.00106 s] killed by test_1 (datasets.GPT_4.Zero_shot1.tests.test_005.TestVersion)

Traceback (most recent call last):
  File "C:\Users\skaspers\OneDrive - Capgemini\Documents\Prompted Testsuite Analysis\.\datasets\GPT_4\Zero_shot1\tests\test_005.py", line 6, in test_1
    self.assertEqual(square_perimeter(0), 0)
AssertionError: 1 != 0

[*] Mutation score [0.03099 s]: 100.0%
   - all: 3
   - killed: 3 (100.0%)
   - survived: 0 (0.0%)
   - incompetent: 0 (0.0%)
   - timeout: 0 (0.0%)
HI SANDER, RUNNING MUTPY FROM: C:\Users\skaspers\OneDrive - Capgemini\Documents\Prompted Testsuite Analysis\.venv38\lib\site-packages\mutpy\commandline.py
