[*] Start mutation process:
   - targets: datasets.GPT_4.Zero_shot1.programs.program_087
   - tests: datasets.GPT_4.Zero_shot1.tests.test_087
[*] 7 tests passed:
   - datasets.GPT_4.Zero_shot1.tests.test_087 [0.00000 s]
[*] Start mutants generation and execution:
   - [#   1] AOR datasets.GPT_4.Zero_shot1.programs.program_087: [0.00000 s] killed by test_2 (datasets.GPT_4.Zero_shot1.tests.test_087.TestVersion)

Traceback (most recent call last):
  File "C:\Users\skaspers\OneDrive - Capgemini\Documents\Prompted Testsuite Analysis\.\datasets\GPT_4\Zero_shot1\tests\test_087.py", line 9, in test_2
    self.assertEqual(sum_series(3), 4)
AssertionError: 2 != 4

   - [#   2] AOR datasets.GPT_4.Zero_shot1.programs.program_087: [0.22087 s] killed by test_1 (datasets.GPT_4.Zero_shot1.tests.test_087.TestVersion)

Traceback (most recent call last):
  File "C:\Users\skaspers\OneDrive - Capgemini\Documents\Prompted Testsuite Analysis\.\datasets\GPT_4\Zero_shot1\tests\test_087.py", line 6, in test_1
    self.assertEqual(sum_series(2), 2)
  File "datasets.GPT_4.Zero_shot1.programs.program_087", line 5, in sum_series
  File "datasets.GPT_4.Zero_shot1.programs.program_087", line 5, in sum_series
  File "datasets.GPT_4.Zero_shot1.programs.program_087", line 5, in sum_series
  [Previous line repeated 983 more times]
  File "datasets.GPT_4.Zero_shot1.programs.program_087", line 2, in sum_series
RecursionError: maximum recursion depth exceeded in comparison

   - [#   3] COI datasets.GPT_4.Zero_shot1.programs.program_087: [0.00000 s] killed by test_1 (datasets.GPT_4.Zero_shot1.tests.test_087.TestVersion)

Traceback (most recent call last):
  File "C:\Users\skaspers\OneDrive - Capgemini\Documents\Prompted Testsuite Analysis\.\datasets\GPT_4\Zero_shot1\tests\test_087.py", line 6, in test_1
    self.assertEqual(sum_series(2), 2)
AssertionError: 0 != 2

   - [#   4] ROR datasets.GPT_4.Zero_shot1.programs.program_087: [0.00000 s] killed by test_1 (datasets.GPT_4.Zero_shot1.tests.test_087.TestVersion)

Traceback (most recent call last):
  File "C:\Users\skaspers\OneDrive - Capgemini\Documents\Prompted Testsuite Analysis\.\datasets\GPT_4\Zero_shot1\tests\test_087.py", line 6, in test_1
    self.assertEqual(sum_series(2), 2)
AssertionError: 0 != 2

   - [#   5] ROR datasets.GPT_4.Zero_shot1.programs.program_087: [0.00000 s] killed by test_2 (datasets.GPT_4.Zero_shot1.tests.test_087.TestVersion)

Traceback (most recent call last):
  File "C:\Users\skaspers\OneDrive - Capgemini\Documents\Prompted Testsuite Analysis\.\datasets\GPT_4\Zero_shot1\tests\test_087.py", line 9, in test_2
    self.assertEqual(sum_series(3), 4)
AssertionError: 3 != 4

[*] Mutation score [0.27019 s]: 100.0%
   - all: 5
   - killed: 5 (100.0%)
   - survived: 0 (0.0%)
   - incompetent: 0 (0.0%)
   - timeout: 0 (0.0%)
HI SANDER, RUNNING MUTPY FROM: C:\Users\skaspers\OneDrive - Capgemini\Documents\Prompted Testsuite Analysis\.venv38\lib\site-packages\mutpy\commandline.py
