[*] Start mutation process:
   - targets: datasets.GPT_4.Zero_shot1.programs.program_019
   - tests: datasets.GPT_4.Zero_shot1.tests.test_019
[*] 7 tests passed:
   - datasets.GPT_4.Zero_shot1.tests.test_019 [0.00000 s]
[*] Start mutants generation and execution:
   - [#   1] AOR datasets.GPT_4.Zero_shot1.programs.program_019: [0.00099 s] killed by test_1 (datasets.GPT_4.Zero_shot1.tests.test_019.TestVersion)

Traceback (most recent call last):
  File "C:\Users\skaspers\OneDrive - Capgemini\Documents\Prompted Testsuite Analysis\.\datasets\GPT_4\Zero_shot1\tests\test_019.py", line 6, in test_1
    self.assertEqual(bell_number(1), 1)
  File "datasets.GPT_4.Zero_shot1.programs.program_019", line 3, in bell_number
IndexError: list assignment index out of range

   - [#   2] AOR datasets.GPT_4.Zero_shot1.programs.program_019: [0.00196 s] killed by test_1 (datasets.GPT_4.Zero_shot1.tests.test_019.TestVersion)

Traceback (most recent call last):
  File "C:\Users\skaspers\OneDrive - Capgemini\Documents\Prompted Testsuite Analysis\.\datasets\GPT_4\Zero_shot1\tests\test_019.py", line 6, in test_1
    self.assertEqual(bell_number(1), 1)
  File "datasets.GPT_4.Zero_shot1.programs.program_019", line 3, in bell_number
IndexError: list index out of range

   - [#   3] AOR datasets.GPT_4.Zero_shot1.programs.program_019: [0.00100 s] killed by test_1 (datasets.GPT_4.Zero_shot1.tests.test_019.TestVersion)

Traceback (most recent call last):
  File "C:\Users\skaspers\OneDrive - Capgemini\Documents\Prompted Testsuite Analysis\.\datasets\GPT_4\Zero_shot1\tests\test_019.py", line 6, in test_1
    self.assertEqual(bell_number(1), 1)
AssertionError: 0 != 1

   - [#   4] AOR datasets.GPT_4.Zero_shot1.programs.program_019: [0.00151 s] killed by test_1 (datasets.GPT_4.Zero_shot1.tests.test_019.TestVersion)

Traceback (most recent call last):
  File "C:\Users\skaspers\OneDrive - Capgemini\Documents\Prompted Testsuite Analysis\.\datasets\GPT_4\Zero_shot1\tests\test_019.py", line 6, in test_1
    self.assertEqual(bell_number(1), 1)
  File "datasets.GPT_4.Zero_shot1.programs.program_019", line 5, in bell_number
IndexError: list index out of range

   - [#   5] AOR datasets.GPT_4.Zero_shot1.programs.program_019: [0.00100 s] killed by test_1 (datasets.GPT_4.Zero_shot1.tests.test_019.TestVersion)

Traceback (most recent call last):
  File "C:\Users\skaspers\OneDrive - Capgemini\Documents\Prompted Testsuite Analysis\.\datasets\GPT_4\Zero_shot1\tests\test_019.py", line 6, in test_1
    self.assertEqual(bell_number(1), 1)
  File "datasets.GPT_4.Zero_shot1.programs.program_019", line 5, in bell_number
IndexError: list index out of range

   - [#   6] AOR datasets.GPT_4.Zero_shot1.programs.program_019: [0.00100 s] killed by test_2 (datasets.GPT_4.Zero_shot1.tests.test_019.TestVersion)

Traceback (most recent call last):
  File "C:\Users\skaspers\OneDrive - Capgemini\Documents\Prompted Testsuite Analysis\.\datasets\GPT_4\Zero_shot1\tests\test_019.py", line 9, in test_2
    self.assertEqual(bell_number(2), 2)
AssertionError: 0 != 2

   - [#   7] AOR datasets.GPT_4.Zero_shot1.programs.program_019: [0.00100 s] killed by test_1 (datasets.GPT_4.Zero_shot1.tests.test_019.TestVersion)

Traceback (most recent call last):
  File "C:\Users\skaspers\OneDrive - Capgemini\Documents\Prompted Testsuite Analysis\.\datasets\GPT_4\Zero_shot1\tests\test_019.py", line 6, in test_1
    self.assertEqual(bell_number(1), 1)
  File "datasets.GPT_4.Zero_shot1.programs.program_019", line 7, in bell_number
IndexError: list index out of range

   - [#   8] AOR datasets.GPT_4.Zero_shot1.programs.program_019: [0.00100 s] killed by test_1 (datasets.GPT_4.Zero_shot1.tests.test_019.TestVersion)

Traceback (most recent call last):
  File "C:\Users\skaspers\OneDrive - Capgemini\Documents\Prompted Testsuite Analysis\.\datasets\GPT_4\Zero_shot1\tests\test_019.py", line 6, in test_1
    self.assertEqual(bell_number(1), 1)
  File "datasets.GPT_4.Zero_shot1.programs.program_019", line 7, in bell_number
IndexError: list index out of range

   - [#   9] AOR datasets.GPT_4.Zero_shot1.programs.program_019: [0.00104 s] killed by test_2 (datasets.GPT_4.Zero_shot1.tests.test_019.TestVersion)

Traceback (most recent call last):
  File "C:\Users\skaspers\OneDrive - Capgemini\Documents\Prompted Testsuite Analysis\.\datasets\GPT_4\Zero_shot1\tests\test_019.py", line 9, in test_2
    self.assertEqual(bell_number(2), 2)
AssertionError: 0 != 2

   - [#  10] AOR datasets.GPT_4.Zero_shot1.programs.program_019: [0.00100 s] killed by test_1 (datasets.GPT_4.Zero_shot1.tests.test_019.TestVersion)

Traceback (most recent call last):
  File "C:\Users\skaspers\OneDrive - Capgemini\Documents\Prompted Testsuite Analysis\.\datasets\GPT_4\Zero_shot1\tests\test_019.py", line 6, in test_1
    self.assertEqual(bell_number(1), 1)
  File "datasets.GPT_4.Zero_shot1.programs.program_019", line 7, in bell_number
IndexError: list index out of range

[*] Mutation score [0.10145 s]: 100.0%
   - all: 10
   - killed: 10 (100.0%)
   - survived: 0 (0.0%)
   - incompetent: 0 (0.0%)
   - timeout: 0 (0.0%)
HI SANDER, RUNNING MUTPY FROM: C:\Users\skaspers\OneDrive - Capgemini\Documents\Prompted Testsuite Analysis\.venv38\lib\site-packages\mutpy\commandline.py
