[*] Start mutation process:
   - targets: datasets.GPT_4.Zero_shot1.programs.program_023
   - tests: datasets.GPT_4.Zero_shot1.tests.test_023
[*] 8 tests passed:
   - datasets.GPT_4.Zero_shot1.tests.test_023 [0.00000 s]
[*] Start mutants generation and execution:
   - [#   1] AOR datasets.GPT_4.Zero_shot1.programs.program_023: [0.00000 s] survived
   - [#   2] AOR datasets.GPT_4.Zero_shot1.programs.program_023: [5.04882 s] timeout
   - [#   3] AOR datasets.GPT_4.Zero_shot1.programs.program_023: [0.00100 s] killed by test_1 (datasets.GPT_4.Zero_shot1.tests.test_023.TestVersion)

Traceback (most recent call last):
  File "C:\Users\skaspers\OneDrive - Capgemini\Documents\Prompted Testsuite Analysis\.\datasets\GPT_4\Zero_shot1\tests\test_023.py", line 6, in test_1
    self.assertEqual(comb_sort([3, 2, 1]), [1, 2, 3])
  File "datasets.GPT_4.Zero_shot1.programs.program_023", line 11, in comb_sort
IndexError: list index out of range

   - [#   4] AOR datasets.GPT_4.Zero_shot1.programs.program_023: [0.00100 s] killed by test_1 (datasets.GPT_4.Zero_shot1.tests.test_023.TestVersion)

Traceback (most recent call last):
  File "C:\Users\skaspers\OneDrive - Capgemini\Documents\Prompted Testsuite Analysis\.\datasets\GPT_4\Zero_shot1\tests\test_023.py", line 6, in test_1
    self.assertEqual(comb_sort([3, 2, 1]), [1, 2, 3])
AssertionError: Lists differ: [1, 3, 2] != [1, 2, 3]

First differing element 1:
3
2

- [1, 3, 2]
+ [1, 2, 3]

   - [#   5] AOR datasets.GPT_4.Zero_shot1.programs.program_023: [0.00000 s] killed by test_1 (datasets.GPT_4.Zero_shot1.tests.test_023.TestVersion)

Traceback (most recent call last):
  File "C:\Users\skaspers\OneDrive - Capgemini\Documents\Prompted Testsuite Analysis\.\datasets\GPT_4\Zero_shot1\tests\test_023.py", line 6, in test_1
    self.assertEqual(comb_sort([3, 2, 1]), [1, 2, 3])
AssertionError: Lists differ: [3, 1, 1] != [1, 2, 3]

First differing element 0:
3
1

- [3, 1, 1]
+ [1, 2, 3]

   - [#   6] AOR datasets.GPT_4.Zero_shot1.programs.program_023: [0.00100 s] killed by test_1 (datasets.GPT_4.Zero_shot1.tests.test_023.TestVersion)

Traceback (most recent call last):
  File "C:\Users\skaspers\OneDrive - Capgemini\Documents\Prompted Testsuite Analysis\.\datasets\GPT_4\Zero_shot1\tests\test_023.py", line 6, in test_1
    self.assertEqual(comb_sort([3, 2, 1]), [1, 2, 3])
AssertionError: Lists differ: [2, 2, 3] != [1, 2, 3]

First differing element 0:
2
1

- [2, 2, 3]
+ [1, 2, 3]

   - [#   7] ASR datasets.GPT_4.Zero_shot1.programs.program_023: [0.00100 s] killed by test_1 (datasets.GPT_4.Zero_shot1.tests.test_023.TestVersion)

Traceback (most recent call last):
  File "C:\Users\skaspers\OneDrive - Capgemini\Documents\Prompted Testsuite Analysis\.\datasets\GPT_4\Zero_shot1\tests\test_023.py", line 6, in test_1
    self.assertEqual(comb_sort([3, 2, 1]), [1, 2, 3])
  File "datasets.GPT_4.Zero_shot1.programs.program_023", line 11, in comb_sort
IndexError: list index out of range

   - [#   8] COI datasets.GPT_4.Zero_shot1.programs.program_023: [0.00100 s] killed by test_1 (datasets.GPT_4.Zero_shot1.tests.test_023.TestVersion)

Traceback (most recent call last):
  File "C:\Users\skaspers\OneDrive - Capgemini\Documents\Prompted Testsuite Analysis\.\datasets\GPT_4\Zero_shot1\tests\test_023.py", line 6, in test_1
    self.assertEqual(comb_sort([3, 2, 1]), [1, 2, 3])
AssertionError: Lists differ: [3, 2, 1] != [1, 2, 3]

First differing element 0:
3
1

- [3, 2, 1]
?  ^     ^

+ [1, 2, 3]
?  ^     ^


   - [#   9] COI datasets.GPT_4.Zero_shot1.programs.program_023: [0.00101 s] killed by test_1 (datasets.GPT_4.Zero_shot1.tests.test_023.TestVersion)

Traceback (most recent call last):
  File "C:\Users\skaspers\OneDrive - Capgemini\Documents\Prompted Testsuite Analysis\.\datasets\GPT_4\Zero_shot1\tests\test_023.py", line 6, in test_1
    self.assertEqual(comb_sort([3, 2, 1]), [1, 2, 3])
AssertionError: Lists differ: [3, 2, 1] != [1, 2, 3]

First differing element 0:
3
1

- [3, 2, 1]
?  ^     ^

+ [1, 2, 3]
?  ^     ^


   - [#  10] COI datasets.GPT_4.Zero_shot1.programs.program_023: [0.00100 s] killed by test_1 (datasets.GPT_4.Zero_shot1.tests.test_023.TestVersion)

Traceback (most recent call last):
  File "C:\Users\skaspers\OneDrive - Capgemini\Documents\Prompted Testsuite Analysis\.\datasets\GPT_4\Zero_shot1\tests\test_023.py", line 6, in test_1
    self.assertEqual(comb_sort([3, 2, 1]), [1, 2, 3])
AssertionError: Lists differ: [3, 2, 1] != [1, 2, 3]

First differing element 0:
3
1

- [3, 2, 1]
?  ^     ^

+ [1, 2, 3]
?  ^     ^


   - [#  11] LCR datasets.GPT_4.Zero_shot1.programs.program_023: [0.00200 s] killed by test_2 (datasets.GPT_4.Zero_shot1.tests.test_023.TestVersion)

Traceback (most recent call last):
  File "C:\Users\skaspers\OneDrive - Capgemini\Documents\Prompted Testsuite Analysis\.\datasets\GPT_4\Zero_shot1\tests\test_023.py", line 9, in test_2
    self.assertEqual(comb_sort([4, 5, 4, 5]), [4, 4, 5, 5])
AssertionError: Lists differ: [4, 5, 4, 5] != [4, 4, 5, 5]

First differing element 1:
5
4

- [4, 5, 4, 5]
?        ---

+ [4, 4, 5, 5]
?     +++


   - [#  12] ROR datasets.GPT_4.Zero_shot1.programs.program_023: [0.00105 s] killed by test_2 (datasets.GPT_4.Zero_shot1.tests.test_023.TestVersion)

Traceback (most recent call last):
  File "C:\Users\skaspers\OneDrive - Capgemini\Documents\Prompted Testsuite Analysis\.\datasets\GPT_4\Zero_shot1\tests\test_023.py", line 9, in test_2
    self.assertEqual(comb_sort([4, 5, 4, 5]), [4, 4, 5, 5])
AssertionError: Lists differ: [4, 5, 4, 5] != [4, 4, 5, 5]

First differing element 1:
5
4

- [4, 5, 4, 5]
?        ---

+ [4, 4, 5, 5]
?     +++


   - [#  13] ROR datasets.GPT_4.Zero_shot1.programs.program_023: [0.00099 s] survived
   - [#  14] ROR datasets.GPT_4.Zero_shot1.programs.program_023: [0.00100 s] killed by test_1 (datasets.GPT_4.Zero_shot1.tests.test_023.TestVersion)

Traceback (most recent call last):
  File "C:\Users\skaspers\OneDrive - Capgemini\Documents\Prompted Testsuite Analysis\.\datasets\GPT_4\Zero_shot1\tests\test_023.py", line 6, in test_1
    self.assertEqual(comb_sort([3, 2, 1]), [1, 2, 3])
AssertionError: Lists differ: [3, 2, 1] != [1, 2, 3]

First differing element 0:
3
1

- [3, 2, 1]
?  ^     ^

+ [1, 2, 3]
?  ^     ^


   - [#  15] ROR datasets.GPT_4.Zero_shot1.programs.program_023: [0.00195 s] killed by test_1 (datasets.GPT_4.Zero_shot1.tests.test_023.TestVersion)

Traceback (most recent call last):
  File "C:\Users\skaspers\OneDrive - Capgemini\Documents\Prompted Testsuite Analysis\.\datasets\GPT_4\Zero_shot1\tests\test_023.py", line 6, in test_1
    self.assertEqual(comb_sort([3, 2, 1]), [1, 2, 3])
  File "datasets.GPT_4.Zero_shot1.programs.program_023", line 11, in comb_sort
IndexError: list index out of range

   - [#  16] ROR datasets.GPT_4.Zero_shot1.programs.program_023: [0.00110 s] killed by test_1 (datasets.GPT_4.Zero_shot1.tests.test_023.TestVersion)

Traceback (most recent call last):
  File "C:\Users\skaspers\OneDrive - Capgemini\Documents\Prompted Testsuite Analysis\.\datasets\GPT_4\Zero_shot1\tests\test_023.py", line 6, in test_1
    self.assertEqual(comb_sort([3, 2, 1]), [1, 2, 3])
AssertionError: Lists differ: [3, 2, 1] != [1, 2, 3]

First differing element 0:
3
1

- [3, 2, 1]
?  ^     ^

+ [1, 2, 3]
?  ^     ^


   - [#  17] ROR datasets.GPT_4.Zero_shot1.programs.program_023: [5.03206 s] timeout
[*] Mutation score [10.21288 s]: 88.2%
   - all: 17
   - killed: 13 (76.5%)
   - survived: 2 (11.8%)
   - incompetent: 0 (0.0%)
   - timeout: 2 (11.8%)
HI SANDER, RUNNING MUTPY FROM: C:\Users\skaspers\OneDrive - Capgemini\Documents\Prompted Testsuite Analysis\.venv38\lib\site-packages\mutpy\commandline.py
