[*] Start mutation process:
   - targets: datasets.GPT_4.Zero_shot1.programs.program_020
   - tests: datasets.GPT_4.Zero_shot1.tests.test_020
[*] 9 tests passed:
   - datasets.GPT_4.Zero_shot1.tests.test_020 [0.00000 s]
[*] Start mutants generation and execution:
   - [#   1] AOR datasets.GPT_4.Zero_shot1.programs.program_020: [0.00100 s] killed by test_7 (datasets.GPT_4.Zero_shot1.tests.test_020.TestVersion)

Traceback (most recent call last):
  File "C:\Users\skaspers\OneDrive - Capgemini\Documents\Prompted Testsuite Analysis\.\datasets\GPT_4\Zero_shot1\tests\test_020.py", line 24, in test_7
    self.assertEqual(is_Monotonic([1, 2, 2]), True)
AssertionError: False != True

   - [#   2] AOR datasets.GPT_4.Zero_shot1.programs.program_020: [0.00196 s] killed by test_2 (datasets.GPT_4.Zero_shot1.tests.test_020.TestVersion)

Traceback (most recent call last):
  File "C:\Users\skaspers\OneDrive - Capgemini\Documents\Prompted Testsuite Analysis\.\datasets\GPT_4\Zero_shot1\tests\test_020.py", line 9, in test_2
    self.assertEqual(is_Monotonic([1, 1, 1, 1]), True)
  File "datasets.GPT_4.Zero_shot1.programs.program_020", line 2, in is_Monotonic
  File "datasets.GPT_4.Zero_shot1.programs.program_020", line 2, in <genexpr>
IndexError: list index out of range

   - [#   3] AOR datasets.GPT_4.Zero_shot1.programs.program_020: [0.00100 s] killed by test_1 (datasets.GPT_4.Zero_shot1.tests.test_020.TestVersion)

Traceback (most recent call last):
  File "C:\Users\skaspers\OneDrive - Capgemini\Documents\Prompted Testsuite Analysis\.\datasets\GPT_4\Zero_shot1\tests\test_020.py", line 6, in test_1
    self.assertEqual(is_Monotonic([4, 3, 2, 1]), True)
AssertionError: False != True

   - [#   4] AOR datasets.GPT_4.Zero_shot1.programs.program_020: [0.00100 s] killed by test_1 (datasets.GPT_4.Zero_shot1.tests.test_020.TestVersion)

Traceback (most recent call last):
  File "C:\Users\skaspers\OneDrive - Capgemini\Documents\Prompted Testsuite Analysis\.\datasets\GPT_4\Zero_shot1\tests\test_020.py", line 6, in test_1
    self.assertEqual(is_Monotonic([4, 3, 2, 1]), True)
  File "datasets.GPT_4.Zero_shot1.programs.program_020", line 3, in is_Monotonic
  File "datasets.GPT_4.Zero_shot1.programs.program_020", line 3, in <genexpr>
IndexError: list index out of range

   - [#   5] LCR datasets.GPT_4.Zero_shot1.programs.program_020: [0.00000 s] killed by test_1 (datasets.GPT_4.Zero_shot1.tests.test_020.TestVersion)

Traceback (most recent call last):
  File "C:\Users\skaspers\OneDrive - Capgemini\Documents\Prompted Testsuite Analysis\.\datasets\GPT_4\Zero_shot1\tests\test_020.py", line 6, in test_1
    self.assertEqual(is_Monotonic([4, 3, 2, 1]), True)
AssertionError: False != True

   - [#   6] ROR datasets.GPT_4.Zero_shot1.programs.program_020: [0.00000 s] killed by test_6 (datasets.GPT_4.Zero_shot1.tests.test_020.TestVersion)

Traceback (most recent call last):
  File "C:\Users\skaspers\OneDrive - Capgemini\Documents\Prompted Testsuite Analysis\.\datasets\GPT_4\Zero_shot1\tests\test_020.py", line 21, in test_6
    self.assertEqual(is_Monotonic([1, 1, 2]), True)
AssertionError: False != True

   - [#   7] ROR datasets.GPT_4.Zero_shot1.programs.program_020: [0.00100 s] killed by test_6 (datasets.GPT_4.Zero_shot1.tests.test_020.TestVersion)

Traceback (most recent call last):
  File "C:\Users\skaspers\OneDrive - Capgemini\Documents\Prompted Testsuite Analysis\.\datasets\GPT_4\Zero_shot1\tests\test_020.py", line 21, in test_6
    self.assertEqual(is_Monotonic([1, 1, 2]), True)
AssertionError: False != True

   - [#   8] ROR datasets.GPT_4.Zero_shot1.programs.program_020: [0.00000 s] killed by test_1 (datasets.GPT_4.Zero_shot1.tests.test_020.TestVersion)

Traceback (most recent call last):
  File "C:\Users\skaspers\OneDrive - Capgemini\Documents\Prompted Testsuite Analysis\.\datasets\GPT_4\Zero_shot1\tests\test_020.py", line 6, in test_1
    self.assertEqual(is_Monotonic([4, 3, 2, 1]), True)
AssertionError: False != True

   - [#   9] ROR datasets.GPT_4.Zero_shot1.programs.program_020: [0.00000 s] killed by test_8 (datasets.GPT_4.Zero_shot1.tests.test_020.TestVersion)

Traceback (most recent call last):
  File "C:\Users\skaspers\OneDrive - Capgemini\Documents\Prompted Testsuite Analysis\.\datasets\GPT_4\Zero_shot1\tests\test_020.py", line 27, in test_8
    self.assertEqual(is_Monotonic([3, 3, 2]), True)
AssertionError: False != True

[*] Mutation score [0.07455 s]: 100.0%
   - all: 9
   - killed: 9 (100.0%)
   - survived: 0 (0.0%)
   - incompetent: 0 (0.0%)
   - timeout: 0 (0.0%)
HI SANDER, RUNNING MUTPY FROM: C:\Users\skaspers\OneDrive - Capgemini\Documents\Prompted Testsuite Analysis\.venv38\lib\site-packages\mutpy\commandline.py
