[*] Start mutation process:
   - targets: datasets.GPT_4.Zero_shot1.programs.program_030
   - tests: datasets.GPT_4.Zero_shot1.tests.test_030
[*] 7 tests passed:
   - datasets.GPT_4.Zero_shot1.tests.test_030 [0.00000 s]
[*] Start mutants generation and execution:
   - [#   1] AOR datasets.GPT_4.Zero_shot1.programs.program_030: [0.00100 s] killed by test_1 (datasets.GPT_4.Zero_shot1.tests.test_030.TestVersion)

Traceback (most recent call last):
  File "C:\Users\skaspers\OneDrive - Capgemini\Documents\Prompted Testsuite Analysis\.\datasets\GPT_4\Zero_shot1\tests\test_030.py", line 6, in test_1
    self.assertAlmostEqual(volume_sphere(1), (4/3) * math.pi)
AssertionError: 3.141592653589793 != 4.1887902047863905 within 7 places (1.0471975511965974 difference)

   - [#   2] AOR datasets.GPT_4.Zero_shot1.programs.program_030: [0.00100 s] killed by test_1 (datasets.GPT_4.Zero_shot1.tests.test_030.TestVersion)

Traceback (most recent call last):
  File "C:\Users\skaspers\OneDrive - Capgemini\Documents\Prompted Testsuite Analysis\.\datasets\GPT_4\Zero_shot1\tests\test_030.py", line 6, in test_1
    self.assertAlmostEqual(volume_sphere(1), (4/3) * math.pi)
AssertionError: 37.69911184307752 != 4.1887902047863905 within 7 places (33.510321638291124 difference)

   - [#   3] AOR datasets.GPT_4.Zero_shot1.programs.program_030: [0.00100 s] killed by test_1 (datasets.GPT_4.Zero_shot1.tests.test_030.TestVersion)

Traceback (most recent call last):
  File "C:\Users\skaspers\OneDrive - Capgemini\Documents\Prompted Testsuite Analysis\.\datasets\GPT_4\Zero_shot1\tests\test_030.py", line 6, in test_1
    self.assertAlmostEqual(volume_sphere(1), (4/3) * math.pi)
AssertionError: 0.42441318157838753 != 4.1887902047863905 within 7 places (3.764377023208003 difference)

   - [#   4] AOR datasets.GPT_4.Zero_shot1.programs.program_030: [0.00000 s] killed by test_1 (datasets.GPT_4.Zero_shot1.tests.test_030.TestVersion)

Traceback (most recent call last):
  File "C:\Users\skaspers\OneDrive - Capgemini\Documents\Prompted Testsuite Analysis\.\datasets\GPT_4\Zero_shot1\tests\test_030.py", line 6, in test_1
    self.assertAlmostEqual(volume_sphere(1), (4/3) * math.pi)
AssertionError: 0.0 != 4.1887902047863905 within 7 places (4.1887902047863905 difference)

   - [#   5] AOR datasets.GPT_4.Zero_shot1.programs.program_030: [0.00000 s] killed by test_1 (datasets.GPT_4.Zero_shot1.tests.test_030.TestVersion)

Traceback (most recent call last):
  File "C:\Users\skaspers\OneDrive - Capgemini\Documents\Prompted Testsuite Analysis\.\datasets\GPT_4\Zero_shot1\tests\test_030.py", line 6, in test_1
    self.assertAlmostEqual(volume_sphere(1), (4/3) * math.pi)
AssertionError: 2.4689177219977116 != 4.1887902047863905 within 7 places (1.7198724827886789 difference)

   - [#   6] AOR datasets.GPT_4.Zero_shot1.programs.program_030: [0.00100 s] killed by test_2 (datasets.GPT_4.Zero_shot1.tests.test_030.TestVersion)

Traceback (most recent call last):
  File "C:\Users\skaspers\OneDrive - Capgemini\Documents\Prompted Testsuite Analysis\.\datasets\GPT_4\Zero_shot1\tests\test_030.py", line 9, in test_2
    self.assertAlmostEqual(volume_sphere(2), (4/3) * math.pi * 8)
AssertionError: 8.377580409572781 != 33.510321638291124 within 7 places (25.132741228718345 difference)

   - [#   7] AOR datasets.GPT_4.Zero_shot1.programs.program_030: [0.00000 s] killed by test_1 (datasets.GPT_4.Zero_shot1.tests.test_030.TestVersion)

Traceback (most recent call last):
  File "C:\Users\skaspers\OneDrive - Capgemini\Documents\Prompted Testsuite Analysis\.\datasets\GPT_4\Zero_shot1\tests\test_030.py", line 6, in test_1
    self.assertAlmostEqual(volume_sphere(1), (4/3) * math.pi)
AssertionError: 4.0 != 4.1887902047863905 within 7 places (0.18879020478639053 difference)

   - [#   8] AOR datasets.GPT_4.Zero_shot1.programs.program_030: [0.00100 s] killed by test_2 (datasets.GPT_4.Zero_shot1.tests.test_030.TestVersion)

Traceback (most recent call last):
  File "C:\Users\skaspers\OneDrive - Capgemini\Documents\Prompted Testsuite Analysis\.\datasets\GPT_4\Zero_shot1\tests\test_030.py", line 9, in test_2
    self.assertAlmostEqual(volume_sphere(2), (4/3) * math.pi * 8)
AssertionError: 70.18385351885765 != 33.510321638291124 within 7 places (36.67353188056652 difference)

   - [#   9] AOR datasets.GPT_4.Zero_shot1.programs.program_030: [0.00100 s] killed by test_2 (datasets.GPT_4.Zero_shot1.tests.test_030.TestVersion)

Traceback (most recent call last):
  File "C:\Users\skaspers\OneDrive - Capgemini\Documents\Prompted Testsuite Analysis\.\datasets\GPT_4\Zero_shot1\tests\test_030.py", line 9, in test_2
    self.assertAlmostEqual(volume_sphere(2), (4/3) * math.pi * 8)
AssertionError: 8.377580409572781 != 33.510321638291124 within 7 places (25.132741228718345 difference)

   - [#  10] AOR datasets.GPT_4.Zero_shot1.programs.program_030: [0.00000 s] killed by test_1 (datasets.GPT_4.Zero_shot1.tests.test_030.TestVersion)

Traceback (most recent call last):
  File "C:\Users\skaspers\OneDrive - Capgemini\Documents\Prompted Testsuite Analysis\.\datasets\GPT_4\Zero_shot1\tests\test_030.py", line 6, in test_1
    self.assertAlmostEqual(volume_sphere(1), (4/3) * math.pi)
AssertionError: 4.0 != 4.1887902047863905 within 7 places (0.18879020478639053 difference)

   - [#  11] AOR datasets.GPT_4.Zero_shot1.programs.program_030: [0.00000 s] killed by test_2 (datasets.GPT_4.Zero_shot1.tests.test_030.TestVersion)

Traceback (most recent call last):
  File "C:\Users\skaspers\OneDrive - Capgemini\Documents\Prompted Testsuite Analysis\.\datasets\GPT_4\Zero_shot1\tests\test_030.py", line 9, in test_2
    self.assertAlmostEqual(volume_sphere(2), (4/3) * math.pi * 8)
AssertionError: 140.3677070377153 != 33.510321638291124 within 7 places (106.85738539942417 difference)

   - [#  12] AOR datasets.GPT_4.Zero_shot1.programs.program_030: [0.00100 s] killed by test_2 (datasets.GPT_4.Zero_shot1.tests.test_030.TestVersion)

Traceback (most recent call last):
  File "C:\Users\skaspers\OneDrive - Capgemini\Documents\Prompted Testsuite Analysis\.\datasets\GPT_4\Zero_shot1\tests\test_030.py", line 9, in test_2
    self.assertAlmostEqual(volume_sphere(2), (4/3) * math.pi * 8)
AssertionError: 8.377580409572781 != 33.510321638291124 within 7 places (25.132741228718345 difference)

   - [#  13] AOR datasets.GPT_4.Zero_shot1.programs.program_030: [0.00000 s] killed by test_1 (datasets.GPT_4.Zero_shot1.tests.test_030.TestVersion)

Traceback (most recent call last):
  File "C:\Users\skaspers\OneDrive - Capgemini\Documents\Prompted Testsuite Analysis\.\datasets\GPT_4\Zero_shot1\tests\test_030.py", line 6, in test_1
    self.assertAlmostEqual(volume_sphere(1), (4/3) * math.pi)
AssertionError: 4.0 != 4.1887902047863905 within 7 places (0.18879020478639053 difference)

   - [#  14] AOR datasets.GPT_4.Zero_shot1.programs.program_030: [0.00000 s] killed by test_2 (datasets.GPT_4.Zero_shot1.tests.test_030.TestVersion)

Traceback (most recent call last):
  File "C:\Users\skaspers\OneDrive - Capgemini\Documents\Prompted Testsuite Analysis\.\datasets\GPT_4\Zero_shot1\tests\test_030.py", line 9, in test_2
    self.assertAlmostEqual(volume_sphere(2), (4/3) * math.pi * 8)
AssertionError: 280.7354140754306 != 33.510321638291124 within 7 places (247.22509243713947 difference)

[*] Mutation score [0.05750 s]: 100.0%
   - all: 14
   - killed: 14 (100.0%)
   - survived: 0 (0.0%)
   - incompetent: 0 (0.0%)
   - timeout: 0 (0.0%)
HI SANDER, RUNNING MUTPY FROM: C:\Users\skaspers\OneDrive - Capgemini\Documents\Prompted Testsuite Analysis\.venv38\lib\site-packages\mutpy\commandline.py
