[*] Start mutation process:
   - targets: datasets.o3.programs.program_027
   - tests: datasets.o3.tests.test_027
[*] 5 tests passed:
   - datasets.o3.tests.test_027 [0.00000 s]
[*] Start mutants generation and execution:
   - [#   1] AOR datasets.o3.programs.program_027: [0.00000 s] killed by test_negative_multiple_of_11 (datasets.o3.tests.test_027.TestVersion)

Traceback (most recent call last):
  File "C:\Users\skaspers\OneDrive - Capgemini\Documents\Prompted Testsuite Analysis\.\datasets\o3\tests\test_027.py", line 15, in test_negative_multiple_of_11
    self.assertTrue(is_Diff(-33))
AssertionError: False is not true

   - [#   2] ROR datasets.o3.programs.program_027: [0.00000 s] killed by test_negative_multiple_of_11 (datasets.o3.tests.test_027.TestVersion)

Traceback (most recent call last):
  File "C:\Users\skaspers\OneDrive - Capgemini\Documents\Prompted Testsuite Analysis\.\datasets\o3\tests\test_027.py", line 15, in test_negative_multiple_of_11
    self.assertTrue(is_Diff(-33))
AssertionError: False is not true

[*] Mutation score [0.03478 s]: 100.0%
   - all: 2
   - killed: 2 (100.0%)
   - survived: 0 (0.0%)
   - incompetent: 0 (0.0%)
   - timeout: 0 (0.0%)
HI SANDER, RUNNING MUTPY FROM: C:\Users\skaspers\OneDrive - Capgemini\Documents\Prompted Testsuite Analysis\.venv38\lib\site-packages\mutpy\commandline.py
