[*] Start mutation process:
   - targets: datasets.o3.programs.program_092
   - tests: datasets.o3.tests.test_092
[*] 7 tests passed:
   - datasets.o3.tests.test_092 [0.00000 s]
[*] Start mutants generation and execution:
   - [#   1] AOR datasets.o3.programs.program_092: [0.00000 s] killed by test_exact_power_of_two (datasets.o3.tests.test_092.TestVersion)

Traceback (most recent call last):
  File "C:\Users\skaspers\OneDrive - Capgemini\Documents\Prompted Testsuite Analysis\.\datasets\o3\tests\test_092.py", line 9, in test_exact_power_of_two
    self.assertEqual(next_power_of_2(16), 16)
AssertionError: 32 != 16

   - [#   2] ASR datasets.o3.programs.program_092: [0.00000 s] killed by test_large_number (datasets.o3.tests.test_092.TestVersion)

Traceback (most recent call last):
  File "C:\Users\skaspers\OneDrive - Capgemini\Documents\Prompted Testsuite Analysis\.\datasets\o3\tests\test_092.py", line 24, in test_large_number
    self.assertEqual(next_power_of_2(1025), 2048)
  File "datasets.o3.programs.program_092", line 10, in next_power_of_2
ValueError: negative shift count

   - [#   3] COD datasets.o3.programs.program_092: [0.00000 s] killed by test_exact_power_of_two (datasets.o3.tests.test_092.TestVersion)

Traceback (most recent call last):
  File "C:\Users\skaspers\OneDrive - Capgemini\Documents\Prompted Testsuite Analysis\.\datasets\o3\tests\test_092.py", line 9, in test_exact_power_of_two
    self.assertEqual(next_power_of_2(16), 16)
AssertionError: 32 != 16

   - [#   4] COI datasets.o3.programs.program_092: [0.00000 s] killed by test_exact_power_of_two (datasets.o3.tests.test_092.TestVersion)

Traceback (most recent call last):
  File "C:\Users\skaspers\OneDrive - Capgemini\Documents\Prompted Testsuite Analysis\.\datasets\o3\tests\test_092.py", line 9, in test_exact_power_of_two
    self.assertEqual(next_power_of_2(16), 16)
AssertionError: 32 != 16

   - [#   5] COI datasets.o3.programs.program_092: [0.00558 s] killed by test_large_number (datasets.o3.tests.test_092.TestVersion)

Traceback (most recent call last):
  File "C:\Users\skaspers\OneDrive - Capgemini\Documents\Prompted Testsuite Analysis\.\datasets\o3\tests\test_092.py", line 24, in test_large_number
    self.assertEqual(next_power_of_2(1025), 2048)
AssertionError: 1 != 2048

   - [#   6] LCR datasets.o3.programs.program_092: [0.00000 s] killed by test_large_number (datasets.o3.tests.test_092.TestVersion)

Traceback (most recent call last):
  File "C:\Users\skaspers\OneDrive - Capgemini\Documents\Prompted Testsuite Analysis\.\datasets\o3\tests\test_092.py", line 24, in test_large_number
    self.assertEqual(next_power_of_2(1025), 2048)
AssertionError: 1025 != 2048

   - [#   7] LOR datasets.o3.programs.program_092: [0.00000 s] killed by test_exact_power_of_two (datasets.o3.tests.test_092.TestVersion)

Traceback (most recent call last):
  File "C:\Users\skaspers\OneDrive - Capgemini\Documents\Prompted Testsuite Analysis\.\datasets\o3\tests\test_092.py", line 9, in test_exact_power_of_two
    self.assertEqual(next_power_of_2(16), 16)
AssertionError: 32 != 16

   - [#   8] LOR datasets.o3.programs.program_092: [5.03863 s] timeout
   - [#   9] LOR datasets.o3.programs.program_092: [0.00099 s] killed by test_large_number (datasets.o3.tests.test_092.TestVersion)

Traceback (most recent call last):
  File "C:\Users\skaspers\OneDrive - Capgemini\Documents\Prompted Testsuite Analysis\.\datasets\o3\tests\test_092.py", line 24, in test_large_number
    self.assertEqual(next_power_of_2(1025), 2048)
AssertionError: 0 != 2048

   - [#  10] ROR datasets.o3.programs.program_092: [0.00099 s] killed by test_large_number (datasets.o3.tests.test_092.TestVersion)

Traceback (most recent call last):
  File "C:\Users\skaspers\OneDrive - Capgemini\Documents\Prompted Testsuite Analysis\.\datasets\o3\tests\test_092.py", line 24, in test_large_number
    self.assertEqual(next_power_of_2(1025), 2048)
AssertionError: 1 != 2048

[*] Mutation score [5.10324 s]: 100.0%
   - all: 10
   - killed: 9 (90.0%)
   - survived: 0 (0.0%)
   - incompetent: 0 (0.0%)
   - timeout: 1 (10.0%)
HI SANDER, RUNNING MUTPY FROM: C:\Users\skaspers\OneDrive - Capgemini\Documents\Prompted Testsuite Analysis\.venv38\lib\site-packages\mutpy\commandline.py
