[*] Start mutation process:
   - targets: datasets.o3.programs.program_046
   - tests: datasets.o3.tests.test_046
[*] 6 tests passed:
   - datasets.o3.tests.test_046 [0.00000 s]
[*] Start mutants generation and execution:
   - [#   1] AOR datasets.o3.programs.program_046: [0.00000 s] killed by test_floats (datasets.o3.tests.test_046.TestVersion)

Traceback (most recent call last):
  File "C:\Users\skaspers\OneDrive - Capgemini\Documents\Prompted Testsuite Analysis\.\datasets\o3\tests\test_046.py", line 18, in test_floats
    self.assertAlmostEqual(multiply_num([1.5, 2.5]), 1.875, places=3)
AssertionError: 1.0 != 1.875 within 3 places (0.875 difference)

   - [#   2] AOR datasets.o3.programs.program_046: [0.00000 s] killed by test_average_positive_ints (datasets.o3.tests.test_046.TestVersion)

Traceback (most recent call last):
  File "C:\Users\skaspers\OneDrive - Capgemini\Documents\Prompted Testsuite Analysis\.\datasets\o3\tests\test_046.py", line 6, in test_average_positive_ints
    self.assertEqual(multiply_num([1, 2, 3, 4]), 6.0)
AssertionError: 96 != 6.0

   - [#   3] ASR datasets.o3.programs.program_046: [0.00000 s] killed by test_average_positive_ints (datasets.o3.tests.test_046.TestVersion)

Traceback (most recent call last):
  File "C:\Users\skaspers\OneDrive - Capgemini\Documents\Prompted Testsuite Analysis\.\datasets\o3\tests\test_046.py", line 6, in test_average_positive_ints
    self.assertEqual(multiply_num([1, 2, 3, 4]), 6.0)
AssertionError: 0.010416666666666666 != 6.0

   - [#   4] ASR datasets.o3.programs.program_046: [0.00000 s] killed by test_average_positive_ints (datasets.o3.tests.test_046.TestVersion)

Traceback (most recent call last):
  File "C:\Users\skaspers\OneDrive - Capgemini\Documents\Prompted Testsuite Analysis\.\datasets\o3\tests\test_046.py", line 6, in test_average_positive_ints
    self.assertEqual(multiply_num([1, 2, 3, 4]), 6.0)
AssertionError: 0.0 != 6.0

   - [#   5] ASR datasets.o3.programs.program_046: [0.00000 s] killed by test_average_positive_ints (datasets.o3.tests.test_046.TestVersion)

Traceback (most recent call last):
  File "C:\Users\skaspers\OneDrive - Capgemini\Documents\Prompted Testsuite Analysis\.\datasets\o3\tests\test_046.py", line 6, in test_average_positive_ints
    self.assertEqual(multiply_num([1, 2, 3, 4]), 6.0)
AssertionError: 0.25 != 6.0

[*] Mutation score [0.03125 s]: 100.0%
   - all: 5
   - killed: 5 (100.0%)
   - survived: 0 (0.0%)
   - incompetent: 0 (0.0%)
   - timeout: 0 (0.0%)
HI SANDER, RUNNING MUTPY FROM: C:\Users\skaspers\OneDrive - Capgemini\Documents\Prompted Testsuite Analysis\.venv38\lib\site-packages\mutpy\commandline.py
