[*] Start mutation process:
   - targets: datasets.o3.programs.program_013
   - tests: datasets.o3.tests.test_013
[*] 6 tests passed:
   - datasets.o3.tests.test_013 [0.00000 s]
[*] Start mutants generation and execution:
   - [#   1] AOR datasets.o3.programs.program_013: [0.00000 s] killed by test_count_substrings_double_ones (datasets.o3.tests.test_013.TestVersion)

Traceback (most recent call last):
  File "C:\Users\skaspers\OneDrive - Capgemini\Documents\Prompted Testsuite Analysis\.\datasets\o3\tests\test_013.py", line 15, in test_count_substrings_double_ones
    self.assertEqual(count_Substrings("11"), 3)
AssertionError: 0 != 3

   - [#   2] AOR datasets.o3.programs.program_013: [0.00000 s] killed by test_count_substrings_double_ones (datasets.o3.tests.test_013.TestVersion)

Traceback (most recent call last):
  File "C:\Users\skaspers\OneDrive - Capgemini\Documents\Prompted Testsuite Analysis\.\datasets\o3\tests\test_013.py", line 15, in test_count_substrings_double_ones
    self.assertEqual(count_Substrings("11"), 3)
AssertionError: 0 != 3

   - [#   3] AOR datasets.o3.programs.program_013: [0.00000 s] killed by test_count_substrings_all_zeros (datasets.o3.tests.test_013.TestVersion)

Traceback (most recent call last):
  File "C:\Users\skaspers\OneDrive - Capgemini\Documents\Prompted Testsuite Analysis\.\datasets\o3\tests\test_013.py", line 9, in test_count_substrings_all_zeros
    self.assertEqual(count_Substrings("000"), 0)
AssertionError: 2 != 0

   - [#   4] AOR datasets.o3.programs.program_013: [0.00000 s] killed by test_count_substrings_double_ones (datasets.o3.tests.test_013.TestVersion)

Traceback (most recent call last):
  File "C:\Users\skaspers\OneDrive - Capgemini\Documents\Prompted Testsuite Analysis\.\datasets\o3\tests\test_013.py", line 15, in test_count_substrings_double_ones
    self.assertEqual(count_Substrings("11"), 3)
AssertionError: 2 != 3

   - [#   5] AOR datasets.o3.programs.program_013: [0.00000 s] killed by test_count_substrings_double_ones (datasets.o3.tests.test_013.TestVersion)

Traceback (most recent call last):
  File "C:\Users\skaspers\OneDrive - Capgemini\Documents\Prompted Testsuite Analysis\.\datasets\o3\tests\test_013.py", line 15, in test_count_substrings_double_ones
    self.assertEqual(count_Substrings("11"), 3)
AssertionError: 2 != 3

   - [#   6] ASR datasets.o3.programs.program_013: [0.00000 s] killed by test_count_substrings_double_ones (datasets.o3.tests.test_013.TestVersion)

Traceback (most recent call last):
  File "C:\Users\skaspers\OneDrive - Capgemini\Documents\Prompted Testsuite Analysis\.\datasets\o3\tests\test_013.py", line 15, in test_count_substrings_double_ones
    self.assertEqual(count_Substrings("11"), 3)
AssertionError: -1 != 3

   - [#   7] ASR datasets.o3.programs.program_013: [0.00000 s] killed by test_count_substrings_double_ones (datasets.o3.tests.test_013.TestVersion)

Traceback (most recent call last):
  File "C:\Users\skaspers\OneDrive - Capgemini\Documents\Prompted Testsuite Analysis\.\datasets\o3\tests\test_013.py", line 15, in test_count_substrings_double_ones
    self.assertEqual(count_Substrings("11"), 3)
AssertionError: 0 != 3

   - [#   8] ASR datasets.o3.programs.program_013: [0.00000 s] killed by test_count_substrings_double_ones (datasets.o3.tests.test_013.TestVersion)

Traceback (most recent call last):
  File "C:\Users\skaspers\OneDrive - Capgemini\Documents\Prompted Testsuite Analysis\.\datasets\o3\tests\test_013.py", line 15, in test_count_substrings_double_ones
    self.assertEqual(count_Substrings("11"), 3)
AssertionError: -3 != 3

   - [#   9] ASR datasets.o3.programs.program_013: [0.00000 s] killed by test_count_substrings_double_ones (datasets.o3.tests.test_013.TestVersion)

Traceback (most recent call last):
  File "C:\Users\skaspers\OneDrive - Capgemini\Documents\Prompted Testsuite Analysis\.\datasets\o3\tests\test_013.py", line 15, in test_count_substrings_double_ones
    self.assertEqual(count_Substrings("11"), 3)
AssertionError: 1 != 3

[*] Mutation score [0.07641 s]: 100.0%
   - all: 9
   - killed: 9 (100.0%)
   - survived: 0 (0.0%)
   - incompetent: 0 (0.0%)
   - timeout: 0 (0.0%)
HI SANDER, RUNNING MUTPY FROM: C:\Users\skaspers\OneDrive - Capgemini\Documents\Prompted Testsuite Analysis\.venv38\lib\site-packages\mutpy\commandline.py
