[*] Start mutation process:
   - targets: datasets.o3.programs.program_093
   - tests: datasets.o3.tests.test_093
[*] 5 tests passed:
   - datasets.o3.tests.test_093 [0.00000 s]
[*] Start mutants generation and execution:
   - [#   1] ASR datasets.o3.programs.program_093: [0.00100 s] killed by test_multiple_occurrences (datasets.o3.tests.test_093.TestVersion)

Traceback (most recent call last):
  File "C:\Users\skaspers\OneDrive - Capgemini\Documents\Prompted Testsuite Analysis\.\datasets\o3\tests\test_093.py", line 15, in test_multiple_occurrences
    self.assertEqual(frequency([2,2,2,3], 2), 3)
AssertionError: -3 != 3

   - [#   2] COI datasets.o3.programs.program_093: [0.00104 s] killed by test_multiple_occurrences (datasets.o3.tests.test_093.TestVersion)

Traceback (most recent call last):
  File "C:\Users\skaspers\OneDrive - Capgemini\Documents\Prompted Testsuite Analysis\.\datasets\o3\tests\test_093.py", line 15, in test_multiple_occurrences
    self.assertEqual(frequency([2,2,2,3], 2), 3)
AssertionError: 1 != 3

   - [#   3] ROR datasets.o3.programs.program_093: [0.00100 s] killed by test_multiple_occurrences (datasets.o3.tests.test_093.TestVersion)

Traceback (most recent call last):
  File "C:\Users\skaspers\OneDrive - Capgemini\Documents\Prompted Testsuite Analysis\.\datasets\o3\tests\test_093.py", line 15, in test_multiple_occurrences
    self.assertEqual(frequency([2,2,2,3], 2), 3)
AssertionError: 1 != 3

[*] Mutation score [0.03062 s]: 100.0%
   - all: 3
   - killed: 3 (100.0%)
   - survived: 0 (0.0%)
   - incompetent: 0 (0.0%)
   - timeout: 0 (0.0%)
HI SANDER, RUNNING MUTPY FROM: C:\Users\skaspers\OneDrive - Capgemini\Documents\Prompted Testsuite Analysis\.venv38\lib\site-packages\mutpy\commandline.py
