[*] Start mutation process:
   - targets: datasets.o3.programs.program_065
   - tests: datasets.o3.tests.test_065
[*] 7 tests passed:
   - datasets.o3.tests.test_065 [1.94178 s]
[*] Start mutants generation and execution:
   - [#   1] AOR datasets.o3.programs.program_065: [0.00000 s] killed by test_first_pair_full (datasets.o3.tests.test_065.TestVersion)

Traceback (most recent call last):
  File "C:\Users\skaspers\OneDrive - Capgemini\Documents\Prompted Testsuite Analysis\.\datasets\o3\tests\test_065.py", line 22, in test_first_pair_full
    self.assertEqual(amicable_numbers_sum(284), 504)
AssertionError: 220 != 504

   - [#   2] AOR datasets.o3.programs.program_065: [0.01057 s] killed by test_first_pair_full (datasets.o3.tests.test_065.TestVersion)

Traceback (most recent call last):
  File "C:\Users\skaspers\OneDrive - Capgemini\Documents\Prompted Testsuite Analysis\.\datasets\o3\tests\test_065.py", line 22, in test_first_pair_full
    self.assertEqual(amicable_numbers_sum(284), 504)
AssertionError: 0 != 504

   - [#   3] AOR datasets.o3.programs.program_065: [0.00457 s] killed by test_first_pair_full (datasets.o3.tests.test_065.TestVersion)

Traceback (most recent call last):
  File "C:\Users\skaspers\OneDrive - Capgemini\Documents\Prompted Testsuite Analysis\.\datasets\o3\tests\test_065.py", line 22, in test_first_pair_full
    self.assertEqual(amicable_numbers_sum(284), 504)
AssertionError: 0 != 504

   - [#   4] BCR datasets.o3.programs.program_065: [1.93432 s] survived
   - [#   5] COD datasets.o3.programs.program_065: [0.00000 s] killed by test_first_pair_full (datasets.o3.tests.test_065.TestVersion)

Traceback (most recent call last):
  File "C:\Users\skaspers\OneDrive - Capgemini\Documents\Prompted Testsuite Analysis\.\datasets\o3\tests\test_065.py", line 22, in test_first_pair_full
    self.assertEqual(amicable_numbers_sum(284), 504)
AssertionError: 'Input is not an integer!' != 504

   - [#   6] COI datasets.o3.programs.program_065: [0.01563 s] killed by test_first_pair_full (datasets.o3.tests.test_065.TestVersion)

Traceback (most recent call last):
  File "C:\Users\skaspers\OneDrive - Capgemini\Documents\Prompted Testsuite Analysis\.\datasets\o3\tests\test_065.py", line 22, in test_first_pair_full
    self.assertEqual(amicable_numbers_sum(284), 504)
AssertionError: 'Input is not an integer!' != 504

   - [#   7] COI datasets.o3.programs.program_065: [0.00000 s] killed by test_first_pair_full (datasets.o3.tests.test_065.TestVersion)

Traceback (most recent call last):
  File "C:\Users\skaspers\OneDrive - Capgemini\Documents\Prompted Testsuite Analysis\.\datasets\o3\tests\test_065.py", line 22, in test_first_pair_full
    self.assertEqual(amicable_numbers_sum(284), 504)
AssertionError: 'Input must be bigger than 0!' != 504

   - [#   8] COI datasets.o3.programs.program_065: [0.00000 s] killed by test_first_pair_full (datasets.o3.tests.test_065.TestVersion)

Traceback (most recent call last):
  File "C:\Users\skaspers\OneDrive - Capgemini\Documents\Prompted Testsuite Analysis\.\datasets\o3\tests\test_065.py", line 22, in test_first_pair_full
    self.assertEqual(amicable_numbers_sum(284), 504)
AssertionError: 0 != 504

   - [#   9] COI datasets.o3.programs.program_065: [0.00000 s] killed by test_first_pair_full (datasets.o3.tests.test_065.TestVersion)

Traceback (most recent call last):
  File "C:\Users\skaspers\OneDrive - Capgemini\Documents\Prompted Testsuite Analysis\.\datasets\o3\tests\test_065.py", line 22, in test_first_pair_full
    self.assertEqual(amicable_numbers_sum(284), 504)
AssertionError: 0 != 504

   - [#  10] COI datasets.o3.programs.program_065: [0.00000 s] killed by test_first_pair_full (datasets.o3.tests.test_065.TestVersion)

Traceback (most recent call last):
  File "C:\Users\skaspers\OneDrive - Capgemini\Documents\Prompted Testsuite Analysis\.\datasets\o3\tests\test_065.py", line 22, in test_first_pair_full
    self.assertEqual(amicable_numbers_sum(284), 504)
AssertionError: 48130 != 504

   - [#  11] LCR datasets.o3.programs.program_065: [0.00000 s] killed by test_first_pair_full (datasets.o3.tests.test_065.TestVersion)

Traceback (most recent call last):
  File "C:\Users\skaspers\OneDrive - Capgemini\Documents\Prompted Testsuite Analysis\.\datasets\o3\tests\test_065.py", line 22, in test_first_pair_full
    self.assertEqual(amicable_numbers_sum(284), 504)
AssertionError: 48634 != 504

   - [#  12] ROR datasets.o3.programs.program_065: [0.01307 s] killed by test_first_pair_full (datasets.o3.tests.test_065.TestVersion)

Traceback (most recent call last):
  File "C:\Users\skaspers\OneDrive - Capgemini\Documents\Prompted Testsuite Analysis\.\datasets\o3\tests\test_065.py", line 22, in test_first_pair_full
    self.assertEqual(amicable_numbers_sum(284), 504)
AssertionError: 'Input must be bigger than 0!' != 504

   - [#  13] ROR datasets.o3.programs.program_065: [1.96421 s] survived
   - [#  14] ROR datasets.o3.programs.program_065: [0.09492 s] killed by test_first_pair_full (datasets.o3.tests.test_065.TestVersion)

Traceback (most recent call last):
  File "C:\Users\skaspers\OneDrive - Capgemini\Documents\Prompted Testsuite Analysis\.\datasets\o3\tests\test_065.py", line 22, in test_first_pair_full
    self.assertEqual(amicable_numbers_sum(284), 504)
AssertionError: 0 != 504

   - [#  15] ROR datasets.o3.programs.program_065: [0.00000 s] killed by test_first_pair_full (datasets.o3.tests.test_065.TestVersion)

Traceback (most recent call last):
  File "C:\Users\skaspers\OneDrive - Capgemini\Documents\Prompted Testsuite Analysis\.\datasets\o3\tests\test_065.py", line 22, in test_first_pair_full
    self.assertEqual(amicable_numbers_sum(284), 504)
AssertionError: 0 != 504

   - [#  16] ROR datasets.o3.programs.program_065: [0.01563 s] killed by test_first_pair_full (datasets.o3.tests.test_065.TestVersion)

Traceback (most recent call last):
  File "C:\Users\skaspers\OneDrive - Capgemini\Documents\Prompted Testsuite Analysis\.\datasets\o3\tests\test_065.py", line 22, in test_first_pair_full
    self.assertEqual(amicable_numbers_sum(284), 504)
AssertionError: 48102 != 504

   - [#  17] ROR datasets.o3.programs.program_065: [0.00000 s] killed by test_first_pair_full (datasets.o3.tests.test_065.TestVersion)

Traceback (most recent call last):
  File "C:\Users\skaspers\OneDrive - Capgemini\Documents\Prompted Testsuite Analysis\.\datasets\o3\tests\test_065.py", line 22, in test_first_pair_full
    self.assertEqual(amicable_numbers_sum(284), 504)
AssertionError: 34 != 504

[*] Mutation score [6.06336 s]: 88.2%
   - all: 17
   - killed: 15 (88.2%)
   - survived: 2 (11.8%)
   - incompetent: 0 (0.0%)
   - timeout: 0 (0.0%)
HI SANDER, RUNNING MUTPY FROM: C:\Users\skaspers\OneDrive - Capgemini\Documents\Prompted Testsuite Analysis\.venv38\lib\site-packages\mutpy\commandline.py
