[*] Start mutation process:
   - targets: datasets.o3.programs.program_030
   - tests: datasets.o3.tests.test_030
[*] 5 tests passed:
   - datasets.o3.tests.test_030 [0.00000 s]
[*] Start mutants generation and execution:
   - [#   1] AOR datasets.o3.programs.program_030: [0.00151 s] killed by test_float_radius (datasets.o3.tests.test_030.TestVersion)

Traceback (most recent call last):
  File "C:\Users\skaspers\OneDrive - Capgemini\Documents\Prompted Testsuite Analysis\.\datasets\o3\tests\test_030.py", line 22, in test_float_radius
    self.assertTrue(math.isclose(volume_sphere(2.5), (4/3)*math.pi*15.625))
AssertionError: False is not true

   - [#   2] AOR datasets.o3.programs.program_030: [0.00000 s] killed by test_float_radius (datasets.o3.tests.test_030.TestVersion)

Traceback (most recent call last):
  File "C:\Users\skaspers\OneDrive - Capgemini\Documents\Prompted Testsuite Analysis\.\datasets\o3\tests\test_030.py", line 22, in test_float_radius
    self.assertTrue(math.isclose(volume_sphere(2.5), (4/3)*math.pi*15.625))
AssertionError: False is not true

   - [#   3] AOR datasets.o3.programs.program_030: [0.00000 s] killed by test_float_radius (datasets.o3.tests.test_030.TestVersion)

Traceback (most recent call last):
  File "C:\Users\skaspers\OneDrive - Capgemini\Documents\Prompted Testsuite Analysis\.\datasets\o3\tests\test_030.py", line 22, in test_float_radius
    self.assertTrue(math.isclose(volume_sphere(2.5), (4/3)*math.pi*15.625))
AssertionError: False is not true

   - [#   4] AOR datasets.o3.programs.program_030: [0.00000 s] killed by test_float_radius (datasets.o3.tests.test_030.TestVersion)

Traceback (most recent call last):
  File "C:\Users\skaspers\OneDrive - Capgemini\Documents\Prompted Testsuite Analysis\.\datasets\o3\tests\test_030.py", line 22, in test_float_radius
    self.assertTrue(math.isclose(volume_sphere(2.5), (4/3)*math.pi*15.625))
AssertionError: False is not true

   - [#   5] AOR datasets.o3.programs.program_030: [0.01451 s] killed by test_float_radius (datasets.o3.tests.test_030.TestVersion)

Traceback (most recent call last):
  File "C:\Users\skaspers\OneDrive - Capgemini\Documents\Prompted Testsuite Analysis\.\datasets\o3\tests\test_030.py", line 22, in test_float_radius
    self.assertTrue(math.isclose(volume_sphere(2.5), (4/3)*math.pi*15.625))
AssertionError: False is not true

   - [#   6] AOR datasets.o3.programs.program_030: [0.00000 s] killed by test_float_radius (datasets.o3.tests.test_030.TestVersion)

Traceback (most recent call last):
  File "C:\Users\skaspers\OneDrive - Capgemini\Documents\Prompted Testsuite Analysis\.\datasets\o3\tests\test_030.py", line 22, in test_float_radius
    self.assertTrue(math.isclose(volume_sphere(2.5), (4/3)*math.pi*15.625))
AssertionError: False is not true

   - [#   7] AOR datasets.o3.programs.program_030: [0.00000 s] killed by test_float_radius (datasets.o3.tests.test_030.TestVersion)

Traceback (most recent call last):
  File "C:\Users\skaspers\OneDrive - Capgemini\Documents\Prompted Testsuite Analysis\.\datasets\o3\tests\test_030.py", line 22, in test_float_radius
    self.assertTrue(math.isclose(volume_sphere(2.5), (4/3)*math.pi*15.625))
AssertionError: False is not true

   - [#   8] AOR datasets.o3.programs.program_030: [0.00000 s] killed by test_float_radius (datasets.o3.tests.test_030.TestVersion)

Traceback (most recent call last):
  File "C:\Users\skaspers\OneDrive - Capgemini\Documents\Prompted Testsuite Analysis\.\datasets\o3\tests\test_030.py", line 22, in test_float_radius
    self.assertTrue(math.isclose(volume_sphere(2.5), (4/3)*math.pi*15.625))
AssertionError: False is not true

   - [#   9] AOR datasets.o3.programs.program_030: [0.00000 s] killed by test_float_radius (datasets.o3.tests.test_030.TestVersion)

Traceback (most recent call last):
  File "C:\Users\skaspers\OneDrive - Capgemini\Documents\Prompted Testsuite Analysis\.\datasets\o3\tests\test_030.py", line 22, in test_float_radius
    self.assertTrue(math.isclose(volume_sphere(2.5), (4/3)*math.pi*15.625))
AssertionError: False is not true

   - [#  10] AOR datasets.o3.programs.program_030: [0.00000 s] killed by test_float_radius (datasets.o3.tests.test_030.TestVersion)

Traceback (most recent call last):
  File "C:\Users\skaspers\OneDrive - Capgemini\Documents\Prompted Testsuite Analysis\.\datasets\o3\tests\test_030.py", line 22, in test_float_radius
    self.assertTrue(math.isclose(volume_sphere(2.5), (4/3)*math.pi*15.625))
AssertionError: False is not true

   - [#  11] AOR datasets.o3.programs.program_030: [0.00752 s] killed by test_float_radius (datasets.o3.tests.test_030.TestVersion)

Traceback (most recent call last):
  File "C:\Users\skaspers\OneDrive - Capgemini\Documents\Prompted Testsuite Analysis\.\datasets\o3\tests\test_030.py", line 22, in test_float_radius
    self.assertTrue(math.isclose(volume_sphere(2.5), (4/3)*math.pi*15.625))
AssertionError: False is not true

   - [#  12] AOR datasets.o3.programs.program_030: [0.00000 s] killed by test_float_radius (datasets.o3.tests.test_030.TestVersion)

Traceback (most recent call last):
  File "C:\Users\skaspers\OneDrive - Capgemini\Documents\Prompted Testsuite Analysis\.\datasets\o3\tests\test_030.py", line 22, in test_float_radius
    self.assertTrue(math.isclose(volume_sphere(2.5), (4/3)*math.pi*15.625))
AssertionError: False is not true

   - [#  13] AOR datasets.o3.programs.program_030: [0.00000 s] killed by test_float_radius (datasets.o3.tests.test_030.TestVersion)

Traceback (most recent call last):
  File "C:\Users\skaspers\OneDrive - Capgemini\Documents\Prompted Testsuite Analysis\.\datasets\o3\tests\test_030.py", line 22, in test_float_radius
    self.assertTrue(math.isclose(volume_sphere(2.5), (4/3)*math.pi*15.625))
AssertionError: False is not true

   - [#  14] AOR datasets.o3.programs.program_030: [0.00000 s] killed by test_float_radius (datasets.o3.tests.test_030.TestVersion)

Traceback (most recent call last):
  File "C:\Users\skaspers\OneDrive - Capgemini\Documents\Prompted Testsuite Analysis\.\datasets\o3\tests\test_030.py", line 22, in test_float_radius
    self.assertTrue(math.isclose(volume_sphere(2.5), (4/3)*math.pi*15.625))
AssertionError: False is not true

[*] Mutation score [0.07592 s]: 100.0%
   - all: 14
   - killed: 14 (100.0%)
   - survived: 0 (0.0%)
   - incompetent: 0 (0.0%)
   - timeout: 0 (0.0%)
HI SANDER, RUNNING MUTPY FROM: C:\Users\skaspers\OneDrive - Capgemini\Documents\Prompted Testsuite Analysis\.venv38\lib\site-packages\mutpy\commandline.py
