[*] Start mutation process:
   - targets: datasets.o3.programs.program_068
   - tests: datasets.o3.tests.test_068
[*] 5 tests passed:
   - datasets.o3.tests.test_068 [0.00000 s]
[*] Start mutants generation and execution:
   - [#   1] AOR datasets.o3.programs.program_068: [0.01010 s] killed by test_common_divisors (datasets.o3.tests.test_068.TestVersion)

Traceback (most recent call last):
  File "C:\Users\skaspers\OneDrive - Capgemini\Documents\Prompted Testsuite Analysis\.\datasets\o3\tests\test_068.py", line 6, in test_common_divisors
    self.assertEqual(sum(12,18), 12)
AssertionError: 0 != 12

   - [#   2] AOR datasets.o3.programs.program_068: [0.00000 s] killed by test_common_divisors (datasets.o3.tests.test_068.TestVersion)

Traceback (most recent call last):
  File "C:\Users\skaspers\OneDrive - Capgemini\Documents\Prompted Testsuite Analysis\.\datasets\o3\tests\test_068.py", line 6, in test_common_divisors
    self.assertEqual(sum(12,18), 12)
AssertionError: 0 != 12

   - [#   3] ASR datasets.o3.programs.program_068: [0.00000 s] killed by test_common_divisors (datasets.o3.tests.test_068.TestVersion)

Traceback (most recent call last):
  File "C:\Users\skaspers\OneDrive - Capgemini\Documents\Prompted Testsuite Analysis\.\datasets\o3\tests\test_068.py", line 6, in test_common_divisors
    self.assertEqual(sum(12,18), 12)
AssertionError: -12 != 12

   - [#   4] COI datasets.o3.programs.program_068: [0.00000 s] killed by test_common_divisors (datasets.o3.tests.test_068.TestVersion)

Traceback (most recent call last):
  File "C:\Users\skaspers\OneDrive - Capgemini\Documents\Prompted Testsuite Analysis\.\datasets\o3\tests\test_068.py", line 6, in test_common_divisors
    self.assertEqual(sum(12,18), 12)
AssertionError: 54 != 12

   - [#   5] LCR datasets.o3.programs.program_068: [0.00000 s] killed by test_common_divisors (datasets.o3.tests.test_068.TestVersion)

Traceback (most recent call last):
  File "C:\Users\skaspers\OneDrive - Capgemini\Documents\Prompted Testsuite Analysis\.\datasets\o3\tests\test_068.py", line 6, in test_common_divisors
    self.assertEqual(sum(12,18), 12)
AssertionError: 25 != 12

   - [#   6] ROR datasets.o3.programs.program_068: [0.01159 s] killed by test_common_divisors (datasets.o3.tests.test_068.TestVersion)

Traceback (most recent call last):
  File "C:\Users\skaspers\OneDrive - Capgemini\Documents\Prompted Testsuite Analysis\.\datasets\o3\tests\test_068.py", line 6, in test_common_divisors
    self.assertEqual(sum(12,18), 12)
AssertionError: 9 != 12

   - [#   7] ROR datasets.o3.programs.program_068: [0.00114 s] killed by test_common_divisors (datasets.o3.tests.test_068.TestVersion)

Traceback (most recent call last):
  File "C:\Users\skaspers\OneDrive - Capgemini\Documents\Prompted Testsuite Analysis\.\datasets\o3\tests\test_068.py", line 6, in test_common_divisors
    self.assertEqual(sum(12,18), 12)
AssertionError: 4 != 12

[*] Mutation score [0.05150 s]: 100.0%
   - all: 7
   - killed: 7 (100.0%)
   - survived: 0 (0.0%)
   - incompetent: 0 (0.0%)
   - timeout: 0 (0.0%)
HI SANDER, RUNNING MUTPY FROM: C:\Users\skaspers\OneDrive - Capgemini\Documents\Prompted Testsuite Analysis\.venv38\lib\site-packages\mutpy\commandline.py
