[*] Start mutation process:
   - targets: datasets.o3.programs.program_008
   - tests: datasets.o3.tests.test_008
[*] 6 tests passed:
   - datasets.o3.tests.test_008 [0.00000 s]
[*] Start mutants generation and execution:
   - [#   1] AOR datasets.o3.programs.program_008: [0.00100 s] survived
   - [#   2] AOR datasets.o3.programs.program_008: [0.00105 s] killed by test_woodall_seven (datasets.o3.tests.test_008.TestVersion)

Traceback (most recent call last):
  File "C:\Users\skaspers\OneDrive - Capgemini\Documents\Prompted Testsuite Analysis\.\datasets\o3\tests\test_008.py", line 9, in test_woodall_seven
    self.assertTrue(is_woodall(7))
AssertionError: False is not true

   - [#   3] AOR datasets.o3.programs.program_008: [0.00095 s] killed by test_woodall_seven (datasets.o3.tests.test_008.TestVersion)

Traceback (most recent call last):
  File "C:\Users\skaspers\OneDrive - Capgemini\Documents\Prompted Testsuite Analysis\.\datasets\o3\tests\test_008.py", line 9, in test_woodall_seven
    self.assertTrue(is_woodall(7))
AssertionError: False is not true

   - [#   4] AOR datasets.o3.programs.program_008: [0.00100 s] survived
   - [#   5] AOR datasets.o3.programs.program_008: [5.04576 s] timeout
   - [#   6] AOR datasets.o3.programs.program_008: [0.00051 s] killed by test_woodall_seven (datasets.o3.tests.test_008.TestVersion)

Traceback (most recent call last):
  File "C:\Users\skaspers\OneDrive - Capgemini\Documents\Prompted Testsuite Analysis\.\datasets\o3\tests\test_008.py", line 9, in test_woodall_seven
    self.assertTrue(is_woodall(7))
AssertionError: False is not true

   - [#   7] COI datasets.o3.programs.program_008: [0.00106 s] killed by test_woodall_one (datasets.o3.tests.test_008.TestVersion)

Traceback (most recent call last):
  File "C:\Users\skaspers\OneDrive - Capgemini\Documents\Prompted Testsuite Analysis\.\datasets\o3\tests\test_008.py", line 6, in test_woodall_one
    self.assertTrue(is_woodall(1))
AssertionError: False is not true

   - [#   8] COI datasets.o3.programs.program_008: [0.00100 s] killed by test_large_non_woodall (datasets.o3.tests.test_008.TestVersion)

Traceback (most recent call last):
  File "C:\Users\skaspers\OneDrive - Capgemini\Documents\Prompted Testsuite Analysis\.\datasets\o3\tests\test_008.py", line 21, in test_large_non_woodall
    self.assertFalse(is_woodall(13))
AssertionError: True is not false

   - [#   9] COI datasets.o3.programs.program_008: [0.00000 s] killed by test_woodall_seven (datasets.o3.tests.test_008.TestVersion)

Traceback (most recent call last):
  File "C:\Users\skaspers\OneDrive - Capgemini\Documents\Prompted Testsuite Analysis\.\datasets\o3\tests\test_008.py", line 9, in test_woodall_seven
    self.assertTrue(is_woodall(7))
AssertionError: False is not true

   - [#  10] COI datasets.o3.programs.program_008: [0.00096 s] killed by test_large_non_woodall (datasets.o3.tests.test_008.TestVersion)

Traceback (most recent call last):
  File "C:\Users\skaspers\OneDrive - Capgemini\Documents\Prompted Testsuite Analysis\.\datasets\o3\tests\test_008.py", line 21, in test_large_non_woodall
    self.assertFalse(is_woodall(13))
AssertionError: True is not false

   - [#  11] ROR datasets.o3.programs.program_008: [0.00200 s] killed by test_woodall_one (datasets.o3.tests.test_008.TestVersion)

Traceback (most recent call last):
  File "C:\Users\skaspers\OneDrive - Capgemini\Documents\Prompted Testsuite Analysis\.\datasets\o3\tests\test_008.py", line 6, in test_woodall_one
    self.assertTrue(is_woodall(1))
AssertionError: False is not true

   - [#  12] ROR datasets.o3.programs.program_008: [0.00000 s] killed by test_large_non_woodall (datasets.o3.tests.test_008.TestVersion)

Traceback (most recent call last):
  File "C:\Users\skaspers\OneDrive - Capgemini\Documents\Prompted Testsuite Analysis\.\datasets\o3\tests\test_008.py", line 21, in test_large_non_woodall
    self.assertFalse(is_woodall(13))
AssertionError: True is not false

   - [#  13] ROR datasets.o3.programs.program_008: [0.00103 s] killed by test_woodall_seven (datasets.o3.tests.test_008.TestVersion)

Traceback (most recent call last):
  File "C:\Users\skaspers\OneDrive - Capgemini\Documents\Prompted Testsuite Analysis\.\datasets\o3\tests\test_008.py", line 9, in test_woodall_seven
    self.assertTrue(is_woodall(7))
AssertionError: False is not true

   - [#  14] ROR datasets.o3.programs.program_008: [0.00100 s] killed by test_large_non_woodall (datasets.o3.tests.test_008.TestVersion)

Traceback (most recent call last):
  File "C:\Users\skaspers\OneDrive - Capgemini\Documents\Prompted Testsuite Analysis\.\datasets\o3\tests\test_008.py", line 21, in test_large_non_woodall
    self.assertFalse(is_woodall(13))
AssertionError: True is not false

[*] Mutation score [5.12911 s]: 85.7%
   - all: 14
   - killed: 11 (78.6%)
   - survived: 2 (14.3%)
   - incompetent: 0 (0.0%)
   - timeout: 1 (7.1%)
HI SANDER, RUNNING MUTPY FROM: C:\Users\skaspers\OneDrive - Capgemini\Documents\Prompted Testsuite Analysis\.venv38\lib\site-packages\mutpy\commandline.py
