[*] Start mutation process:
   - targets: datasets.o3.programs.program_086
   - tests: datasets.o3.tests.test_086
[*] 8 tests passed:
   - datasets.o3.tests.test_086 [0.00000 s]
[*] Start mutants generation and execution:
   - [#   1] COD datasets.o3.programs.program_086: [0.01011 s] killed by test_all_elements_removed (datasets.o3.tests.test_086.TestVersion)

Traceback (most recent call last):
  File "C:\Users\skaspers\OneDrive - Capgemini\Documents\Prompted Testsuite Analysis\.\datasets\o3\tests\test_086.py", line 12, in test_all_elements_removed
    self.assertEqual(remove_elements([1, 1], [1]), [])
AssertionError: Lists differ: [1, 1] != []

First list contains 2 additional elements.
First extra element 0:
1

- [1, 1]
+ []

[*] Mutation score [0.01609 s]: 100.0%
   - all: 1
   - killed: 1 (100.0%)
   - survived: 0 (0.0%)
   - incompetent: 0 (0.0%)
   - timeout: 0 (0.0%)
HI SANDER, RUNNING MUTPY FROM: C:\Users\skaspers\OneDrive - Capgemini\Documents\Prompted Testsuite Analysis\.venv38\lib\site-packages\mutpy\commandline.py
