[*] Start mutation process:
   - targets: datasets.o3.programs.program_033
   - tests: datasets.o3.tests.test_033
[*] 5 tests passed:
   - datasets.o3.tests.test_033 [0.00000 s]
[*] Start mutants generation and execution:
   - [#   1] AOR datasets.o3.programs.program_033: [0.00000 s] killed by test_surfacearea_float (datasets.o3.tests.test_033.TestVersion)

Traceback (most recent call last):
  File "C:\Users\skaspers\OneDrive - Capgemini\Documents\Prompted Testsuite Analysis\.\datasets\o3\tests\test_033.py", line 14, in test_surfacearea_float
    self.assertAlmostEqual(surfacearea_sphere(2.5), 4*math.pi*2.5*2.5)
AssertionError: 7.957747154594768 != 78.53981633974483 within 7 places (70.58206918515006 difference)

   - [#   2] AOR datasets.o3.programs.program_033: [0.00000 s] killed by test_surfacearea_float (datasets.o3.tests.test_033.TestVersion)

Traceback (most recent call last):
  File "C:\Users\skaspers\OneDrive - Capgemini\Documents\Prompted Testsuite Analysis\.\datasets\o3\tests\test_033.py", line 14, in test_surfacearea_float
    self.assertAlmostEqual(surfacearea_sphere(2.5), 4*math.pi*2.5*2.5)
AssertionError: 6.25 != 78.53981633974483 within 7 places (72.28981633974483 difference)

   - [#   3] AOR datasets.o3.programs.program_033: [0.00000 s] killed by test_surfacearea_float (datasets.o3.tests.test_033.TestVersion)

Traceback (most recent call last):
  File "C:\Users\skaspers\OneDrive - Capgemini\Documents\Prompted Testsuite Analysis\.\datasets\o3\tests\test_033.py", line 14, in test_surfacearea_float
    self.assertAlmostEqual(surfacearea_sphere(2.5), 4*math.pi*2.5*2.5)
AssertionError: 486.7514603024256 != 78.53981633974483 within 7 places (408.21164396268074 difference)

   - [#   4] AOR datasets.o3.programs.program_033: [0.00000 s] killed by test_surfacearea_float (datasets.o3.tests.test_033.TestVersion)

Traceback (most recent call last):
  File "C:\Users\skaspers\OneDrive - Capgemini\Documents\Prompted Testsuite Analysis\.\datasets\o3\tests\test_033.py", line 14, in test_surfacearea_float
    self.assertAlmostEqual(surfacearea_sphere(2.5), 4*math.pi*2.5*2.5)
AssertionError: 12.566370614359172 != 78.53981633974483 within 7 places (65.97344572538566 difference)

   - [#   5] AOR datasets.o3.programs.program_033: [0.00000 s] killed by test_surfacearea_float (datasets.o3.tests.test_033.TestVersion)

Traceback (most recent call last):
  File "C:\Users\skaspers\OneDrive - Capgemini\Documents\Prompted Testsuite Analysis\.\datasets\o3\tests\test_033.py", line 14, in test_surfacearea_float
    self.assertAlmostEqual(surfacearea_sphere(2.5), 4*math.pi*2.5*2.5)
AssertionError: 12.5 != 78.53981633974483 within 7 places (66.03981633974483 difference)

   - [#   6] AOR datasets.o3.programs.program_033: [0.00000 s] killed by test_surfacearea_float (datasets.o3.tests.test_033.TestVersion)

Traceback (most recent call last):
  File "C:\Users\skaspers\OneDrive - Capgemini\Documents\Prompted Testsuite Analysis\.\datasets\o3\tests\test_033.py", line 14, in test_surfacearea_float
    self.assertAlmostEqual(surfacearea_sphere(2.5), 4*math.pi*2.5*2.5)
AssertionError: 1399.473466209989 != 78.53981633974483 within 7 places (1320.9336498702442 difference)

   - [#   7] AOR datasets.o3.programs.program_033: [0.00000 s] killed by test_surfacearea_float (datasets.o3.tests.test_033.TestVersion)

Traceback (most recent call last):
  File "C:\Users\skaspers\OneDrive - Capgemini\Documents\Prompted Testsuite Analysis\.\datasets\o3\tests\test_033.py", line 14, in test_surfacearea_float
    self.assertAlmostEqual(surfacearea_sphere(2.5), 4*math.pi*2.5*2.5)
AssertionError: 12.566370614359172 != 78.53981633974483 within 7 places (65.97344572538566 difference)

   - [#   8] AOR datasets.o3.programs.program_033: [0.01565 s] killed by test_surfacearea_float (datasets.o3.tests.test_033.TestVersion)

Traceback (most recent call last):
  File "C:\Users\skaspers\OneDrive - Capgemini\Documents\Prompted Testsuite Analysis\.\datasets\o3\tests\test_033.py", line 14, in test_surfacearea_float
    self.assertAlmostEqual(surfacearea_sphere(2.5), 4*math.pi*2.5*2.5)
AssertionError: 12.0 != 78.53981633974483 within 7 places (66.53981633974483 difference)

   - [#   9] AOR datasets.o3.programs.program_033: [0.00000 s] killed by test_surfacearea_float (datasets.o3.tests.test_033.TestVersion)

Traceback (most recent call last):
  File "C:\Users\skaspers\OneDrive - Capgemini\Documents\Prompted Testsuite Analysis\.\datasets\o3\tests\test_033.py", line 14, in test_surfacearea_float
    self.assertAlmostEqual(surfacearea_sphere(2.5), 4*math.pi*2.5*2.5)
AssertionError: 5531.904597742819 != 78.53981633974483 within 7 places (5453.364781403074 difference)

[*] Mutation score [0.04757 s]: 100.0%
   - all: 9
   - killed: 9 (100.0%)
   - survived: 0 (0.0%)
   - incompetent: 0 (0.0%)
   - timeout: 0 (0.0%)
HI SANDER, RUNNING MUTPY FROM: C:\Users\skaspers\OneDrive - Capgemini\Documents\Prompted Testsuite Analysis\.venv38\lib\site-packages\mutpy\commandline.py
