[*] Start mutation process:
   - targets: datasets.o3.programs.program_096
   - tests: datasets.o3.tests.test_096
[*] 5 tests passed:
   - datasets.o3.tests.test_096 [0.00000 s]
[*] Start mutants generation and execution:
   - [#   1] AOR datasets.o3.programs.program_096: [0.00200 s] killed by test_mixed_case (datasets.o3.tests.test_096.TestVersion)

Traceback (most recent call last):
  File "C:\Users\skaspers\OneDrive - Capgemini\Documents\Prompted Testsuite Analysis\.\datasets\o3\tests\test_096.py", line 15, in test_mixed_case
    self.assertEqual(count_occurance("StDstdSTD"), 1)
  File "datasets.o3.programs.program_096", line 4, in count_occurance
IndexError: string index out of range

   - [#   2] AOR datasets.o3.programs.program_096: [0.00102 s] killed by test_mixed_case (datasets.o3.tests.test_096.TestVersion)

Traceback (most recent call last):
  File "C:\Users\skaspers\OneDrive - Capgemini\Documents\Prompted Testsuite Analysis\.\datasets\o3\tests\test_096.py", line 15, in test_mixed_case
    self.assertEqual(count_occurance("StDstdSTD"), 1)
AssertionError: 0 != 1

   - [#   3] AOR datasets.o3.programs.program_096: [0.00109 s] killed by test_mixed_case (datasets.o3.tests.test_096.TestVersion)

Traceback (most recent call last):
  File "C:\Users\skaspers\OneDrive - Capgemini\Documents\Prompted Testsuite Analysis\.\datasets\o3\tests\test_096.py", line 15, in test_mixed_case
    self.assertEqual(count_occurance("StDstdSTD"), 1)
AssertionError: 0 != 1

   - [#   4] AOR datasets.o3.programs.program_096: [0.00100 s] killed by test_mixed_case (datasets.o3.tests.test_096.TestVersion)

Traceback (most recent call last):
  File "C:\Users\skaspers\OneDrive - Capgemini\Documents\Prompted Testsuite Analysis\.\datasets\o3\tests\test_096.py", line 15, in test_mixed_case
    self.assertEqual(count_occurance("StDstdSTD"), 1)
AssertionError: -1 != 1

   - [#   5] COI datasets.o3.programs.program_096: [0.00101 s] killed by test_mixed_case (datasets.o3.tests.test_096.TestVersion)

Traceback (most recent call last):
  File "C:\Users\skaspers\OneDrive - Capgemini\Documents\Prompted Testsuite Analysis\.\datasets\o3\tests\test_096.py", line 15, in test_mixed_case
    self.assertEqual(count_occurance("StDstdSTD"), 1)
AssertionError: 6 != 1

   - [#   6] LCR datasets.o3.programs.program_096: [0.00036 s] killed by test_mixed_case (datasets.o3.tests.test_096.TestVersion)

Traceback (most recent call last):
  File "C:\Users\skaspers\OneDrive - Capgemini\Documents\Prompted Testsuite Analysis\.\datasets\o3\tests\test_096.py", line 15, in test_mixed_case
    self.assertEqual(count_occurance("StDstdSTD"), 1)
AssertionError: 2 != 1

   - [#   7] ROR datasets.o3.programs.program_096: [0.00100 s] killed by test_mixed_case (datasets.o3.tests.test_096.TestVersion)

Traceback (most recent call last):
  File "C:\Users\skaspers\OneDrive - Capgemini\Documents\Prompted Testsuite Analysis\.\datasets\o3\tests\test_096.py", line 15, in test_mixed_case
    self.assertEqual(count_occurance("StDstdSTD"), 1)
AssertionError: 0 != 1

   - [#   8] ROR datasets.o3.programs.program_096: [0.00000 s] killed by test_mixed_case (datasets.o3.tests.test_096.TestVersion)

Traceback (most recent call last):
  File "C:\Users\skaspers\OneDrive - Capgemini\Documents\Prompted Testsuite Analysis\.\datasets\o3\tests\test_096.py", line 15, in test_mixed_case
    self.assertEqual(count_occurance("StDstdSTD"), 1)
AssertionError: 0 != 1

   - [#   9] ROR datasets.o3.programs.program_096: [0.00099 s] killed by test_mixed_case (datasets.o3.tests.test_096.TestVersion)

Traceback (most recent call last):
  File "C:\Users\skaspers\OneDrive - Capgemini\Documents\Prompted Testsuite Analysis\.\datasets\o3\tests\test_096.py", line 15, in test_mixed_case
    self.assertEqual(count_occurance("StDstdSTD"), 1)
AssertionError: 0 != 1

[*] Mutation score [0.06437 s]: 100.0%
   - all: 9
   - killed: 9 (100.0%)
   - survived: 0 (0.0%)
   - incompetent: 0 (0.0%)
   - timeout: 0 (0.0%)
HI SANDER, RUNNING MUTPY FROM: C:\Users\skaspers\OneDrive - Capgemini\Documents\Prompted Testsuite Analysis\.venv38\lib\site-packages\mutpy\commandline.py
