[*] Start mutation process:
   - targets: datasets.o3.programs.program_099
   - tests: datasets.o3.tests.test_099
[*] 5 tests passed:
   - datasets.o3.tests.test_099 [0.00000 s]
[*] Start mutants generation and execution:
   - [#   1] ASR datasets.o3.programs.program_099: [0.00100 s] killed by test_five (datasets.o3.tests.test_099.TestVersion)

Traceback (most recent call last):
  File "C:\Users\skaspers\OneDrive - Capgemini\Documents\Prompted Testsuite Analysis\.\datasets\o3\tests\test_099.py", line 12, in test_five
    self.assertEqual(count_Set_Bits(5), 2)
AssertionError: -2 != 2

   - [#   2] COI datasets.o3.programs.program_099: [0.00101 s] killed by test_five (datasets.o3.tests.test_099.TestVersion)

Traceback (most recent call last):
  File "C:\Users\skaspers\OneDrive - Capgemini\Documents\Prompted Testsuite Analysis\.\datasets\o3\tests\test_099.py", line 12, in test_five
    self.assertEqual(count_Set_Bits(5), 2)
AssertionError: 0 != 2

   - [#   3] LOR datasets.o3.programs.program_099: [0.00100 s] killed by test_five (datasets.o3.tests.test_099.TestVersion)

Traceback (most recent call last):
  File "C:\Users\skaspers\OneDrive - Capgemini\Documents\Prompted Testsuite Analysis\.\datasets\o3\tests\test_099.py", line 12, in test_five
    self.assertEqual(count_Set_Bits(5), 2)
AssertionError: 9 != 2

   - [#   4] LOR datasets.o3.programs.program_099: [5.03774 s] timeout
[*] Mutation score [5.06735 s]: 100.0%
   - all: 4
   - killed: 3 (75.0%)
   - survived: 0 (0.0%)
   - incompetent: 0 (0.0%)
   - timeout: 1 (25.0%)
HI SANDER, RUNNING MUTPY FROM: C:\Users\skaspers\OneDrive - Capgemini\Documents\Prompted Testsuite Analysis\.venv38\lib\site-packages\mutpy\commandline.py
