[*] Start mutation process:
   - targets: datasets.GPT_4.Chain_of_thought2.programs.program_005
   - tests: datasets.GPT_4.Chain_of_thought2.tests.test_005
[*] 9 tests passed:
   - datasets.GPT_4.Chain_of_thought2.tests.test_005 [0.00000 s]
[*] Start mutants generation and execution:
   - [#   1] AOR datasets.GPT_4.Chain_of_thought2.programs.program_005: [0.01562 s] killed by test_boolean_false (datasets.GPT_4.Chain_of_thought2.tests.test_005.TestVersion)

Traceback (most recent call last):
  File "C:\Users\skaspers\OneDrive - Capgemini\Documents\Prompted Testsuite Analysis\.\datasets\GPT_4\Chain_of_thought2\tests\test_005.py", line 19, in test_boolean_false
    def test_boolean_false(self): self.assertEqual(square_perimeter(False), 0)
  File "datasets.GPT_4.Chain_of_thought2.programs.program_005", line 2, in square_perimeter
ZeroDivisionError: division by zero

   - [#   2] AOR datasets.GPT_4.Chain_of_thought2.programs.program_005: [0.00000 s] killed by test_boolean_false (datasets.GPT_4.Chain_of_thought2.tests.test_005.TestVersion)

Traceback (most recent call last):
  File "C:\Users\skaspers\OneDrive - Capgemini\Documents\Prompted Testsuite Analysis\.\datasets\GPT_4\Chain_of_thought2\tests\test_005.py", line 19, in test_boolean_false
    def test_boolean_false(self): self.assertEqual(square_perimeter(False), 0)
  File "datasets.GPT_4.Chain_of_thought2.programs.program_005", line 2, in square_perimeter
ZeroDivisionError: integer division or modulo by zero

   - [#   3] AOR datasets.GPT_4.Chain_of_thought2.programs.program_005: [0.00000 s] killed by test_boolean_false (datasets.GPT_4.Chain_of_thought2.tests.test_005.TestVersion)

Traceback (most recent call last):
  File "C:\Users\skaspers\OneDrive - Capgemini\Documents\Prompted Testsuite Analysis\.\datasets\GPT_4\Chain_of_thought2\tests\test_005.py", line 19, in test_boolean_false
    def test_boolean_false(self): self.assertEqual(square_perimeter(False), 0)
AssertionError: 1 != 0

[*] Mutation score [0.03375 s]: 100.0%
   - all: 3
   - killed: 3 (100.0%)
   - survived: 0 (0.0%)
   - incompetent: 0 (0.0%)
   - timeout: 0 (0.0%)
HI SANDER, RUNNING MUTPY FROM: C:\Users\skaspers\OneDrive - Capgemini\Documents\Prompted Testsuite Analysis\.venv38\lib\site-packages\mutpy\commandline.py
