[*] Start mutation process:
   - targets: datasets.GPT_4.Chain_of_thought2.programs.program_034
   - tests: datasets.GPT_4.Chain_of_thought2.tests.test_034
[*] 7 tests passed:
   - datasets.GPT_4.Chain_of_thought2.tests.test_034 [0.00000 s]
[*] Start mutants generation and execution:
   - [#   1] AOR datasets.GPT_4.Chain_of_thought2.programs.program_034: [0.00000 s] killed by test_large_n (datasets.GPT_4.Chain_of_thought2.tests.test_034.TestVersion)

Traceback (most recent call last):
  File "C:\Users\skaspers\OneDrive - Capgemini\Documents\Prompted Testsuite Analysis\.\datasets\GPT_4\Chain_of_thought2\tests\test_034.py", line 13, in test_large_n
    def test_large_n(self): expected = 3 * 1000 * 999 + 1; self.assertEqual(centered_hexagonal_number(1000), expected)
AssertionError: 3.997 != 2997001

   - [#   2] AOR datasets.GPT_4.Chain_of_thought2.programs.program_034: [0.00000 s] killed by test_large_n (datasets.GPT_4.Chain_of_thought2.tests.test_034.TestVersion)

Traceback (most recent call last):
  File "C:\Users\skaspers\OneDrive - Capgemini\Documents\Prompted Testsuite Analysis\.\datasets\GPT_4\Chain_of_thought2\tests\test_034.py", line 13, in test_large_n
    def test_large_n(self): expected = 3 * 1000 * 999 + 1; self.assertEqual(centered_hexagonal_number(1000), expected)
AssertionError: 1 != 2997001

   - [#   3] AOR datasets.GPT_4.Chain_of_thought2.programs.program_034: [0.00000 s] killed by test_large_n (datasets.GPT_4.Chain_of_thought2.tests.test_034.TestVersion)

Traceback (most recent call last):
  File "C:\Users\skaspers\OneDrive - Capgemini\Documents\Prompted Testsuite Analysis\.\datasets\GPT_4\Chain_of_thought2\tests\test_034.py", line 13, in test_large_n
    def test_large_n(self): expected = 3 * 1000 * 999 + 1; self.assertEqual(centered_hexagonal_number(1000), expected)
AssertionError: 13207487486613258302535648044923922215994[435 chars]81000 != 2997001

   - [#   4] AOR datasets.GPT_4.Chain_of_thought2.programs.program_034: [0.00000 s] killed by test_large_n (datasets.GPT_4.Chain_of_thought2.tests.test_034.TestVersion)

Traceback (most recent call last):
  File "C:\Users\skaspers\OneDrive - Capgemini\Documents\Prompted Testsuite Analysis\.\datasets\GPT_4\Chain_of_thought2\tests\test_034.py", line 13, in test_large_n
    def test_large_n(self): expected = 3 * 1000 * 999 + 1; self.assertEqual(centered_hexagonal_number(1000), expected)
AssertionError: 4.003003003003003 != 2997001

   - [#   5] AOR datasets.GPT_4.Chain_of_thought2.programs.program_034: [0.00000 s] killed by test_large_n (datasets.GPT_4.Chain_of_thought2.tests.test_034.TestVersion)

Traceback (most recent call last):
  File "C:\Users\skaspers\OneDrive - Capgemini\Documents\Prompted Testsuite Analysis\.\datasets\GPT_4\Chain_of_thought2\tests\test_034.py", line 13, in test_large_n
    def test_large_n(self): expected = 3 * 1000 * 999 + 1; self.assertEqual(centered_hexagonal_number(1000), expected)
AssertionError: 4 != 2997001

   - [#   6] AOR datasets.GPT_4.Chain_of_thought2.programs.program_034: [0.01001 s] killed by test_large_n (datasets.GPT_4.Chain_of_thought2.tests.test_034.TestVersion)

Traceback (most recent call last):
  File "C:\Users\skaspers\OneDrive - Capgemini\Documents\Prompted Testsuite Analysis\.\datasets\GPT_4\Chain_of_thought2\tests\test_034.py", line 13, in test_large_n
    def test_large_n(self): expected = 3 * 1000 * 999 + 1; self.assertEqual(centered_hexagonal_number(1000), expected)
AssertionError: 44069027316026887896348508658404812198847[3428 chars]00001 != 2997001

   - [#   7] AOR datasets.GPT_4.Chain_of_thought2.programs.program_034: [0.00000 s] killed by test_large_n (datasets.GPT_4.Chain_of_thought2.tests.test_034.TestVersion)

Traceback (most recent call last):
  File "C:\Users\skaspers\OneDrive - Capgemini\Documents\Prompted Testsuite Analysis\.\datasets\GPT_4\Chain_of_thought2\tests\test_034.py", line 13, in test_large_n
    def test_large_n(self): expected = 3 * 1000 * 999 + 1; self.assertEqual(centered_hexagonal_number(1000), expected)
AssertionError: 3003001 != 2997001

   - [#   8] AOR datasets.GPT_4.Chain_of_thought2.programs.program_034: [0.00000 s] killed by test_large_n (datasets.GPT_4.Chain_of_thought2.tests.test_034.TestVersion)

Traceback (most recent call last):
  File "C:\Users\skaspers\OneDrive - Capgemini\Documents\Prompted Testsuite Analysis\.\datasets\GPT_4\Chain_of_thought2\tests\test_034.py", line 13, in test_large_n
    def test_large_n(self): expected = 3 * 1000 * 999 + 1; self.assertEqual(centered_hexagonal_number(1000), expected)
AssertionError: 2996999 != 2997001

[*] Mutation score [0.04682 s]: 100.0%
   - all: 8
   - killed: 8 (100.0%)
   - survived: 0 (0.0%)
   - incompetent: 0 (0.0%)
   - timeout: 0 (0.0%)
HI SANDER, RUNNING MUTPY FROM: C:\Users\skaspers\OneDrive - Capgemini\Documents\Prompted Testsuite Analysis\.venv38\lib\site-packages\mutpy\commandline.py
