[*] Start mutation process:
   - targets: datasets.GPT_4.Chain_of_thought2.programs.program_033
   - tests: datasets.GPT_4.Chain_of_thought2.tests.test_033
[*] 7 tests passed:
   - datasets.GPT_4.Chain_of_thought2.tests.test_033 [0.00000 s]
[*] Start mutants generation and execution:
   - [#   1] AOR datasets.GPT_4.Chain_of_thought2.programs.program_033: [0.01563 s] killed by test_boolean_true_input (datasets.GPT_4.Chain_of_thought2.tests.test_033.TestVersion)

Traceback (most recent call last):
  File "C:\Users\skaspers\OneDrive - Capgemini\Documents\Prompted Testsuite Analysis\.\datasets\GPT_4\Chain_of_thought2\tests\test_033.py", line 17, in test_boolean_true_input
    def test_boolean_true_input(self): self.assertAlmostEqual(surfacearea_sphere(True), 4 * math.pi, places=5)
AssertionError: 1.2732395447351628 != 12.566370614359172 within 5 places (11.29313106962401 difference)

   - [#   2] AOR datasets.GPT_4.Chain_of_thought2.programs.program_033: [0.00000 s] killed by test_boolean_true_input (datasets.GPT_4.Chain_of_thought2.tests.test_033.TestVersion)

Traceback (most recent call last):
  File "C:\Users\skaspers\OneDrive - Capgemini\Documents\Prompted Testsuite Analysis\.\datasets\GPT_4\Chain_of_thought2\tests\test_033.py", line 17, in test_boolean_true_input
    def test_boolean_true_input(self): self.assertAlmostEqual(surfacearea_sphere(True), 4 * math.pi, places=5)
AssertionError: 1.0 != 12.566370614359172 within 5 places (11.566370614359172 difference)

   - [#   3] AOR datasets.GPT_4.Chain_of_thought2.programs.program_033: [0.00000 s] killed by test_boolean_true_input (datasets.GPT_4.Chain_of_thought2.tests.test_033.TestVersion)

Traceback (most recent call last):
  File "C:\Users\skaspers\OneDrive - Capgemini\Documents\Prompted Testsuite Analysis\.\datasets\GPT_4\Chain_of_thought2\tests\test_033.py", line 17, in test_boolean_true_input
    def test_boolean_true_input(self): self.assertAlmostEqual(surfacearea_sphere(True), 4 * math.pi, places=5)
AssertionError: 77.8802336483881 != 12.566370614359172 within 5 places (65.31386303402893 difference)

   - [#   4] AOR datasets.GPT_4.Chain_of_thought2.programs.program_033: [0.00000 s] killed by test_large_radius (datasets.GPT_4.Chain_of_thought2.tests.test_033.TestVersion)

Traceback (most recent call last):
  File "C:\Users\skaspers\OneDrive - Capgemini\Documents\Prompted Testsuite Analysis\.\datasets\GPT_4\Chain_of_thought2\tests\test_033.py", line 9, in test_large_radius
    def test_large_radius(self): expected = 4 * math.pi * (1e6)**2; self.assertAlmostEqual(surfacearea_sphere(1e6), expected, places=2)
AssertionError: 12.566370614359172 != 12566370614359.172 within 2 places (12566370614346.605 difference)

   - [#   5] AOR datasets.GPT_4.Chain_of_thought2.programs.program_033: [0.00000 s] killed by test_boolean_true_input (datasets.GPT_4.Chain_of_thought2.tests.test_033.TestVersion)

Traceback (most recent call last):
  File "C:\Users\skaspers\OneDrive - Capgemini\Documents\Prompted Testsuite Analysis\.\datasets\GPT_4\Chain_of_thought2\tests\test_033.py", line 17, in test_boolean_true_input
    def test_boolean_true_input(self): self.assertAlmostEqual(surfacearea_sphere(True), 4 * math.pi, places=5)
AssertionError: 12.0 != 12.566370614359172 within 5 places (0.5663706143591725 difference)

   - [#   6] AOR datasets.GPT_4.Chain_of_thought2.programs.program_033: [0.00000 s] killed by test_large_radius (datasets.GPT_4.Chain_of_thought2.tests.test_033.TestVersion)

Traceback (most recent call last):
  File "C:\Users\skaspers\OneDrive - Capgemini\Documents\Prompted Testsuite Analysis\.\datasets\GPT_4\Chain_of_thought2\tests\test_033.py", line 9, in test_large_radius
    def test_large_radius(self): expected = 4 * math.pi * (1e6)**2; self.assertAlmostEqual(surfacearea_sphere(1e6), expected, places=2)
  File "datasets.GPT_4.Chain_of_thought2.programs.program_033", line 3, in surfacearea_sphere
OverflowError: (34, 'Result too large')

   - [#   7] AOR datasets.GPT_4.Chain_of_thought2.programs.program_033: [0.00000 s] killed by test_large_radius (datasets.GPT_4.Chain_of_thought2.tests.test_033.TestVersion)

Traceback (most recent call last):
  File "C:\Users\skaspers\OneDrive - Capgemini\Documents\Prompted Testsuite Analysis\.\datasets\GPT_4\Chain_of_thought2\tests\test_033.py", line 9, in test_large_radius
    def test_large_radius(self): expected = 4 * math.pi * (1e6)**2; self.assertAlmostEqual(surfacearea_sphere(1e6), expected, places=2)
AssertionError: 12.566370614359172 != 12566370614359.172 within 2 places (12566370614346.605 difference)

   - [#   8] AOR datasets.GPT_4.Chain_of_thought2.programs.program_033: [0.00824 s] killed by test_boolean_true_input (datasets.GPT_4.Chain_of_thought2.tests.test_033.TestVersion)

Traceback (most recent call last):
  File "C:\Users\skaspers\OneDrive - Capgemini\Documents\Prompted Testsuite Analysis\.\datasets\GPT_4\Chain_of_thought2\tests\test_033.py", line 17, in test_boolean_true_input
    def test_boolean_true_input(self): self.assertAlmostEqual(surfacearea_sphere(True), 4 * math.pi, places=5)
AssertionError: 12.0 != 12.566370614359172 within 5 places (0.5663706143591725 difference)

   - [#   9] AOR datasets.GPT_4.Chain_of_thought2.programs.program_033: [0.00000 s] killed by test_large_radius (datasets.GPT_4.Chain_of_thought2.tests.test_033.TestVersion)

Traceback (most recent call last):
  File "C:\Users\skaspers\OneDrive - Capgemini\Documents\Prompted Testsuite Analysis\.\datasets\GPT_4\Chain_of_thought2\tests\test_033.py", line 9, in test_large_radius
    def test_large_radius(self): expected = 4 * math.pi * (1e6)**2; self.assertAlmostEqual(surfacearea_sphere(1e6), expected, places=2)
  File "datasets.GPT_4.Chain_of_thought2.programs.program_033", line 3, in surfacearea_sphere
OverflowError: (34, 'Result too large')

[*] Mutation score [0.05417 s]: 100.0%
   - all: 9
   - killed: 9 (100.0%)
   - survived: 0 (0.0%)
   - incompetent: 0 (0.0%)
   - timeout: 0 (0.0%)
HI SANDER, RUNNING MUTPY FROM: C:\Users\skaspers\OneDrive - Capgemini\Documents\Prompted Testsuite Analysis\.venv38\lib\site-packages\mutpy\commandline.py
