[*] Start mutation process:
   - targets: datasets.GPT_4.Chain_of_thought2.programs.program_041
   - tests: datasets.GPT_4.Chain_of_thought2.tests.test_041
[*] 8 tests passed:
   - datasets.GPT_4.Chain_of_thought2.tests.test_041 [0.00000 s]
[*] Start mutants generation and execution:
   - [#   1] AOR datasets.GPT_4.Chain_of_thought2.programs.program_041: [0.00000 s] killed by test_negative_base_even_exponent (datasets.GPT_4.Chain_of_thought2.tests.test_041.TestVersion)

Traceback (most recent call last):
  File "C:\Users\skaspers\OneDrive - Capgemini\Documents\Prompted Testsuite Analysis\.\datasets\GPT_4\Chain_of_thought2\tests\test_041.py", line 19, in test_negative_base_even_exponent
    def test_negative_base_even_exponent(self): self.assertEqual(power(-2, 4), 16)
AssertionError: 1.0 != 16

   - [#   2] AOR datasets.GPT_4.Chain_of_thought2.programs.program_041: [0.00000 s] killed by test_negative_base_even_exponent (datasets.GPT_4.Chain_of_thought2.tests.test_041.TestVersion)

Traceback (most recent call last):
  File "C:\Users\skaspers\OneDrive - Capgemini\Documents\Prompted Testsuite Analysis\.\datasets\GPT_4\Chain_of_thought2\tests\test_041.py", line 19, in test_negative_base_even_exponent
    def test_negative_base_even_exponent(self): self.assertEqual(power(-2, 4), 16)
AssertionError: 1 != 16

   - [#   3] AOR datasets.GPT_4.Chain_of_thought2.programs.program_041: [0.00000 s] killed by test_negative_base_even_exponent (datasets.GPT_4.Chain_of_thought2.tests.test_041.TestVersion)

Traceback (most recent call last):
  File "C:\Users\skaspers\OneDrive - Capgemini\Documents\Prompted Testsuite Analysis\.\datasets\GPT_4\Chain_of_thought2\tests\test_041.py", line 19, in test_negative_base_even_exponent
    def test_negative_base_even_exponent(self): self.assertEqual(power(-2, 4), 16)
AssertionError: (-0.12715611775181104-0.010581630883244965j) != 16

   - [#   4] AOR datasets.GPT_4.Chain_of_thought2.programs.program_041: [0.23339 s] killed by test_base_one (datasets.GPT_4.Chain_of_thought2.tests.test_041.TestVersion)

Traceback (most recent call last):
  File "C:\Users\skaspers\OneDrive - Capgemini\Documents\Prompted Testsuite Analysis\.\datasets\GPT_4\Chain_of_thought2\tests\test_041.py", line 13, in test_base_one
    def test_base_one(self): self.assertEqual(power(1, 100), 1)
  File "datasets.GPT_4.Chain_of_thought2.programs.program_041", line 9, in power
  File "datasets.GPT_4.Chain_of_thought2.programs.program_041", line 9, in power
  File "datasets.GPT_4.Chain_of_thought2.programs.program_041", line 9, in power
  [Previous line repeated 983 more times]
  File "datasets.GPT_4.Chain_of_thought2.programs.program_041", line 2, in power
RecursionError: maximum recursion depth exceeded in comparison

   - [#   5] COI datasets.GPT_4.Chain_of_thought2.programs.program_041: [0.00000 s] killed by test_exponent_one (datasets.GPT_4.Chain_of_thought2.tests.test_041.TestVersion)

Traceback (most recent call last):
  File "C:\Users\skaspers\OneDrive - Capgemini\Documents\Prompted Testsuite Analysis\.\datasets\GPT_4\Chain_of_thought2\tests\test_041.py", line 11, in test_exponent_one
    def test_exponent_one(self): self.assertEqual(power(3, 1), 3)
AssertionError: 1 != 3

   - [#   6] COI datasets.GPT_4.Chain_of_thought2.programs.program_041: [0.00000 s] killed by test_base_one (datasets.GPT_4.Chain_of_thought2.tests.test_041.TestVersion)

Traceback (most recent call last):
  File "C:\Users\skaspers\OneDrive - Capgemini\Documents\Prompted Testsuite Analysis\.\datasets\GPT_4\Chain_of_thought2\tests\test_041.py", line 13, in test_base_one
    def test_base_one(self): self.assertEqual(power(1, 100), 1)
AssertionError: 0 != 1

   - [#   7] COI datasets.GPT_4.Chain_of_thought2.programs.program_041: [0.00000 s] killed by test_negative_base_even_exponent (datasets.GPT_4.Chain_of_thought2.tests.test_041.TestVersion)

Traceback (most recent call last):
  File "C:\Users\skaspers\OneDrive - Capgemini\Documents\Prompted Testsuite Analysis\.\datasets\GPT_4\Chain_of_thought2\tests\test_041.py", line 19, in test_negative_base_even_exponent
    def test_negative_base_even_exponent(self): self.assertEqual(power(-2, 4), 16)
AssertionError: -2 != 16

   - [#   8] ROR datasets.GPT_4.Chain_of_thought2.programs.program_041: [0.00000 s] killed by test_exponent_one (datasets.GPT_4.Chain_of_thought2.tests.test_041.TestVersion)

Traceback (most recent call last):
  File "C:\Users\skaspers\OneDrive - Capgemini\Documents\Prompted Testsuite Analysis\.\datasets\GPT_4\Chain_of_thought2\tests\test_041.py", line 11, in test_exponent_one
    def test_exponent_one(self): self.assertEqual(power(3, 1), 3)
AssertionError: 1 != 3

   - [#   9] ROR datasets.GPT_4.Chain_of_thought2.programs.program_041: [0.00000 s] killed by test_base_one (datasets.GPT_4.Chain_of_thought2.tests.test_041.TestVersion)

Traceback (most recent call last):
  File "C:\Users\skaspers\OneDrive - Capgemini\Documents\Prompted Testsuite Analysis\.\datasets\GPT_4\Chain_of_thought2\tests\test_041.py", line 13, in test_base_one
    def test_base_one(self): self.assertEqual(power(1, 100), 1)
AssertionError: 0 != 1

   - [#  10] ROR datasets.GPT_4.Chain_of_thought2.programs.program_041: [0.00000 s] killed by test_negative_base_even_exponent (datasets.GPT_4.Chain_of_thought2.tests.test_041.TestVersion)

Traceback (most recent call last):
  File "C:\Users\skaspers\OneDrive - Capgemini\Documents\Prompted Testsuite Analysis\.\datasets\GPT_4\Chain_of_thought2\tests\test_041.py", line 19, in test_negative_base_even_exponent
    def test_negative_base_even_exponent(self): self.assertEqual(power(-2, 4), 16)
AssertionError: -2 != 16

[*] Mutation score [0.28479 s]: 100.0%
   - all: 10
   - killed: 10 (100.0%)
   - survived: 0 (0.0%)
   - incompetent: 0 (0.0%)
   - timeout: 0 (0.0%)
HI SANDER, RUNNING MUTPY FROM: C:\Users\skaspers\OneDrive - Capgemini\Documents\Prompted Testsuite Analysis\.venv38\lib\site-packages\mutpy\commandline.py
