[*] Start mutation process:
   - targets: datasets.GPT_4.Chain_of_thought2.programs.program_092
   - tests: datasets.GPT_4.Chain_of_thought2.tests.test_092
[*] 6 tests passed:
   - datasets.GPT_4.Chain_of_thought2.tests.test_092 [0.00000 s]
[*] Start mutants generation and execution:
   - [#   1] AOR datasets.GPT_4.Chain_of_thought2.programs.program_092: [0.00000 s] killed by test_already_power_of_2 (datasets.GPT_4.Chain_of_thought2.tests.test_092.TestVersion)

Traceback (most recent call last):
  File "C:\Users\skaspers\OneDrive - Capgemini\Documents\Prompted Testsuite Analysis\.\datasets\GPT_4\Chain_of_thought2\tests\test_092.py", line 5, in test_already_power_of_2
    def test_already_power_of_2(self): self.assertEqual(next_power_of_2(8), 8)
AssertionError: 16 != 8

   - [#   2] ASR datasets.GPT_4.Chain_of_thought2.programs.program_092: [0.00000 s] killed by test_just_above_power_of_2 (datasets.GPT_4.Chain_of_thought2.tests.test_092.TestVersion)

Traceback (most recent call last):
  File "C:\Users\skaspers\OneDrive - Capgemini\Documents\Prompted Testsuite Analysis\.\datasets\GPT_4\Chain_of_thought2\tests\test_092.py", line 9, in test_just_above_power_of_2
    def test_just_above_power_of_2(self): self.assertEqual(next_power_of_2(9), 16)
  File "datasets.GPT_4.Chain_of_thought2.programs.program_092", line 10, in next_power_of_2
ValueError: negative shift count

   - [#   3] COD datasets.GPT_4.Chain_of_thought2.programs.program_092: [0.00000 s] killed by test_already_power_of_2 (datasets.GPT_4.Chain_of_thought2.tests.test_092.TestVersion)

Traceback (most recent call last):
  File "C:\Users\skaspers\OneDrive - Capgemini\Documents\Prompted Testsuite Analysis\.\datasets\GPT_4\Chain_of_thought2\tests\test_092.py", line 5, in test_already_power_of_2
    def test_already_power_of_2(self): self.assertEqual(next_power_of_2(8), 8)
AssertionError: 16 != 8

   - [#   4] COI datasets.GPT_4.Chain_of_thought2.programs.program_092: [0.00000 s] killed by test_already_power_of_2 (datasets.GPT_4.Chain_of_thought2.tests.test_092.TestVersion)

Traceback (most recent call last):
  File "C:\Users\skaspers\OneDrive - Capgemini\Documents\Prompted Testsuite Analysis\.\datasets\GPT_4\Chain_of_thought2\tests\test_092.py", line 5, in test_already_power_of_2
    def test_already_power_of_2(self): self.assertEqual(next_power_of_2(8), 8)
AssertionError: 16 != 8

   - [#   5] COI datasets.GPT_4.Chain_of_thought2.programs.program_092: [0.00000 s] killed by test_just_above_power_of_2 (datasets.GPT_4.Chain_of_thought2.tests.test_092.TestVersion)

Traceback (most recent call last):
  File "C:\Users\skaspers\OneDrive - Capgemini\Documents\Prompted Testsuite Analysis\.\datasets\GPT_4\Chain_of_thought2\tests\test_092.py", line 9, in test_just_above_power_of_2
    def test_just_above_power_of_2(self): self.assertEqual(next_power_of_2(9), 16)
AssertionError: 1 != 16

   - [#   6] LCR datasets.GPT_4.Chain_of_thought2.programs.program_092: [0.00000 s] killed by test_just_above_power_of_2 (datasets.GPT_4.Chain_of_thought2.tests.test_092.TestVersion)

Traceback (most recent call last):
  File "C:\Users\skaspers\OneDrive - Capgemini\Documents\Prompted Testsuite Analysis\.\datasets\GPT_4\Chain_of_thought2\tests\test_092.py", line 9, in test_just_above_power_of_2
    def test_just_above_power_of_2(self): self.assertEqual(next_power_of_2(9), 16)
AssertionError: 9 != 16

   - [#   7] LOR datasets.GPT_4.Chain_of_thought2.programs.program_092: [0.01452 s] killed by test_already_power_of_2 (datasets.GPT_4.Chain_of_thought2.tests.test_092.TestVersion)

Traceback (most recent call last):
  File "C:\Users\skaspers\OneDrive - Capgemini\Documents\Prompted Testsuite Analysis\.\datasets\GPT_4\Chain_of_thought2\tests\test_092.py", line 5, in test_already_power_of_2
    def test_already_power_of_2(self): self.assertEqual(next_power_of_2(8), 8)
AssertionError: 16 != 8

   - [#   8] LOR datasets.GPT_4.Chain_of_thought2.programs.program_092: [5.03985 s] timeout
   - [#   9] LOR datasets.GPT_4.Chain_of_thought2.programs.program_092: [0.00000 s] killed by test_just_above_power_of_2 (datasets.GPT_4.Chain_of_thought2.tests.test_092.TestVersion)

Traceback (most recent call last):
  File "C:\Users\skaspers\OneDrive - Capgemini\Documents\Prompted Testsuite Analysis\.\datasets\GPT_4\Chain_of_thought2\tests\test_092.py", line 9, in test_just_above_power_of_2
    def test_just_above_power_of_2(self): self.assertEqual(next_power_of_2(9), 16)
AssertionError: 0 != 16

   - [#  10] ROR datasets.GPT_4.Chain_of_thought2.programs.program_092: [0.00000 s] killed by test_just_above_power_of_2 (datasets.GPT_4.Chain_of_thought2.tests.test_092.TestVersion)

Traceback (most recent call last):
  File "C:\Users\skaspers\OneDrive - Capgemini\Documents\Prompted Testsuite Analysis\.\datasets\GPT_4\Chain_of_thought2\tests\test_092.py", line 9, in test_just_above_power_of_2
    def test_just_above_power_of_2(self): self.assertEqual(next_power_of_2(9), 16)
AssertionError: 1 != 16

[*] Mutation score [5.10629 s]: 100.0%
   - all: 10
   - killed: 9 (90.0%)
   - survived: 0 (0.0%)
   - incompetent: 0 (0.0%)
   - timeout: 1 (10.0%)
HI SANDER, RUNNING MUTPY FROM: C:\Users\skaspers\OneDrive - Capgemini\Documents\Prompted Testsuite Analysis\.venv38\lib\site-packages\mutpy\commandline.py
