[*] Start mutation process:
   - targets: datasets.GPT_4.Chain_of_thought2.programs.program_039
   - tests: datasets.GPT_4.Chain_of_thought2.tests.test_039
[*] 10 tests passed:
   - datasets.GPT_4.Chain_of_thought2.tests.test_039 [0.00000 s]
[*] Start mutants generation and execution:
   - [#   1] COI datasets.GPT_4.Chain_of_thought2.programs.program_039: [0.00099 s] killed by test_case_sensitive (datasets.GPT_4.Chain_of_thought2.tests.test_039.TestVersion)

Traceback (most recent call last):
  File "C:\Users\skaspers\OneDrive - Capgemini\Documents\Prompted Testsuite Analysis\.\datasets\GPT_4\Chain_of_thought2\tests\test_039.py", line 19, in test_case_sensitive
    def test_case_sensitive(self): self.assertFalse(find_substring(['Hello', 'World'], 'hello'))
AssertionError: True is not false

   - [#   2] COI datasets.GPT_4.Chain_of_thought2.programs.program_039: [0.00000 s] killed by test_case_sensitive (datasets.GPT_4.Chain_of_thought2.tests.test_039.TestVersion)

Traceback (most recent call last):
  File "C:\Users\skaspers\OneDrive - Capgemini\Documents\Prompted Testsuite Analysis\.\datasets\GPT_4\Chain_of_thought2\tests\test_039.py", line 19, in test_case_sensitive
    def test_case_sensitive(self): self.assertFalse(find_substring(['Hello', 'World'], 'hello'))
AssertionError: True is not false

[*] Mutation score [0.03003 s]: 100.0%
   - all: 2
   - killed: 2 (100.0%)
   - survived: 0 (0.0%)
   - incompetent: 0 (0.0%)
   - timeout: 0 (0.0%)
HI SANDER, RUNNING MUTPY FROM: C:\Users\skaspers\OneDrive - Capgemini\Documents\Prompted Testsuite Analysis\.venv38\lib\site-packages\mutpy\commandline.py
