[*] Start mutation process:
   - targets: datasets.GPT_4.Chain_of_thought2.programs.program_087
   - tests: datasets.GPT_4.Chain_of_thought2.tests.test_087
[*] 7 tests passed:
   - datasets.GPT_4.Chain_of_thought2.tests.test_087 [0.00000 s]
[*] Start mutants generation and execution:
   - [#   1] AOR datasets.GPT_4.Chain_of_thought2.programs.program_087: [0.00000 s] killed by test_even_n (datasets.GPT_4.Chain_of_thought2.tests.test_087.TestVersion)

Traceback (most recent call last):
  File "C:\Users\skaspers\OneDrive - Capgemini\Documents\Prompted Testsuite Analysis\.\datasets\GPT_4\Chain_of_thought2\tests\test_087.py", line 7, in test_even_n
    def test_even_n(self): self.assertEqual(sum_series(6), 12)
AssertionError: 4 != 12

   - [#   2] AOR datasets.GPT_4.Chain_of_thought2.programs.program_087: [0.23722 s] killed by test_even_n (datasets.GPT_4.Chain_of_thought2.tests.test_087.TestVersion)

Traceback (most recent call last):
  File "C:\Users\skaspers\OneDrive - Capgemini\Documents\Prompted Testsuite Analysis\.\datasets\GPT_4\Chain_of_thought2\tests\test_087.py", line 7, in test_even_n
    def test_even_n(self): self.assertEqual(sum_series(6), 12)
  File "datasets.GPT_4.Chain_of_thought2.programs.program_087", line 5, in sum_series
  File "datasets.GPT_4.Chain_of_thought2.programs.program_087", line 5, in sum_series
  File "datasets.GPT_4.Chain_of_thought2.programs.program_087", line 5, in sum_series
  [Previous line repeated 983 more times]
  File "datasets.GPT_4.Chain_of_thought2.programs.program_087", line 2, in sum_series
RecursionError: maximum recursion depth exceeded in comparison

   - [#   3] COI datasets.GPT_4.Chain_of_thought2.programs.program_087: [0.00000 s] killed by test_even_n (datasets.GPT_4.Chain_of_thought2.tests.test_087.TestVersion)

Traceback (most recent call last):
  File "C:\Users\skaspers\OneDrive - Capgemini\Documents\Prompted Testsuite Analysis\.\datasets\GPT_4\Chain_of_thought2\tests\test_087.py", line 7, in test_even_n
    def test_even_n(self): self.assertEqual(sum_series(6), 12)
AssertionError: 0 != 12

   - [#   4] ROR datasets.GPT_4.Chain_of_thought2.programs.program_087: [0.00000 s] killed by test_even_n (datasets.GPT_4.Chain_of_thought2.tests.test_087.TestVersion)

Traceback (most recent call last):
  File "C:\Users\skaspers\OneDrive - Capgemini\Documents\Prompted Testsuite Analysis\.\datasets\GPT_4\Chain_of_thought2\tests\test_087.py", line 7, in test_even_n
    def test_even_n(self): self.assertEqual(sum_series(6), 12)
AssertionError: 0 != 12

   - [#   5] ROR datasets.GPT_4.Chain_of_thought2.programs.program_087: [0.00000 s] killed by test_n_is_one (datasets.GPT_4.Chain_of_thought2.tests.test_087.TestVersion)

Traceback (most recent call last):
  File "C:\Users\skaspers\OneDrive - Capgemini\Documents\Prompted Testsuite Analysis\.\datasets\GPT_4\Chain_of_thought2\tests\test_087.py", line 9, in test_n_is_one
    def test_n_is_one(self): self.assertEqual(sum_series(1), 1)
AssertionError: 0 != 1

[*] Mutation score [0.26850 s]: 100.0%
   - all: 5
   - killed: 5 (100.0%)
   - survived: 0 (0.0%)
   - incompetent: 0 (0.0%)
   - timeout: 0 (0.0%)
HI SANDER, RUNNING MUTPY FROM: C:\Users\skaspers\OneDrive - Capgemini\Documents\Prompted Testsuite Analysis\.venv38\lib\site-packages\mutpy\commandline.py
