[*] Start mutation process:
   - targets: datasets.GPT_4.Zero_shot2.programs.program_003
   - tests: datasets.GPT_4.Zero_shot2.tests.test_003
[*] 5 tests passed:
   - datasets.GPT_4.Zero_shot2.tests.test_003 [0.00000 s]
[*] Start mutants generation and execution:
   - [#   1] AOR datasets.GPT_4.Zero_shot2.programs.program_003: [0.00000 s] killed by test_find_volume_1 (datasets.GPT_4.Zero_shot2.tests.test_003.TestVersion)

Traceback (most recent call last):
  File "C:\Users\skaspers\OneDrive - Capgemini\Documents\Prompted Testsuite Analysis\.\datasets\GPT_4\Zero_shot2\tests\test_003.py", line 6, in test_find_volume_1
    self.assertEqual(find_Volume(2, 3, 4), 12.0)
AssertionError: 1.3333333333333333 != 12.0

   - [#   2] AOR datasets.GPT_4.Zero_shot2.programs.program_003: [0.00000 s] killed by test_find_volume_1 (datasets.GPT_4.Zero_shot2.tests.test_003.TestVersion)

Traceback (most recent call last):
  File "C:\Users\skaspers\OneDrive - Capgemini\Documents\Prompted Testsuite Analysis\.\datasets\GPT_4\Zero_shot2\tests\test_003.py", line 6, in test_find_volume_1
    self.assertEqual(find_Volume(2, 3, 4), 12.0)
AssertionError: 0.0 != 12.0

   - [#   3] AOR datasets.GPT_4.Zero_shot2.programs.program_003: [0.00000 s] killed by test_find_volume_1 (datasets.GPT_4.Zero_shot2.tests.test_003.TestVersion)

Traceback (most recent call last):
  File "C:\Users\skaspers\OneDrive - Capgemini\Documents\Prompted Testsuite Analysis\.\datasets\GPT_4\Zero_shot2\tests\test_003.py", line 6, in test_find_volume_1
    self.assertEqual(find_Volume(2, 3, 4), 12.0)
AssertionError: 16.0 != 12.0

   - [#   4] AOR datasets.GPT_4.Zero_shot2.programs.program_003: [0.00000 s] killed by test_find_volume_1 (datasets.GPT_4.Zero_shot2.tests.test_003.TestVersion)

Traceback (most recent call last):
  File "C:\Users\skaspers\OneDrive - Capgemini\Documents\Prompted Testsuite Analysis\.\datasets\GPT_4\Zero_shot2\tests\test_003.py", line 6, in test_find_volume_1
    self.assertEqual(find_Volume(2, 3, 4), 12.0)
AssertionError: 0.75 != 12.0

   - [#   5] AOR datasets.GPT_4.Zero_shot2.programs.program_003: [0.00000 s] killed by test_find_volume_1 (datasets.GPT_4.Zero_shot2.tests.test_003.TestVersion)

Traceback (most recent call last):
  File "C:\Users\skaspers\OneDrive - Capgemini\Documents\Prompted Testsuite Analysis\.\datasets\GPT_4\Zero_shot2\tests\test_003.py", line 6, in test_find_volume_1
    self.assertEqual(find_Volume(2, 3, 4), 12.0)
AssertionError: 0.5 != 12.0

   - [#   6] AOR datasets.GPT_4.Zero_shot2.programs.program_003: [0.00000 s] killed by test_find_volume_1 (datasets.GPT_4.Zero_shot2.tests.test_003.TestVersion)

Traceback (most recent call last):
  File "C:\Users\skaspers\OneDrive - Capgemini\Documents\Prompted Testsuite Analysis\.\datasets\GPT_4\Zero_shot2\tests\test_003.py", line 6, in test_find_volume_1
    self.assertEqual(find_Volume(2, 3, 4), 12.0)
AssertionError: 648.0 != 12.0

   - [#   7] AOR datasets.GPT_4.Zero_shot2.programs.program_003: [0.00000 s] killed by test_find_volume_3 (datasets.GPT_4.Zero_shot2.tests.test_003.TestVersion)

Traceback (most recent call last):
  File "C:\Users\skaspers\OneDrive - Capgemini\Documents\Prompted Testsuite Analysis\.\datasets\GPT_4\Zero_shot2\tests\test_003.py", line 12, in test_find_volume_3
    self.assertAlmostEqual(find_Volume(1.5, 2.0, 3.0), 4.5)
AssertionError: 4.0 != 4.5 within 7 places (0.5 difference)

   - [#   8] AOR datasets.GPT_4.Zero_shot2.programs.program_003: [0.00000 s] killed by test_find_volume_1 (datasets.GPT_4.Zero_shot2.tests.test_003.TestVersion)

Traceback (most recent call last):
  File "C:\Users\skaspers\OneDrive - Capgemini\Documents\Prompted Testsuite Analysis\.\datasets\GPT_4\Zero_shot2\tests\test_003.py", line 6, in test_find_volume_1
    self.assertEqual(find_Volume(2, 3, 4), 12.0)
AssertionError: 48 != 12.0

[*] Mutation score [0.06335 s]: 100.0%
   - all: 8
   - killed: 8 (100.0%)
   - survived: 0 (0.0%)
   - incompetent: 0 (0.0%)
   - timeout: 0 (0.0%)
HI SANDER, RUNNING MUTPY FROM: C:\Users\skaspers\OneDrive - Capgemini\Documents\Prompted Testsuite Analysis\.venv38\lib\site-packages\mutpy\commandline.py
