[*] Start mutation process:
   - targets: datasets.GPT_4.Zero_shot2.programs.program_027
   - tests: datasets.GPT_4.Zero_shot2.tests.test_027
[*] 7 tests passed:
   - datasets.GPT_4.Zero_shot2.tests.test_027 [0.00000 s]
[*] Start mutants generation and execution:
   - [#   1] AOR datasets.GPT_4.Zero_shot2.programs.program_027: [0.00000 s] killed by test_diff_1 (datasets.GPT_4.Zero_shot2.tests.test_027.TestVersion)

Traceback (most recent call last):
  File "C:\Users\skaspers\OneDrive - Capgemini\Documents\Prompted Testsuite Analysis\.\datasets\GPT_4\Zero_shot2\tests\test_027.py", line 6, in test_diff_1
    self.assertTrue(is_Diff(22))
AssertionError: False is not true

   - [#   2] ROR datasets.GPT_4.Zero_shot2.programs.program_027: [0.00000 s] killed by test_diff_1 (datasets.GPT_4.Zero_shot2.tests.test_027.TestVersion)

Traceback (most recent call last):
  File "C:\Users\skaspers\OneDrive - Capgemini\Documents\Prompted Testsuite Analysis\.\datasets\GPT_4\Zero_shot2\tests\test_027.py", line 6, in test_diff_1
    self.assertTrue(is_Diff(22))
AssertionError: False is not true

[*] Mutation score [0.03160 s]: 100.0%
   - all: 2
   - killed: 2 (100.0%)
   - survived: 0 (0.0%)
   - incompetent: 0 (0.0%)
   - timeout: 0 (0.0%)
HI SANDER, RUNNING MUTPY FROM: C:\Users\skaspers\OneDrive - Capgemini\Documents\Prompted Testsuite Analysis\.venv38\lib\site-packages\mutpy\commandline.py
