[*] Start mutation process:
   - targets: datasets.GPT_4.Zero_shot2.programs.program_023
   - tests: datasets.GPT_4.Zero_shot2.tests.test_023
[*] 8 tests passed:
   - datasets.GPT_4.Zero_shot2.tests.test_023 [0.00000 s]
[*] Start mutants generation and execution:
   - [#   1] AOR datasets.GPT_4.Zero_shot2.programs.program_023: [0.00000 s] survived
   - [#   2] AOR datasets.GPT_4.Zero_shot2.programs.program_023: [5.04025 s] timeout
   - [#   3] AOR datasets.GPT_4.Zero_shot2.programs.program_023: [0.00000 s] killed by test_comb_1 (datasets.GPT_4.Zero_shot2.tests.test_023.TestVersion)

Traceback (most recent call last):
  File "C:\Users\skaspers\OneDrive - Capgemini\Documents\Prompted Testsuite Analysis\.\datasets\GPT_4\Zero_shot2\tests\test_023.py", line 6, in test_comb_1
    self.assertEqual(comb_sort([3, 1, 2]), [1, 2, 3])
  File "datasets.GPT_4.Zero_shot2.programs.program_023", line 11, in comb_sort
IndexError: list index out of range

   - [#   4] AOR datasets.GPT_4.Zero_shot2.programs.program_023: [0.00000 s] killed by test_comb_1 (datasets.GPT_4.Zero_shot2.tests.test_023.TestVersion)

Traceback (most recent call last):
  File "C:\Users\skaspers\OneDrive - Capgemini\Documents\Prompted Testsuite Analysis\.\datasets\GPT_4\Zero_shot2\tests\test_023.py", line 6, in test_comb_1
    self.assertEqual(comb_sort([3, 1, 2]), [1, 2, 3])
AssertionError: Lists differ: [2, 1, 3] != [1, 2, 3]

First differing element 0:
2
1

- [2, 1, 3]
+ [1, 2, 3]

   - [#   5] AOR datasets.GPT_4.Zero_shot2.programs.program_023: [0.00000 s] killed by test_comb_1 (datasets.GPT_4.Zero_shot2.tests.test_023.TestVersion)

Traceback (most recent call last):
  File "C:\Users\skaspers\OneDrive - Capgemini\Documents\Prompted Testsuite Analysis\.\datasets\GPT_4\Zero_shot2\tests\test_023.py", line 6, in test_comb_1
    self.assertEqual(comb_sort([3, 1, 2]), [1, 2, 3])
AssertionError: Lists differ: [3, 2, 2] != [1, 2, 3]

First differing element 0:
3
1

- [3, 2, 2]
?  ^     ^

+ [1, 2, 3]
?  ^     ^


   - [#   6] AOR datasets.GPT_4.Zero_shot2.programs.program_023: [0.00000 s] killed by test_comb_1 (datasets.GPT_4.Zero_shot2.tests.test_023.TestVersion)

Traceback (most recent call last):
  File "C:\Users\skaspers\OneDrive - Capgemini\Documents\Prompted Testsuite Analysis\.\datasets\GPT_4\Zero_shot2\tests\test_023.py", line 6, in test_comb_1
    self.assertEqual(comb_sort([3, 1, 2]), [1, 2, 3])
AssertionError: Lists differ: [1, 1, 3] != [1, 2, 3]

First differing element 1:
1
2

- [1, 1, 3]
?     ^

+ [1, 2, 3]
?     ^


   - [#   7] ASR datasets.GPT_4.Zero_shot2.programs.program_023: [0.00000 s] killed by test_comb_1 (datasets.GPT_4.Zero_shot2.tests.test_023.TestVersion)

Traceback (most recent call last):
  File "C:\Users\skaspers\OneDrive - Capgemini\Documents\Prompted Testsuite Analysis\.\datasets\GPT_4\Zero_shot2\tests\test_023.py", line 6, in test_comb_1
    self.assertEqual(comb_sort([3, 1, 2]), [1, 2, 3])
  File "datasets.GPT_4.Zero_shot2.programs.program_023", line 11, in comb_sort
IndexError: list index out of range

   - [#   8] COI datasets.GPT_4.Zero_shot2.programs.program_023: [0.00000 s] killed by test_comb_1 (datasets.GPT_4.Zero_shot2.tests.test_023.TestVersion)

Traceback (most recent call last):
  File "C:\Users\skaspers\OneDrive - Capgemini\Documents\Prompted Testsuite Analysis\.\datasets\GPT_4\Zero_shot2\tests\test_023.py", line 6, in test_comb_1
    self.assertEqual(comb_sort([3, 1, 2]), [1, 2, 3])
AssertionError: Lists differ: [3, 1, 2] != [1, 2, 3]

First differing element 0:
3
1

- [3, 1, 2]
+ [1, 2, 3]

   - [#   9] COI datasets.GPT_4.Zero_shot2.programs.program_023: [0.00000 s] killed by test_comb_1 (datasets.GPT_4.Zero_shot2.tests.test_023.TestVersion)

Traceback (most recent call last):
  File "C:\Users\skaspers\OneDrive - Capgemini\Documents\Prompted Testsuite Analysis\.\datasets\GPT_4\Zero_shot2\tests\test_023.py", line 6, in test_comb_1
    self.assertEqual(comb_sort([3, 1, 2]), [1, 2, 3])
AssertionError: Lists differ: [3, 1, 2] != [1, 2, 3]

First differing element 0:
3
1

- [3, 1, 2]
+ [1, 2, 3]

   - [#  10] COI datasets.GPT_4.Zero_shot2.programs.program_023: [5.03856 s] timeout
   - [#  11] LCR datasets.GPT_4.Zero_shot2.programs.program_023: [0.00000 s] killed by test_comb_5 (datasets.GPT_4.Zero_shot2.tests.test_023.TestVersion)

Traceback (most recent call last):
  File "C:\Users\skaspers\OneDrive - Capgemini\Documents\Prompted Testsuite Analysis\.\datasets\GPT_4\Zero_shot2\tests\test_023.py", line 18, in test_comb_5
    self.assertEqual(comb_sort([-3, -1, -2]), [-3, -2, -1])
AssertionError: Lists differ: [-3, -1, -2] != [-3, -2, -1]

First differing element 1:
-1
-2

- [-3, -1, -2]
+ [-3, -2, -1]

   - [#  12] ROR datasets.GPT_4.Zero_shot2.programs.program_023: [5.04617 s] timeout
   - [#  13] ROR datasets.GPT_4.Zero_shot2.programs.program_023: [0.00099 s] survived
   - [#  14] ROR datasets.GPT_4.Zero_shot2.programs.program_023: [0.00099 s] killed by test_comb_1 (datasets.GPT_4.Zero_shot2.tests.test_023.TestVersion)

Traceback (most recent call last):
  File "C:\Users\skaspers\OneDrive - Capgemini\Documents\Prompted Testsuite Analysis\.\datasets\GPT_4\Zero_shot2\tests\test_023.py", line 6, in test_comb_1
    self.assertEqual(comb_sort([3, 1, 2]), [1, 2, 3])
AssertionError: Lists differ: [3, 1, 2] != [1, 2, 3]

First differing element 0:
3
1

- [3, 1, 2]
+ [1, 2, 3]

   - [#  15] ROR datasets.GPT_4.Zero_shot2.programs.program_023: [0.00101 s] killed by test_comb_1 (datasets.GPT_4.Zero_shot2.tests.test_023.TestVersion)

Traceback (most recent call last):
  File "C:\Users\skaspers\OneDrive - Capgemini\Documents\Prompted Testsuite Analysis\.\datasets\GPT_4\Zero_shot2\tests\test_023.py", line 6, in test_comb_1
    self.assertEqual(comb_sort([3, 1, 2]), [1, 2, 3])
  File "datasets.GPT_4.Zero_shot2.programs.program_023", line 11, in comb_sort
IndexError: list index out of range

   - [#  16] ROR datasets.GPT_4.Zero_shot2.programs.program_023: [0.00099 s] killed by test_comb_1 (datasets.GPT_4.Zero_shot2.tests.test_023.TestVersion)

Traceback (most recent call last):
  File "C:\Users\skaspers\OneDrive - Capgemini\Documents\Prompted Testsuite Analysis\.\datasets\GPT_4\Zero_shot2\tests\test_023.py", line 6, in test_comb_1
    self.assertEqual(comb_sort([3, 1, 2]), [1, 2, 3])
AssertionError: Lists differ: [3, 2, 1] != [1, 2, 3]

First differing element 0:
3
1

- [3, 2, 1]
?  ^     ^

+ [1, 2, 3]
?  ^     ^


   - [#  17] ROR datasets.GPT_4.Zero_shot2.programs.program_023: [5.03752 s] timeout
[*] Mutation score [20.27480 s]: 88.2%
   - all: 17
   - killed: 11 (64.7%)
   - survived: 2 (11.8%)
   - incompetent: 0 (0.0%)
   - timeout: 4 (23.5%)
HI SANDER, RUNNING MUTPY FROM: C:\Users\skaspers\OneDrive - Capgemini\Documents\Prompted Testsuite Analysis\.venv38\lib\site-packages\mutpy\commandline.py
