[*] Start mutation process:
   - targets: datasets.GPT_4.Zero_shot2.programs.program_008
   - tests: datasets.GPT_4.Zero_shot2.tests.test_008
[*] 6 tests passed:
   - datasets.GPT_4.Zero_shot2.tests.test_008 [0.00022 s]
[*] Start mutants generation and execution:
   - [#   1] AOR datasets.GPT_4.Zero_shot2.programs.program_008: [0.00000 s] survived
   - [#   2] AOR datasets.GPT_4.Zero_shot2.programs.program_008: [0.00109 s] killed by test_woodall_2 (datasets.GPT_4.Zero_shot2.tests.test_008.TestVersion)

Traceback (most recent call last):
  File "C:\Users\skaspers\OneDrive - Capgemini\Documents\Prompted Testsuite Analysis\.\datasets\GPT_4\Zero_shot2\tests\test_008.py", line 9, in test_woodall_2
    self.assertTrue(is_woodall(23))
AssertionError: False is not true

   - [#   3] AOR datasets.GPT_4.Zero_shot2.programs.program_008: [0.00098 s] killed by test_woodall_2 (datasets.GPT_4.Zero_shot2.tests.test_008.TestVersion)

Traceback (most recent call last):
  File "C:\Users\skaspers\OneDrive - Capgemini\Documents\Prompted Testsuite Analysis\.\datasets\GPT_4\Zero_shot2\tests\test_008.py", line 9, in test_woodall_2
    self.assertTrue(is_woodall(23))
AssertionError: False is not true

   - [#   4] AOR datasets.GPT_4.Zero_shot2.programs.program_008: [0.00000 s] survived
   - [#   5] AOR datasets.GPT_4.Zero_shot2.programs.program_008: [5.05236 s] timeout
   - [#   6] AOR datasets.GPT_4.Zero_shot2.programs.program_008: [0.00000 s] killed by test_woodall_2 (datasets.GPT_4.Zero_shot2.tests.test_008.TestVersion)

Traceback (most recent call last):
  File "C:\Users\skaspers\OneDrive - Capgemini\Documents\Prompted Testsuite Analysis\.\datasets\GPT_4\Zero_shot2\tests\test_008.py", line 9, in test_woodall_2
    self.assertTrue(is_woodall(23))
AssertionError: False is not true

   - [#   7] COI datasets.GPT_4.Zero_shot2.programs.program_008: [0.00100 s] killed by test_woodall_1 (datasets.GPT_4.Zero_shot2.tests.test_008.TestVersion)

Traceback (most recent call last):
  File "C:\Users\skaspers\OneDrive - Capgemini\Documents\Prompted Testsuite Analysis\.\datasets\GPT_4\Zero_shot2\tests\test_008.py", line 6, in test_woodall_1
    self.assertTrue(is_woodall(1))
AssertionError: False is not true

   - [#   8] COI datasets.GPT_4.Zero_shot2.programs.program_008: [0.00000 s] killed by test_woodall_5 (datasets.GPT_4.Zero_shot2.tests.test_008.TestVersion)

Traceback (most recent call last):
  File "C:\Users\skaspers\OneDrive - Capgemini\Documents\Prompted Testsuite Analysis\.\datasets\GPT_4\Zero_shot2\tests\test_008.py", line 18, in test_woodall_5
    self.assertFalse(is_woodall(-5))
AssertionError: True is not false

   - [#   9] COI datasets.GPT_4.Zero_shot2.programs.program_008: [0.00101 s] killed by test_woodall_2 (datasets.GPT_4.Zero_shot2.tests.test_008.TestVersion)

Traceback (most recent call last):
  File "C:\Users\skaspers\OneDrive - Capgemini\Documents\Prompted Testsuite Analysis\.\datasets\GPT_4\Zero_shot2\tests\test_008.py", line 9, in test_woodall_2
    self.assertTrue(is_woodall(23))
AssertionError: False is not true

   - [#  10] COI datasets.GPT_4.Zero_shot2.programs.program_008: [0.00108 s] killed by test_woodall_5 (datasets.GPT_4.Zero_shot2.tests.test_008.TestVersion)

Traceback (most recent call last):
  File "C:\Users\skaspers\OneDrive - Capgemini\Documents\Prompted Testsuite Analysis\.\datasets\GPT_4\Zero_shot2\tests\test_008.py", line 18, in test_woodall_5
    self.assertFalse(is_woodall(-5))
AssertionError: True is not false

   - [#  11] ROR datasets.GPT_4.Zero_shot2.programs.program_008: [0.00100 s] killed by test_woodall_1 (datasets.GPT_4.Zero_shot2.tests.test_008.TestVersion)

Traceback (most recent call last):
  File "C:\Users\skaspers\OneDrive - Capgemini\Documents\Prompted Testsuite Analysis\.\datasets\GPT_4\Zero_shot2\tests\test_008.py", line 6, in test_woodall_1
    self.assertTrue(is_woodall(1))
AssertionError: False is not true

   - [#  12] ROR datasets.GPT_4.Zero_shot2.programs.program_008: [0.00000 s] killed by test_woodall_5 (datasets.GPT_4.Zero_shot2.tests.test_008.TestVersion)

Traceback (most recent call last):
  File "C:\Users\skaspers\OneDrive - Capgemini\Documents\Prompted Testsuite Analysis\.\datasets\GPT_4\Zero_shot2\tests\test_008.py", line 18, in test_woodall_5
    self.assertFalse(is_woodall(-5))
AssertionError: True is not false

   - [#  13] ROR datasets.GPT_4.Zero_shot2.programs.program_008: [0.00000 s] killed by test_woodall_2 (datasets.GPT_4.Zero_shot2.tests.test_008.TestVersion)

Traceback (most recent call last):
  File "C:\Users\skaspers\OneDrive - Capgemini\Documents\Prompted Testsuite Analysis\.\datasets\GPT_4\Zero_shot2\tests\test_008.py", line 9, in test_woodall_2
    self.assertTrue(is_woodall(23))
AssertionError: False is not true

   - [#  14] ROR datasets.GPT_4.Zero_shot2.programs.program_008: [0.00100 s] killed by test_woodall_5 (datasets.GPT_4.Zero_shot2.tests.test_008.TestVersion)

Traceback (most recent call last):
  File "C:\Users\skaspers\OneDrive - Capgemini\Documents\Prompted Testsuite Analysis\.\datasets\GPT_4\Zero_shot2\tests\test_008.py", line 18, in test_woodall_5
    self.assertFalse(is_woodall(-5))
AssertionError: True is not false

[*] Mutation score [5.14055 s]: 85.7%
   - all: 14
   - killed: 11 (78.6%)
   - survived: 2 (14.3%)
   - incompetent: 0 (0.0%)
   - timeout: 1 (7.1%)
HI SANDER, RUNNING MUTPY FROM: C:\Users\skaspers\OneDrive - Capgemini\Documents\Prompted Testsuite Analysis\.venv38\lib\site-packages\mutpy\commandline.py
