[*] Start mutation process:
   - targets: datasets.GPT_4.Zero_shot2.programs.program_038
   - tests: datasets.GPT_4.Zero_shot2.tests.test_038
[*] 14 tests passed:
   - datasets.GPT_4.Zero_shot2.tests.test_038 [0.00000 s]
[*] Start mutants generation and execution:
   - [#   1] COI datasets.GPT_4.Zero_shot2.programs.program_038: [0.00000 s] killed by test_lenlog_1 (datasets.GPT_4.Zero_shot2.tests.test_038.TestVersion)

Traceback (most recent call last):
  File "C:\Users\skaspers\OneDrive - Capgemini\Documents\Prompted Testsuite Analysis\.\datasets\GPT_4\Zero_shot2\tests\test_038.py", line 6, in test_lenlog_1
    self.assertEqual(len_log(["a", "ab", "abc"]), 3)
AssertionError: 1 != 3

   - [#   2] ROR datasets.GPT_4.Zero_shot2.programs.program_038: [0.00000 s] killed by test_lenlog_1 (datasets.GPT_4.Zero_shot2.tests.test_038.TestVersion)

Traceback (most recent call last):
  File "C:\Users\skaspers\OneDrive - Capgemini\Documents\Prompted Testsuite Analysis\.\datasets\GPT_4\Zero_shot2\tests\test_038.py", line 6, in test_lenlog_1
    self.assertEqual(len_log(["a", "ab", "abc"]), 3)
AssertionError: 1 != 3

   - [#   3] ROR datasets.GPT_4.Zero_shot2.programs.program_038: [0.00000 s] survived
[*] Mutation score [0.04885 s]: 66.7%
   - all: 3
   - killed: 2 (66.7%)
   - survived: 1 (33.3%)
   - incompetent: 0 (0.0%)
   - timeout: 0 (0.0%)
HI SANDER, RUNNING MUTPY FROM: C:\Users\skaspers\OneDrive - Capgemini\Documents\Prompted Testsuite Analysis\.venv38\lib\site-packages\mutpy\commandline.py
