[*] Start mutation process:
   - targets: datasets.GPT_4.Zero_shot2.programs.program_092
   - tests: datasets.GPT_4.Zero_shot2.tests.test_092
[*] 7 tests passed:
   - datasets.GPT_4.Zero_shot2.tests.test_092 [0.00000 s]
[*] Start mutants generation and execution:
   - [#   1] AOR datasets.GPT_4.Zero_shot2.programs.program_092: [0.00200 s] killed by test_power_1 (datasets.GPT_4.Zero_shot2.tests.test_092.TestVersion)

Traceback (most recent call last):
  File "C:\Users\skaspers\OneDrive - Capgemini\Documents\Prompted Testsuite Analysis\.\datasets\GPT_4\Zero_shot2\tests\test_092.py", line 6, in test_power_1
    self.assertEqual(next_power_of_2(4), 4)
AssertionError: 8 != 4

   - [#   2] ASR datasets.GPT_4.Zero_shot2.programs.program_092: [0.00102 s] killed by test_power_2 (datasets.GPT_4.Zero_shot2.tests.test_092.TestVersion)

Traceback (most recent call last):
  File "C:\Users\skaspers\OneDrive - Capgemini\Documents\Prompted Testsuite Analysis\.\datasets\GPT_4\Zero_shot2\tests\test_092.py", line 9, in test_power_2
    self.assertEqual(next_power_of_2(7), 8)
  File "datasets.GPT_4.Zero_shot2.programs.program_092", line 10, in next_power_of_2
ValueError: negative shift count

   - [#   3] COD datasets.GPT_4.Zero_shot2.programs.program_092: [0.00000 s] killed by test_power_1 (datasets.GPT_4.Zero_shot2.tests.test_092.TestVersion)

Traceback (most recent call last):
  File "C:\Users\skaspers\OneDrive - Capgemini\Documents\Prompted Testsuite Analysis\.\datasets\GPT_4\Zero_shot2\tests\test_092.py", line 6, in test_power_1
    self.assertEqual(next_power_of_2(4), 4)
AssertionError: 8 != 4

   - [#   4] COI datasets.GPT_4.Zero_shot2.programs.program_092: [0.00000 s] killed by test_power_1 (datasets.GPT_4.Zero_shot2.tests.test_092.TestVersion)

Traceback (most recent call last):
  File "C:\Users\skaspers\OneDrive - Capgemini\Documents\Prompted Testsuite Analysis\.\datasets\GPT_4\Zero_shot2\tests\test_092.py", line 6, in test_power_1
    self.assertEqual(next_power_of_2(4), 4)
AssertionError: 8 != 4

   - [#   5] COI datasets.GPT_4.Zero_shot2.programs.program_092: [0.00087 s] killed by test_power_2 (datasets.GPT_4.Zero_shot2.tests.test_092.TestVersion)

Traceback (most recent call last):
  File "C:\Users\skaspers\OneDrive - Capgemini\Documents\Prompted Testsuite Analysis\.\datasets\GPT_4\Zero_shot2\tests\test_092.py", line 9, in test_power_2
    self.assertEqual(next_power_of_2(7), 8)
AssertionError: 1 != 8

   - [#   6] LCR datasets.GPT_4.Zero_shot2.programs.program_092: [0.00097 s] killed by test_power_2 (datasets.GPT_4.Zero_shot2.tests.test_092.TestVersion)

Traceback (most recent call last):
  File "C:\Users\skaspers\OneDrive - Capgemini\Documents\Prompted Testsuite Analysis\.\datasets\GPT_4\Zero_shot2\tests\test_092.py", line 9, in test_power_2
    self.assertEqual(next_power_of_2(7), 8)
AssertionError: 7 != 8

   - [#   7] LOR datasets.GPT_4.Zero_shot2.programs.program_092: [0.00000 s] killed by test_power_1 (datasets.GPT_4.Zero_shot2.tests.test_092.TestVersion)

Traceback (most recent call last):
  File "C:\Users\skaspers\OneDrive - Capgemini\Documents\Prompted Testsuite Analysis\.\datasets\GPT_4\Zero_shot2\tests\test_092.py", line 6, in test_power_1
    self.assertEqual(next_power_of_2(4), 4)
AssertionError: 8 != 4

   - [#   8] LOR datasets.GPT_4.Zero_shot2.programs.program_092: [5.04065 s] timeout
   - [#   9] LOR datasets.GPT_4.Zero_shot2.programs.program_092: [0.00100 s] killed by test_power_2 (datasets.GPT_4.Zero_shot2.tests.test_092.TestVersion)

Traceback (most recent call last):
  File "C:\Users\skaspers\OneDrive - Capgemini\Documents\Prompted Testsuite Analysis\.\datasets\GPT_4\Zero_shot2\tests\test_092.py", line 9, in test_power_2
    self.assertEqual(next_power_of_2(7), 8)
AssertionError: 0 != 8

   - [#  10] ROR datasets.GPT_4.Zero_shot2.programs.program_092: [0.00000 s] killed by test_power_2 (datasets.GPT_4.Zero_shot2.tests.test_092.TestVersion)

Traceback (most recent call last):
  File "C:\Users\skaspers\OneDrive - Capgemini\Documents\Prompted Testsuite Analysis\.\datasets\GPT_4\Zero_shot2\tests\test_092.py", line 9, in test_power_2
    self.assertEqual(next_power_of_2(7), 8)
AssertionError: 1 != 8

[*] Mutation score [5.11069 s]: 100.0%
   - all: 10
   - killed: 9 (90.0%)
   - survived: 0 (0.0%)
   - incompetent: 0 (0.0%)
   - timeout: 1 (10.0%)
HI SANDER, RUNNING MUTPY FROM: C:\Users\skaspers\OneDrive - Capgemini\Documents\Prompted Testsuite Analysis\.venv38\lib\site-packages\mutpy\commandline.py
