[*] Start mutation process:
   - targets: datasets.GPT_4.Zero_shot2.programs.program_020
   - tests: datasets.GPT_4.Zero_shot2.tests.test_020
[*] 8 tests passed:
   - datasets.GPT_4.Zero_shot2.tests.test_020 [0.00000 s]
[*] Start mutants generation and execution:
   - [#   1] AOR datasets.GPT_4.Zero_shot2.programs.program_020: [0.00000 s] killed by test_mono_1 (datasets.GPT_4.Zero_shot2.tests.test_020.TestVersion)

Traceback (most recent call last):
  File "C:\Users\skaspers\OneDrive - Capgemini\Documents\Prompted Testsuite Analysis\.\datasets\GPT_4\Zero_shot2\tests\test_020.py", line 6, in test_mono_1
    self.assertTrue(is_Monotonic([1, 2, 3, 4]))
AssertionError: False is not true

   - [#   2] AOR datasets.GPT_4.Zero_shot2.programs.program_020: [0.00000 s] killed by test_mono_1 (datasets.GPT_4.Zero_shot2.tests.test_020.TestVersion)

Traceback (most recent call last):
  File "C:\Users\skaspers\OneDrive - Capgemini\Documents\Prompted Testsuite Analysis\.\datasets\GPT_4\Zero_shot2\tests\test_020.py", line 6, in test_mono_1
    self.assertTrue(is_Monotonic([1, 2, 3, 4]))
  File "datasets.GPT_4.Zero_shot2.programs.program_020", line 2, in is_Monotonic
  File "datasets.GPT_4.Zero_shot2.programs.program_020", line 2, in <genexpr>
IndexError: list index out of range

   - [#   3] AOR datasets.GPT_4.Zero_shot2.programs.program_020: [0.00000 s] killed by test_mono_2 (datasets.GPT_4.Zero_shot2.tests.test_020.TestVersion)

Traceback (most recent call last):
  File "C:\Users\skaspers\OneDrive - Capgemini\Documents\Prompted Testsuite Analysis\.\datasets\GPT_4\Zero_shot2\tests\test_020.py", line 9, in test_mono_2
    self.assertTrue(is_Monotonic([5, 4, 3, 2]))
AssertionError: False is not true

   - [#   4] AOR datasets.GPT_4.Zero_shot2.programs.program_020: [0.00000 s] killed by test_mono_2 (datasets.GPT_4.Zero_shot2.tests.test_020.TestVersion)

Traceback (most recent call last):
  File "C:\Users\skaspers\OneDrive - Capgemini\Documents\Prompted Testsuite Analysis\.\datasets\GPT_4\Zero_shot2\tests\test_020.py", line 9, in test_mono_2
    self.assertTrue(is_Monotonic([5, 4, 3, 2]))
  File "datasets.GPT_4.Zero_shot2.programs.program_020", line 3, in is_Monotonic
  File "datasets.GPT_4.Zero_shot2.programs.program_020", line 3, in <genexpr>
IndexError: list index out of range

   - [#   5] LCR datasets.GPT_4.Zero_shot2.programs.program_020: [0.00000 s] killed by test_mono_1 (datasets.GPT_4.Zero_shot2.tests.test_020.TestVersion)

Traceback (most recent call last):
  File "C:\Users\skaspers\OneDrive - Capgemini\Documents\Prompted Testsuite Analysis\.\datasets\GPT_4\Zero_shot2\tests\test_020.py", line 6, in test_mono_1
    self.assertTrue(is_Monotonic([1, 2, 3, 4]))
AssertionError: False is not true

   - [#   6] ROR datasets.GPT_4.Zero_shot2.programs.program_020: [0.00000 s] killed by test_mono_1 (datasets.GPT_4.Zero_shot2.tests.test_020.TestVersion)

Traceback (most recent call last):
  File "C:\Users\skaspers\OneDrive - Capgemini\Documents\Prompted Testsuite Analysis\.\datasets\GPT_4\Zero_shot2\tests\test_020.py", line 6, in test_mono_1
    self.assertTrue(is_Monotonic([1, 2, 3, 4]))
AssertionError: False is not true

   - [#   7] ROR datasets.GPT_4.Zero_shot2.programs.program_020: [0.00000 s] survived
   - [#   8] ROR datasets.GPT_4.Zero_shot2.programs.program_020: [0.00000 s] killed by test_mono_2 (datasets.GPT_4.Zero_shot2.tests.test_020.TestVersion)

Traceback (most recent call last):
  File "C:\Users\skaspers\OneDrive - Capgemini\Documents\Prompted Testsuite Analysis\.\datasets\GPT_4\Zero_shot2\tests\test_020.py", line 9, in test_mono_2
    self.assertTrue(is_Monotonic([5, 4, 3, 2]))
AssertionError: False is not true

   - [#   9] ROR datasets.GPT_4.Zero_shot2.programs.program_020: [0.00000 s] survived
[*] Mutation score [0.07101 s]: 77.8%
   - all: 9
   - killed: 7 (77.8%)
   - survived: 2 (22.2%)
   - incompetent: 0 (0.0%)
   - timeout: 0 (0.0%)
HI SANDER, RUNNING MUTPY FROM: C:\Users\skaspers\OneDrive - Capgemini\Documents\Prompted Testsuite Analysis\.venv38\lib\site-packages\mutpy\commandline.py
