[*] Start mutation process:
   - targets: datasets.GPT_4.Few_shot1.programs.program_078
   - tests: datasets.GPT_4.Few_shot1.tests.test_078
[*] 10 tests passed:
   - datasets.GPT_4.Few_shot1.tests.test_078 [0.00100 s]
[*] Start mutants generation and execution:
   - [#   1] AOR datasets.GPT_4.Few_shot1.programs.program_078: [0.00100 s] killed by test_is_sum_of_powers_max_int (datasets.GPT_4.Few_shot1.tests.test_078.TestVersion)

Traceback (most recent call last):
  File "C:\Users\skaspers\OneDrive - Capgemini\Documents\Prompted Testsuite Analysis\.\datasets\GPT_4\Few_shot1\tests\test_078.py", line 19, in test_is_sum_of_powers_max_int
    def test_is_sum_of_powers_max_int(self): self.assertFalse(is_Sum_Of_Powers_Of_Two(2**31 - 1))
AssertionError: True is not false

   - [#   2] COI datasets.GPT_4.Few_shot1.programs.program_078: [0.00000 s] killed by test_is_sum_of_powers_even_large (datasets.GPT_4.Few_shot1.tests.test_078.TestVersion)

Traceback (most recent call last):
  File "C:\Users\skaspers\OneDrive - Capgemini\Documents\Prompted Testsuite Analysis\.\datasets\GPT_4\Few_shot1\tests\test_078.py", line 7, in test_is_sum_of_powers_even_large
    def test_is_sum_of_powers_even_large(self): self.assertTrue(is_Sum_Of_Powers_Of_Two(100))
AssertionError: False is not true

   - [#   3] ROR datasets.GPT_4.Few_shot1.programs.program_078: [0.00000 s] killed by test_is_sum_of_powers_even_large (datasets.GPT_4.Few_shot1.tests.test_078.TestVersion)

Traceback (most recent call last):
  File "C:\Users\skaspers\OneDrive - Capgemini\Documents\Prompted Testsuite Analysis\.\datasets\GPT_4\Few_shot1\tests\test_078.py", line 7, in test_is_sum_of_powers_even_large
    def test_is_sum_of_powers_even_large(self): self.assertTrue(is_Sum_Of_Powers_Of_Two(100))
AssertionError: False is not true

[*] Mutation score [0.03260 s]: 100.0%
   - all: 3
   - killed: 3 (100.0%)
   - survived: 0 (0.0%)
   - incompetent: 0 (0.0%)
   - timeout: 0 (0.0%)
HI SANDER, RUNNING MUTPY FROM: C:\Users\skaspers\OneDrive - Capgemini\Documents\Prompted Testsuite Analysis\.venv38\lib\site-packages\mutpy\commandline.py
