[*] Start mutation process:
   - targets: datasets.GPT_4.Few_shot1.programs.program_020
   - tests: datasets.GPT_4.Few_shot1.tests.test_020
[*] 10 tests passed:
   - datasets.GPT_4.Few_shot1.tests.test_020 [0.00000 s]
[*] Start mutants generation and execution:
   - [#   1] AOR datasets.GPT_4.Few_shot1.programs.program_020: [0.00092 s] killed by test_is_monotonic_increasing (datasets.GPT_4.Few_shot1.tests.test_020.TestVersion)

Traceback (most recent call last):
  File "C:\Users\skaspers\OneDrive - Capgemini\Documents\Prompted Testsuite Analysis\.\datasets\GPT_4\Few_shot1\tests\test_020.py", line 5, in test_is_monotonic_increasing
    def test_is_monotonic_increasing(self): self.assertEqual(is_Monotonic([1, 2, 3, 4]), True)
AssertionError: False != True

   - [#   2] AOR datasets.GPT_4.Few_shot1.programs.program_020: [0.00199 s] killed by test_is_monotonic_constant (datasets.GPT_4.Few_shot1.tests.test_020.TestVersion)

Traceback (most recent call last):
  File "C:\Users\skaspers\OneDrive - Capgemini\Documents\Prompted Testsuite Analysis\.\datasets\GPT_4\Few_shot1\tests\test_020.py", line 9, in test_is_monotonic_constant
    def test_is_monotonic_constant(self): self.assertEqual(is_Monotonic([5, 5, 5, 5]), True)
  File "datasets.GPT_4.Few_shot1.programs.program_020", line 2, in is_Monotonic
  File "datasets.GPT_4.Few_shot1.programs.program_020", line 2, in <genexpr>
IndexError: list index out of range

   - [#   3] AOR datasets.GPT_4.Few_shot1.programs.program_020: [0.00101 s] killed by test_is_monotonic_decreasing (datasets.GPT_4.Few_shot1.tests.test_020.TestVersion)

Traceback (most recent call last):
  File "C:\Users\skaspers\OneDrive - Capgemini\Documents\Prompted Testsuite Analysis\.\datasets\GPT_4\Few_shot1\tests\test_020.py", line 7, in test_is_monotonic_decreasing
    def test_is_monotonic_decreasing(self): self.assertEqual(is_Monotonic([4, 3, 2, 1]), True)
AssertionError: False != True

   - [#   4] AOR datasets.GPT_4.Few_shot1.programs.program_020: [0.00191 s] killed by test_is_monotonic_decreasing (datasets.GPT_4.Few_shot1.tests.test_020.TestVersion)

Traceback (most recent call last):
  File "C:\Users\skaspers\OneDrive - Capgemini\Documents\Prompted Testsuite Analysis\.\datasets\GPT_4\Few_shot1\tests\test_020.py", line 7, in test_is_monotonic_decreasing
    def test_is_monotonic_decreasing(self): self.assertEqual(is_Monotonic([4, 3, 2, 1]), True)
  File "datasets.GPT_4.Few_shot1.programs.program_020", line 3, in is_Monotonic
  File "datasets.GPT_4.Few_shot1.programs.program_020", line 3, in <genexpr>
IndexError: list index out of range

   - [#   5] LCR datasets.GPT_4.Few_shot1.programs.program_020: [0.00095 s] killed by test_is_monotonic_decreasing (datasets.GPT_4.Few_shot1.tests.test_020.TestVersion)

Traceback (most recent call last):
  File "C:\Users\skaspers\OneDrive - Capgemini\Documents\Prompted Testsuite Analysis\.\datasets\GPT_4\Few_shot1\tests\test_020.py", line 7, in test_is_monotonic_decreasing
    def test_is_monotonic_decreasing(self): self.assertEqual(is_Monotonic([4, 3, 2, 1]), True)
AssertionError: False != True

   - [#   6] ROR datasets.GPT_4.Few_shot1.programs.program_020: [0.00000 s] killed by test_is_monotonic_increasing (datasets.GPT_4.Few_shot1.tests.test_020.TestVersion)

Traceback (most recent call last):
  File "C:\Users\skaspers\OneDrive - Capgemini\Documents\Prompted Testsuite Analysis\.\datasets\GPT_4\Few_shot1\tests\test_020.py", line 5, in test_is_monotonic_increasing
    def test_is_monotonic_increasing(self): self.assertEqual(is_Monotonic([1, 2, 3, 4]), True)
AssertionError: False != True

   - [#   7] ROR datasets.GPT_4.Few_shot1.programs.program_020: [0.00000 s] survived
   - [#   8] ROR datasets.GPT_4.Few_shot1.programs.program_020: [0.00000 s] killed by test_is_monotonic_decreasing (datasets.GPT_4.Few_shot1.tests.test_020.TestVersion)

Traceback (most recent call last):
  File "C:\Users\skaspers\OneDrive - Capgemini\Documents\Prompted Testsuite Analysis\.\datasets\GPT_4\Few_shot1\tests\test_020.py", line 7, in test_is_monotonic_decreasing
    def test_is_monotonic_decreasing(self): self.assertEqual(is_Monotonic([4, 3, 2, 1]), True)
AssertionError: False != True

   - [#   9] ROR datasets.GPT_4.Few_shot1.programs.program_020: [0.00102 s] killed by test_is_monotonic_with_duplicates (datasets.GPT_4.Few_shot1.tests.test_020.TestVersion)

Traceback (most recent call last):
  File "C:\Users\skaspers\OneDrive - Capgemini\Documents\Prompted Testsuite Analysis\.\datasets\GPT_4\Few_shot1\tests\test_020.py", line 23, in test_is_monotonic_with_duplicates
    def test_is_monotonic_with_duplicates(self): self.assertEqual(is_Monotonic([3, 3, 2, 2, 1]), True)
AssertionError: False != True

[*] Mutation score [0.07380 s]: 88.9%
   - all: 9
   - killed: 8 (88.9%)
   - survived: 1 (11.1%)
   - incompetent: 0 (0.0%)
   - timeout: 0 (0.0%)
HI SANDER, RUNNING MUTPY FROM: C:\Users\skaspers\OneDrive - Capgemini\Documents\Prompted Testsuite Analysis\.venv38\lib\site-packages\mutpy\commandline.py
