[*] Start mutation process:
   - targets: datasets.GPT_4.Few_shot1.programs.program_023
   - tests: datasets.GPT_4.Few_shot1.tests.test_023
[*] 10 tests passed:
   - datasets.GPT_4.Few_shot1.tests.test_023 [0.00200 s]
[*] Start mutants generation and execution:
   - [#   1] AOR datasets.GPT_4.Few_shot1.programs.program_023: [0.00201 s] survived
   - [#   2] AOR datasets.GPT_4.Few_shot1.programs.program_023: [5.03035 s] timeout
   - [#   3] AOR datasets.GPT_4.Few_shot1.programs.program_023: [0.00094 s] killed by test_comb_sort_all_same (datasets.GPT_4.Few_shot1.tests.test_023.TestVersion)

Traceback (most recent call last):
  File "C:\Users\skaspers\OneDrive - Capgemini\Documents\Prompted Testsuite Analysis\.\datasets\GPT_4\Few_shot1\tests\test_023.py", line 15, in test_comb_sort_all_same
    def test_comb_sort_all_same(self): self.assertEqual(comb_sort([7, 7, 7]), [7, 7, 7])
  File "datasets.GPT_4.Few_shot1.programs.program_023", line 11, in comb_sort
IndexError: list index out of range

   - [#   4] AOR datasets.GPT_4.Few_shot1.programs.program_023: [0.00103 s] killed by test_comb_sort_already_sorted (datasets.GPT_4.Few_shot1.tests.test_023.TestVersion)

Traceback (most recent call last):
  File "C:\Users\skaspers\OneDrive - Capgemini\Documents\Prompted Testsuite Analysis\.\datasets\GPT_4\Few_shot1\tests\test_023.py", line 9, in test_comb_sort_already_sorted
    def test_comb_sort_already_sorted(self): self.assertEqual(comb_sort([1, 2, 3, 4, 5]), [1, 2, 3, 4, 5])
AssertionError: Lists differ: [1, 5, 2, 3, 4] != [1, 2, 3, 4, 5]

First differing element 1:
5
2

- [1, 5, 2, 3, 4]
?     ---

+ [1, 2, 3, 4, 5]
?            +++


   - [#   5] AOR datasets.GPT_4.Few_shot1.programs.program_023: [0.36087 s] killed by test_comb_sort_large_input (datasets.GPT_4.Few_shot1.tests.test_023.TestVersion)

Traceback (most recent call last):
  File "C:\Users\skaspers\OneDrive - Capgemini\Documents\Prompted Testsuite Analysis\.\datasets\GPT_4\Few_shot1\tests\test_023.py", line 21, in test_comb_sort_large_input
    def test_comb_sort_large_input(self): self.assertEqual(comb_sort(list(range(1000, 0, -1))), list(range(1, 1001)))
AssertionError: Lists differ: [28, 28, 28, 28, 28, 49, 28, 34, 28, 46, 4[4141 chars], 34] != [1, 2, 3, 4, 5, 6, 7, 8, 9, 10, 11, 12, 13[4846 chars]1000]

First differing element 0:
28
1

Diff is 15335 characters long. Set self.maxDiff to None to see it.

   - [#   6] AOR datasets.GPT_4.Few_shot1.programs.program_023: [1.34933 s] killed by test_comb_sort_large_input (datasets.GPT_4.Few_shot1.tests.test_023.TestVersion)

Traceback (most recent call last):
  File "C:\Users\skaspers\OneDrive - Capgemini\Documents\Prompted Testsuite Analysis\.\datasets\GPT_4\Few_shot1\tests\test_023.py", line 21, in test_comb_sort_large_input
    def test_comb_sort_large_input(self): self.assertEqual(comb_sort(list(range(1000, 0, -1))), list(range(1, 1001)))
AssertionError: Lists differ: [1000, 1000, 1000, 1000, 1000, 1000, 1000, [5952 chars]1000] != [1, 2, 3, 4, 5, 6, 7, 8, 9, 10, 11, 12, 13,[4845 chars]1000]

First differing element 0:
1000
1

Diff is 16893 characters long. Set self.maxDiff to None to see it.

   - [#   7] ASR datasets.GPT_4.Few_shot1.programs.program_023: [0.00200 s] killed by test_comb_sort_all_same (datasets.GPT_4.Few_shot1.tests.test_023.TestVersion)

Traceback (most recent call last):
  File "C:\Users\skaspers\OneDrive - Capgemini\Documents\Prompted Testsuite Analysis\.\datasets\GPT_4\Few_shot1\tests\test_023.py", line 15, in test_comb_sort_all_same
    def test_comb_sort_all_same(self): self.assertEqual(comb_sort([7, 7, 7]), [7, 7, 7])
  File "datasets.GPT_4.Few_shot1.programs.program_023", line 11, in comb_sort
IndexError: list index out of range

   - [#   8] COI datasets.GPT_4.Few_shot1.programs.program_023: [0.00701 s] killed by test_comb_sort_large_input (datasets.GPT_4.Few_shot1.tests.test_023.TestVersion)

Traceback (most recent call last):
  File "C:\Users\skaspers\OneDrive - Capgemini\Documents\Prompted Testsuite Analysis\.\datasets\GPT_4\Few_shot1\tests\test_023.py", line 21, in test_comb_sort_large_input
    def test_comb_sort_large_input(self): self.assertEqual(comb_sort(list(range(1000, 0, -1))), list(range(1, 1001)))
AssertionError: Lists differ: [1000, 999, 998, 997, 996, 995, 994, 993, 9[4845 chars]2, 1] != [1, 2, 3, 4, 5, 6, 7, 8, 9, 10, 11, 12, 13,[4845 chars]1000]

First differing element 0:
1000
1

Diff is 15778 characters long. Set self.maxDiff to None to see it.

   - [#   9] COI datasets.GPT_4.Few_shot1.programs.program_023: [0.00199 s] killed by test_comb_sort_empty_list (datasets.GPT_4.Few_shot1.tests.test_023.TestVersion)

Traceback (most recent call last):
  File "C:\Users\skaspers\OneDrive - Capgemini\Documents\Prompted Testsuite Analysis\.\datasets\GPT_4\Few_shot1\tests\test_023.py", line 5, in test_comb_sort_empty_list
    def test_comb_sort_empty_list(self): self.assertEqual(comb_sort([]), [])
  File "datasets.GPT_4.Few_shot1.programs.program_023", line 11, in comb_sort
IndexError: list index out of range

   - [#  10] COI datasets.GPT_4.Few_shot1.programs.program_023: [5.04821 s] timeout
   - [#  11] LCR datasets.GPT_4.Few_shot1.programs.program_023: [3.05291 s] killed by test_comb_sort_large_input (datasets.GPT_4.Few_shot1.tests.test_023.TestVersion)

Traceback (most recent call last):
  File "C:\Users\skaspers\OneDrive - Capgemini\Documents\Prompted Testsuite Analysis\.\datasets\GPT_4\Few_shot1\tests\test_023.py", line 21, in test_comb_sort_large_input
    def test_comb_sort_large_input(self): self.assertEqual(comb_sort(list(range(1000, 0, -1))), list(range(1, 1001)))
AssertionError: Lists differ: [231, 230, 229, 228, 227, 226, 225, 224, 2[4846 chars] 770] != [1, 2, 3, 4, 5, 6, 7, 8, 9, 10, 11, 12, 13[4846 chars]1000]

First differing element 0:
231
1

Diff is 16309 characters long. Set self.maxDiff to None to see it.

   - [#  12] ROR datasets.GPT_4.Few_shot1.programs.program_023: [5.03340 s] timeout
   - [#  13] ROR datasets.GPT_4.Few_shot1.programs.program_023: [0.00000 s] survived
   - [#  14] ROR datasets.GPT_4.Few_shot1.programs.program_023: [0.01572 s] killed by test_comb_sort_large_input (datasets.GPT_4.Few_shot1.tests.test_023.TestVersion)

Traceback (most recent call last):
  File "C:\Users\skaspers\OneDrive - Capgemini\Documents\Prompted Testsuite Analysis\.\datasets\GPT_4\Few_shot1\tests\test_023.py", line 21, in test_comb_sort_large_input
    def test_comb_sort_large_input(self): self.assertEqual(comb_sort(list(range(1000, 0, -1))), list(range(1, 1001)))
AssertionError: Lists differ: [1000, 999, 998, 997, 996, 995, 994, 993, 9[4845 chars]2, 1] != [1, 2, 3, 4, 5, 6, 7, 8, 9, 10, 11, 12, 13,[4845 chars]1000]

First differing element 0:
1000
1

Diff is 15778 characters long. Set self.maxDiff to None to see it.

   - [#  15] ROR datasets.GPT_4.Few_shot1.programs.program_023: [0.00000 s] killed by test_comb_sort_all_same (datasets.GPT_4.Few_shot1.tests.test_023.TestVersion)

Traceback (most recent call last):
  File "C:\Users\skaspers\OneDrive - Capgemini\Documents\Prompted Testsuite Analysis\.\datasets\GPT_4\Few_shot1\tests\test_023.py", line 15, in test_comb_sort_all_same
    def test_comb_sort_all_same(self): self.assertEqual(comb_sort([7, 7, 7]), [7, 7, 7])
  File "datasets.GPT_4.Few_shot1.programs.program_023", line 11, in comb_sort
IndexError: list index out of range

   - [#  16] ROR datasets.GPT_4.Few_shot1.programs.program_023: [0.00000 s] killed by test_comb_sort_already_sorted (datasets.GPT_4.Few_shot1.tests.test_023.TestVersion)

Traceback (most recent call last):
  File "C:\Users\skaspers\OneDrive - Capgemini\Documents\Prompted Testsuite Analysis\.\datasets\GPT_4\Few_shot1\tests\test_023.py", line 9, in test_comb_sort_already_sorted
    def test_comb_sort_already_sorted(self): self.assertEqual(comb_sort([1, 2, 3, 4, 5]), [1, 2, 3, 4, 5])
AssertionError: Lists differ: [5, 4, 3, 2, 1] != [1, 2, 3, 4, 5]

First differing element 0:
5
1

- [5, 4, 3, 2, 1]
+ [1, 2, 3, 4, 5]

   - [#  17] ROR datasets.GPT_4.Few_shot1.programs.program_023: [5.03492 s] timeout
[*] Mutation score [25.05635 s]: 88.2%
   - all: 17
   - killed: 11 (64.7%)
   - survived: 2 (11.8%)
   - incompetent: 0 (0.0%)
   - timeout: 4 (23.5%)
HI SANDER, RUNNING MUTPY FROM: C:\Users\skaspers\OneDrive - Capgemini\Documents\Prompted Testsuite Analysis\.venv38\lib\site-packages\mutpy\commandline.py
