[*] Start mutation process:
   - targets: datasets.GPT_4.Few_shot1.programs.program_006
   - tests: datasets.GPT_4.Few_shot1.tests.test_006
[*] 9 tests passed:
   - datasets.GPT_4.Few_shot1.tests.test_006 [0.00000 s]
[*] Start mutants generation and execution:
   - [#   1] AOR datasets.GPT_4.Few_shot1.programs.program_006: [0.00100 s] survived
   - [#   2] AOR datasets.GPT_4.Few_shot1.programs.program_006: [0.00100 s] survived
   - [#   3] AOR datasets.GPT_4.Few_shot1.programs.program_006: [0.00100 s] survived
   - [#   4] ASR datasets.GPT_4.Few_shot1.programs.program_006: [0.00100 s] survived
   - [#   5] ASR datasets.GPT_4.Few_shot1.programs.program_006: [0.00000 s] survived
   - [#   6] ASR datasets.GPT_4.Few_shot1.programs.program_006: [0.00000 s] survived
   - [#   7] COI datasets.GPT_4.Few_shot1.programs.program_006: [0.00151 s] survived
   - [#   8] COI datasets.GPT_4.Few_shot1.programs.program_006: [0.00100 s] survived
   - [#   9] ROR datasets.GPT_4.Few_shot1.programs.program_006: [0.00097 s] survived
   - [#  10] ROR datasets.GPT_4.Few_shot1.programs.program_006: [0.00000 s] survived
   - [#  11] SIR datasets.GPT_4.Few_shot1.programs.program_006: [0.00108 s] survived
   - [#  12] SIR datasets.GPT_4.Few_shot1.programs.program_006: [0.00100 s] survived
[*] Mutation score [0.12952 s]: 0.0%
   - all: 12
   - killed: 0 (0.0%)
   - survived: 12 (100.0%)
   - incompetent: 0 (0.0%)
   - timeout: 0 (0.0%)
HI SANDER, RUNNING MUTPY FROM: C:\Users\skaspers\OneDrive - Capgemini\Documents\Prompted Testsuite Analysis\.venv38\lib\site-packages\mutpy\commandline.py
