[*] Start mutation process:
   - targets: datasets.GPT_4.Few_shot1.programs.program_048
   - tests: datasets.GPT_4.Few_shot1.tests.test_048
[*] 6 tests passed:
   - datasets.GPT_4.Few_shot1.tests.test_048 [0.00000 s]
[*] Start mutants generation and execution:
   - [#   1] AOD datasets.GPT_4.Few_shot1.programs.program_048: [0.00258 s] killed by test_palindrome_next_from_123 (datasets.GPT_4.Few_shot1.tests.test_048.TestVersion)

Traceback (most recent call last):
  File "C:\Users\skaspers\OneDrive - Capgemini\Documents\Prompted Testsuite Analysis\.\datasets\GPT_4\Few_shot1\tests\test_048.py", line 13, in test_palindrome_next_from_123
    def test_palindrome_next_from_123(self): self.assertEqual(next_smallest_palindrome(123), 131)
AssertionError: 124 != 131

   - [#   2] AOR datasets.GPT_4.Few_shot1.programs.program_048: [0.00108 s] killed by test_palindrome_next_from_1 (datasets.GPT_4.Few_shot1.tests.test_048.TestVersion)

Traceback (most recent call last):
  File "C:\Users\skaspers\OneDrive - Capgemini\Documents\Prompted Testsuite Analysis\.\datasets\GPT_4\Few_shot1\tests\test_048.py", line 5, in test_palindrome_next_from_1
    def test_palindrome_next_from_1(self): self.assertEqual(next_smallest_palindrome(1), 2)
AssertionError: 0 != 2

   - [#   3] AOR datasets.GPT_4.Few_shot1.programs.program_048: [0.00000 s] killed by test_palindrome_next_from_123 (datasets.GPT_4.Few_shot1.tests.test_048.TestVersion)

Traceback (most recent call last):
  File "C:\Users\skaspers\OneDrive - Capgemini\Documents\Prompted Testsuite Analysis\.\datasets\GPT_4\Few_shot1\tests\test_048.py", line 13, in test_palindrome_next_from_123
    def test_palindrome_next_from_123(self): self.assertEqual(next_smallest_palindrome(123), 131)
AssertionError: 124 != 131

   - [#   4] COI datasets.GPT_4.Few_shot1.programs.program_048: [0.00107 s] killed by test_palindrome_next_from_1 (datasets.GPT_4.Few_shot1.tests.test_048.TestVersion)

Traceback (most recent call last):
  File "C:\Users\skaspers\OneDrive - Capgemini\Documents\Prompted Testsuite Analysis\.\datasets\GPT_4\Few_shot1\tests\test_048.py", line 5, in test_palindrome_next_from_1
    def test_palindrome_next_from_1(self): self.assertEqual(next_smallest_palindrome(1), 2)
AssertionError: 10 != 2

   - [#   5] ROR datasets.GPT_4.Few_shot1.programs.program_048: [0.00106 s] killed by test_palindrome_next_from_1 (datasets.GPT_4.Few_shot1.tests.test_048.TestVersion)

Traceback (most recent call last):
  File "C:\Users\skaspers\OneDrive - Capgemini\Documents\Prompted Testsuite Analysis\.\datasets\GPT_4\Few_shot1\tests\test_048.py", line 5, in test_palindrome_next_from_1
    def test_palindrome_next_from_1(self): self.assertEqual(next_smallest_palindrome(1), 2)
AssertionError: 10 != 2

   - [#   6] SIR datasets.GPT_4.Few_shot1.programs.program_048: [0.00098 s] killed by test_palindrome_next_from_123 (datasets.GPT_4.Few_shot1.tests.test_048.TestVersion)

Traceback (most recent call last):
  File "C:\Users\skaspers\OneDrive - Capgemini\Documents\Prompted Testsuite Analysis\.\datasets\GPT_4\Few_shot1\tests\test_048.py", line 13, in test_palindrome_next_from_123
    def test_palindrome_next_from_123(self): self.assertEqual(next_smallest_palindrome(123), 131)
AssertionError: 124 != 131

[*] Mutation score [0.05121 s]: 100.0%
   - all: 6
   - killed: 6 (100.0%)
   - survived: 0 (0.0%)
   - incompetent: 0 (0.0%)
   - timeout: 0 (0.0%)
HI SANDER, RUNNING MUTPY FROM: C:\Users\skaspers\OneDrive - Capgemini\Documents\Prompted Testsuite Analysis\.venv38\lib\site-packages\mutpy\commandline.py
