[*] Start mutation process:
   - targets: datasets.GPT_4.Few_shot1.programs.program_096
   - tests: datasets.GPT_4.Few_shot1.tests.test_096
[*] 15 tests passed:
   - datasets.GPT_4.Few_shot1.tests.test_096 [0.00000 s]
[*] Start mutants generation and execution:
   - [#   1] AOR datasets.GPT_4.Few_shot1.programs.program_096: [0.00000 s] killed by test_count_occurance_basic (datasets.GPT_4.Few_shot1.tests.test_096.TestVersion)

Traceback (most recent call last):
  File "C:\Users\skaspers\OneDrive - Capgemini\Documents\Prompted Testsuite Analysis\.\datasets\GPT_4\Few_shot1\tests\test_096.py", line 5, in test_count_occurance_basic
    def test_count_occurance_basic(self): self.assertEqual(count_occurance("std"), 1)
  File "datasets.GPT_4.Few_shot1.programs.program_096", line 4, in count_occurance
IndexError: string index out of range

   - [#   2] AOR datasets.GPT_4.Few_shot1.programs.program_096: [0.00000 s] killed by test_count_occurance_basic (datasets.GPT_4.Few_shot1.tests.test_096.TestVersion)

Traceback (most recent call last):
  File "C:\Users\skaspers\OneDrive - Capgemini\Documents\Prompted Testsuite Analysis\.\datasets\GPT_4\Few_shot1\tests\test_096.py", line 5, in test_count_occurance_basic
    def test_count_occurance_basic(self): self.assertEqual(count_occurance("std"), 1)
AssertionError: 0 != 1

   - [#   3] AOR datasets.GPT_4.Few_shot1.programs.program_096: [0.00000 s] killed by test_count_occurance_basic (datasets.GPT_4.Few_shot1.tests.test_096.TestVersion)

Traceback (most recent call last):
  File "C:\Users\skaspers\OneDrive - Capgemini\Documents\Prompted Testsuite Analysis\.\datasets\GPT_4\Few_shot1\tests\test_096.py", line 5, in test_count_occurance_basic
    def test_count_occurance_basic(self): self.assertEqual(count_occurance("std"), 1)
AssertionError: 0 != 1

   - [#   4] AOR datasets.GPT_4.Few_shot1.programs.program_096: [0.00000 s] killed by test_count_occurance_basic (datasets.GPT_4.Few_shot1.tests.test_096.TestVersion)

Traceback (most recent call last):
  File "C:\Users\skaspers\OneDrive - Capgemini\Documents\Prompted Testsuite Analysis\.\datasets\GPT_4\Few_shot1\tests\test_096.py", line 5, in test_count_occurance_basic
    def test_count_occurance_basic(self): self.assertEqual(count_occurance("std"), 1)
AssertionError: -1 != 1

   - [#   5] COI datasets.GPT_4.Few_shot1.programs.program_096: [0.00000 s] killed by test_count_occurance_basic (datasets.GPT_4.Few_shot1.tests.test_096.TestVersion)

Traceback (most recent call last):
  File "C:\Users\skaspers\OneDrive - Capgemini\Documents\Prompted Testsuite Analysis\.\datasets\GPT_4\Few_shot1\tests\test_096.py", line 5, in test_count_occurance_basic
    def test_count_occurance_basic(self): self.assertEqual(count_occurance("std"), 1)
AssertionError: 0 != 1

   - [#   6] LCR datasets.GPT_4.Few_shot1.programs.program_096: [0.01564 s] killed by test_count_occurance_case_sensitive (datasets.GPT_4.Few_shot1.tests.test_096.TestVersion)

Traceback (most recent call last):
  File "C:\Users\skaspers\OneDrive - Capgemini\Documents\Prompted Testsuite Analysis\.\datasets\GPT_4\Few_shot1\tests\test_096.py", line 27, in test_count_occurance_case_sensitive
    def test_count_occurance_case_sensitive(self): self.assertEqual(count_occurance("StD"), 0)
AssertionError: 1 != 0

   - [#   7] ROR datasets.GPT_4.Few_shot1.programs.program_096: [0.00000 s] killed by test_count_occurance_basic (datasets.GPT_4.Few_shot1.tests.test_096.TestVersion)

Traceback (most recent call last):
  File "C:\Users\skaspers\OneDrive - Capgemini\Documents\Prompted Testsuite Analysis\.\datasets\GPT_4\Few_shot1\tests\test_096.py", line 5, in test_count_occurance_basic
    def test_count_occurance_basic(self): self.assertEqual(count_occurance("std"), 1)
AssertionError: 0 != 1

   - [#   8] ROR datasets.GPT_4.Few_shot1.programs.program_096: [0.00960 s] killed by test_count_occurance_basic (datasets.GPT_4.Few_shot1.tests.test_096.TestVersion)

Traceback (most recent call last):
  File "C:\Users\skaspers\OneDrive - Capgemini\Documents\Prompted Testsuite Analysis\.\datasets\GPT_4\Few_shot1\tests\test_096.py", line 5, in test_count_occurance_basic
    def test_count_occurance_basic(self): self.assertEqual(count_occurance("std"), 1)
AssertionError: 0 != 1

   - [#   9] ROR datasets.GPT_4.Few_shot1.programs.program_096: [0.00000 s] killed by test_count_occurance_basic (datasets.GPT_4.Few_shot1.tests.test_096.TestVersion)

Traceback (most recent call last):
  File "C:\Users\skaspers\OneDrive - Capgemini\Documents\Prompted Testsuite Analysis\.\datasets\GPT_4\Few_shot1\tests\test_096.py", line 5, in test_count_occurance_basic
    def test_count_occurance_basic(self): self.assertEqual(count_occurance("std"), 1)
AssertionError: 0 != 1

[*] Mutation score [0.07883 s]: 100.0%
   - all: 9
   - killed: 9 (100.0%)
   - survived: 0 (0.0%)
   - incompetent: 0 (0.0%)
   - timeout: 0 (0.0%)
HI SANDER, RUNNING MUTPY FROM: C:\Users\skaspers\OneDrive - Capgemini\Documents\Prompted Testsuite Analysis\.venv38\lib\site-packages\mutpy\commandline.py
