[*] Start mutation process:
   - targets: datasets.GPT_4.Few_shot1.programs.program_080
   - tests: datasets.GPT_4.Few_shot1.tests.test_080
[*] 10 tests passed:
   - datasets.GPT_4.Few_shot1.tests.test_080 [0.00000 s]
[*] Start mutants generation and execution:
   - [#   1] COD datasets.GPT_4.Few_shot1.programs.program_080: [0.00108 s] killed by test_extract_singly_all_unique (datasets.GPT_4.Few_shot1.tests.test_080.TestVersion)

Traceback (most recent call last):
  File "C:\Users\skaspers\OneDrive - Capgemini\Documents\Prompted Testsuite Analysis\.\datasets\GPT_4\Few_shot1\tests\test_080.py", line 11, in test_extract_singly_all_unique
    def test_extract_singly_all_unique(self): self.assertEqual(extract_singly([[1], [2], [3]]), [1, 2, 3])
AssertionError: Lists differ: [] != [1, 2, 3]

Second list contains 3 additional elements.
First extra element 0:
1

- []
+ [1, 2, 3]

   - [#   2] COI datasets.GPT_4.Few_shot1.programs.program_080: [0.00000 s] killed by test_extract_singly_all_unique (datasets.GPT_4.Few_shot1.tests.test_080.TestVersion)

Traceback (most recent call last):
  File "C:\Users\skaspers\OneDrive - Capgemini\Documents\Prompted Testsuite Analysis\.\datasets\GPT_4\Few_shot1\tests\test_080.py", line 11, in test_extract_singly_all_unique
    def test_extract_singly_all_unique(self): self.assertEqual(extract_singly([[1], [2], [3]]), [1, 2, 3])
AssertionError: Lists differ: [] != [1, 2, 3]

Second list contains 3 additional elements.
First extra element 0:
1

- []
+ [1, 2, 3]

   - [#   3] COI datasets.GPT_4.Few_shot1.programs.program_080: [0.00006 s] killed by test_extract_singly_all_unique (datasets.GPT_4.Few_shot1.tests.test_080.TestVersion)

Traceback (most recent call last):
  File "C:\Users\skaspers\OneDrive - Capgemini\Documents\Prompted Testsuite Analysis\.\datasets\GPT_4\Few_shot1\tests\test_080.py", line 11, in test_extract_singly_all_unique
    def test_extract_singly_all_unique(self): self.assertEqual(extract_singly([[1], [2], [3]]), [1, 2, 3])
AssertionError: Lists differ: [] != [1, 2, 3]

Second list contains 3 additional elements.
First extra element 0:
1

- []
+ [1, 2, 3]

[*] Mutation score [0.04044 s]: 100.0%
   - all: 3
   - killed: 3 (100.0%)
   - survived: 0 (0.0%)
   - incompetent: 0 (0.0%)
   - timeout: 0 (0.0%)
HI SANDER, RUNNING MUTPY FROM: C:\Users\skaspers\OneDrive - Capgemini\Documents\Prompted Testsuite Analysis\.venv38\lib\site-packages\mutpy\commandline.py
