[*] Start mutation process:
   - targets: datasets.GPT_4.Zero_shot.programs.program_041
   - tests: datasets.GPT_4.Zero_shot.tests.test_041
[*] 8 tests passed:
   - datasets.GPT_4.Zero_shot.tests.test_041 [0.00000 s]
[*] Start mutants generation and execution:
   - [#   1] AOR datasets.GPT_4.Zero_shot.programs.program_041: [0.00000 s] killed by test_multiple_spaces (datasets.GPT_4.Zero_shot.tests.test_041.TestVersion)

Traceback (most recent call last):
  File "C:\Users\skaspers\OneDrive - Capgemini\Documents\Prompted Testsuite Analysis\.\datasets\GPT_4\Zero_shot\tests\test_041.py", line 9, in test_multiple_spaces
    assert power(a, b) == expected_output
AssertionError

   - [#   2] AOR datasets.GPT_4.Zero_shot.programs.program_041: [0.00000 s] killed by test_multiple_spaces (datasets.GPT_4.Zero_shot.tests.test_041.TestVersion)

Traceback (most recent call last):
  File "C:\Users\skaspers\OneDrive - Capgemini\Documents\Prompted Testsuite Analysis\.\datasets\GPT_4\Zero_shot\tests\test_041.py", line 9, in test_multiple_spaces
    assert power(a, b) == expected_output
AssertionError

   - [#   3] AOR datasets.GPT_4.Zero_shot.programs.program_041: [0.00000 s] killed by test_multiple_spaces (datasets.GPT_4.Zero_shot.tests.test_041.TestVersion)

Traceback (most recent call last):
  File "C:\Users\skaspers\OneDrive - Capgemini\Documents\Prompted Testsuite Analysis\.\datasets\GPT_4\Zero_shot\tests\test_041.py", line 9, in test_multiple_spaces
    assert power(a, b) == expected_output
AssertionError

   - [#   4] AOR datasets.GPT_4.Zero_shot.programs.program_041: [0.22707 s] killed by test_multiple_spaces (datasets.GPT_4.Zero_shot.tests.test_041.TestVersion)

Traceback (most recent call last):
  File "C:\Users\skaspers\OneDrive - Capgemini\Documents\Prompted Testsuite Analysis\.\datasets\GPT_4\Zero_shot\tests\test_041.py", line 9, in test_multiple_spaces
    assert power(a, b) == expected_output
  File "datasets.GPT_4.Zero_shot.programs.program_041", line 9, in power
  File "datasets.GPT_4.Zero_shot.programs.program_041", line 9, in power
  File "datasets.GPT_4.Zero_shot.programs.program_041", line 9, in power
  [Previous line repeated 983 more times]
  File "datasets.GPT_4.Zero_shot.programs.program_041", line 2, in power
RecursionError: maximum recursion depth exceeded in comparison

   - [#   5] COI datasets.GPT_4.Zero_shot.programs.program_041: [0.00000 s] killed by test_multiple_spaces (datasets.GPT_4.Zero_shot.tests.test_041.TestVersion)

Traceback (most recent call last):
  File "C:\Users\skaspers\OneDrive - Capgemini\Documents\Prompted Testsuite Analysis\.\datasets\GPT_4\Zero_shot\tests\test_041.py", line 9, in test_multiple_spaces
    assert power(a, b) == expected_output
AssertionError

   - [#   6] COI datasets.GPT_4.Zero_shot.programs.program_041: [0.00000 s] killed by test_multiple_spaces (datasets.GPT_4.Zero_shot.tests.test_041.TestVersion)

Traceback (most recent call last):
  File "C:\Users\skaspers\OneDrive - Capgemini\Documents\Prompted Testsuite Analysis\.\datasets\GPT_4\Zero_shot\tests\test_041.py", line 9, in test_multiple_spaces
    assert power(a, b) == expected_output
AssertionError

   - [#   7] COI datasets.GPT_4.Zero_shot.programs.program_041: [0.00000 s] killed by test_multiple_spaces (datasets.GPT_4.Zero_shot.tests.test_041.TestVersion)

Traceback (most recent call last):
  File "C:\Users\skaspers\OneDrive - Capgemini\Documents\Prompted Testsuite Analysis\.\datasets\GPT_4\Zero_shot\tests\test_041.py", line 9, in test_multiple_spaces
    assert power(a, b) == expected_output
AssertionError

   - [#   8] ROR datasets.GPT_4.Zero_shot.programs.program_041: [0.00000 s] killed by test_multiple_spaces (datasets.GPT_4.Zero_shot.tests.test_041.TestVersion)

Traceback (most recent call last):
  File "C:\Users\skaspers\OneDrive - Capgemini\Documents\Prompted Testsuite Analysis\.\datasets\GPT_4\Zero_shot\tests\test_041.py", line 9, in test_multiple_spaces
    assert power(a, b) == expected_output
AssertionError

   - [#   9] ROR datasets.GPT_4.Zero_shot.programs.program_041: [0.00000 s] killed by test_multiple_spaces (datasets.GPT_4.Zero_shot.tests.test_041.TestVersion)

Traceback (most recent call last):
  File "C:\Users\skaspers\OneDrive - Capgemini\Documents\Prompted Testsuite Analysis\.\datasets\GPT_4\Zero_shot\tests\test_041.py", line 9, in test_multiple_spaces
    assert power(a, b) == expected_output
AssertionError

   - [#  10] ROR datasets.GPT_4.Zero_shot.programs.program_041: [0.00000 s] killed by test_multiple_spaces (datasets.GPT_4.Zero_shot.tests.test_041.TestVersion)

Traceback (most recent call last):
  File "C:\Users\skaspers\OneDrive - Capgemini\Documents\Prompted Testsuite Analysis\.\datasets\GPT_4\Zero_shot\tests\test_041.py", line 9, in test_multiple_spaces
    assert power(a, b) == expected_output
AssertionError

[*] Mutation score [0.27918 s]: 100.0%
   - all: 10
   - killed: 10 (100.0%)
   - survived: 0 (0.0%)
   - incompetent: 0 (0.0%)
   - timeout: 0 (0.0%)
HI SANDER, RUNNING MUTPY FROM: C:\Users\skaspers\OneDrive - Capgemini\Documents\Prompted Testsuite Analysis\.venv38\lib\site-packages\mutpy\commandline.py
