[*] Start mutation process:
   - targets: datasets.GPT_4.Zero_shot.programs.program_024
   - tests: datasets.GPT_4.Zero_shot.tests.test_024
[*] 7 tests passed:
   - datasets.GPT_4.Zero_shot.tests.test_024 [0.00000 s]
[*] Start mutants generation and execution:
   - [#   1] AOR datasets.GPT_4.Zero_shot.programs.program_024: [0.00100 s] killed by test_multiple_spaces_2 (datasets.GPT_4.Zero_shot.tests.test_024.TestVersion)

Traceback (most recent call last):
  File "C:\Users\skaspers\OneDrive - Capgemini\Documents\Prompted Testsuite Analysis\.\datasets\GPT_4\Zero_shot\tests\test_024.py", line 13, in test_multiple_spaces_2
    assert dif_Square(n) == expected_output
AssertionError

   - [#   2] COI datasets.GPT_4.Zero_shot.programs.program_024: [0.00121 s] killed by test_multiple_spaces (datasets.GPT_4.Zero_shot.tests.test_024.TestVersion)

Traceback (most recent call last):
  File "C:\Users\skaspers\OneDrive - Capgemini\Documents\Prompted Testsuite Analysis\.\datasets\GPT_4\Zero_shot\tests\test_024.py", line 8, in test_multiple_spaces
    assert dif_Square(n) == expected_output
AssertionError

   - [#   3] ROR datasets.GPT_4.Zero_shot.programs.program_024: [0.00099 s] killed by test_multiple_spaces (datasets.GPT_4.Zero_shot.tests.test_024.TestVersion)

Traceback (most recent call last):
  File "C:\Users\skaspers\OneDrive - Capgemini\Documents\Prompted Testsuite Analysis\.\datasets\GPT_4\Zero_shot\tests\test_024.py", line 8, in test_multiple_spaces
    assert dif_Square(n) == expected_output
AssertionError

[*] Mutation score [0.02952 s]: 100.0%
   - all: 3
   - killed: 3 (100.0%)
   - survived: 0 (0.0%)
   - incompetent: 0 (0.0%)
   - timeout: 0 (0.0%)
HI SANDER, RUNNING MUTPY FROM: C:\Users\skaspers\OneDrive - Capgemini\Documents\Prompted Testsuite Analysis\.venv38\lib\site-packages\mutpy\commandline.py
