[*] Start mutation process:
   - targets: datasets.GPT_4.Zero_shot.programs.program_077
   - tests: datasets.GPT_4.Zero_shot.tests.test_077
[*] 7 tests passed:
   - datasets.GPT_4.Zero_shot.tests.test_077 [0.00000 s]
[*] Start mutants generation and execution:
   - [#   1] AOR datasets.GPT_4.Zero_shot.programs.program_077: [0.00000 s] killed by test_multiple_spaces (datasets.GPT_4.Zero_shot.tests.test_077.TestVersion)

Traceback (most recent call last):
  File "C:\Users\skaspers\OneDrive - Capgemini\Documents\Prompted Testsuite Analysis\.\datasets\GPT_4\Zero_shot\tests\test_077.py", line 8, in test_multiple_spaces
    assert zero_count(nums) == expected_output
AssertionError

   - [#   2] AOR datasets.GPT_4.Zero_shot.programs.program_077: [0.01562 s] killed by test_multiple_spaces (datasets.GPT_4.Zero_shot.tests.test_077.TestVersion)

Traceback (most recent call last):
  File "C:\Users\skaspers\OneDrive - Capgemini\Documents\Prompted Testsuite Analysis\.\datasets\GPT_4\Zero_shot\tests\test_077.py", line 8, in test_multiple_spaces
    assert zero_count(nums) == expected_output
AssertionError

   - [#   3] AOR datasets.GPT_4.Zero_shot.programs.program_077: [0.00000 s] killed by test_multiple_spaces (datasets.GPT_4.Zero_shot.tests.test_077.TestVersion)

Traceback (most recent call last):
  File "C:\Users\skaspers\OneDrive - Capgemini\Documents\Prompted Testsuite Analysis\.\datasets\GPT_4\Zero_shot\tests\test_077.py", line 8, in test_multiple_spaces
    assert zero_count(nums) == expected_output
AssertionError

   - [#   4] ASR datasets.GPT_4.Zero_shot.programs.program_077: [0.00000 s] killed by test_multiple_spaces (datasets.GPT_4.Zero_shot.tests.test_077.TestVersion)

Traceback (most recent call last):
  File "C:\Users\skaspers\OneDrive - Capgemini\Documents\Prompted Testsuite Analysis\.\datasets\GPT_4\Zero_shot\tests\test_077.py", line 8, in test_multiple_spaces
    assert zero_count(nums) == expected_output
AssertionError

   - [#   5] COI datasets.GPT_4.Zero_shot.programs.program_077: [0.00000 s] killed by test_multiple_spaces (datasets.GPT_4.Zero_shot.tests.test_077.TestVersion)

Traceback (most recent call last):
  File "C:\Users\skaspers\OneDrive - Capgemini\Documents\Prompted Testsuite Analysis\.\datasets\GPT_4\Zero_shot\tests\test_077.py", line 8, in test_multiple_spaces
    assert zero_count(nums) == expected_output
AssertionError

   - [#   6] ROR datasets.GPT_4.Zero_shot.programs.program_077: [0.00000 s] killed by test_multiple_spaces (datasets.GPT_4.Zero_shot.tests.test_077.TestVersion)

Traceback (most recent call last):
  File "C:\Users\skaspers\OneDrive - Capgemini\Documents\Prompted Testsuite Analysis\.\datasets\GPT_4\Zero_shot\tests\test_077.py", line 8, in test_multiple_spaces
    assert zero_count(nums) == expected_output
AssertionError

[*] Mutation score [0.04734 s]: 100.0%
   - all: 6
   - killed: 6 (100.0%)
   - survived: 0 (0.0%)
   - incompetent: 0 (0.0%)
   - timeout: 0 (0.0%)
HI SANDER, RUNNING MUTPY FROM: C:\Users\skaspers\OneDrive - Capgemini\Documents\Prompted Testsuite Analysis\.venv38\lib\site-packages\mutpy\commandline.py
