[*] Start mutation process:
   - targets: datasets.GPT_4.Zero_shot.programs.program_025
   - tests: datasets.GPT_4.Zero_shot.tests.test_025
[*] 9 tests passed:
   - datasets.GPT_4.Zero_shot.tests.test_025 [0.00000 s]
[*] Start mutants generation and execution:
   - [#   1] AOR datasets.GPT_4.Zero_shot.programs.program_025: [0.00193 s] killed by test_multiple_spaces (datasets.GPT_4.Zero_shot.tests.test_025.TestVersion)

Traceback (most recent call last):
  File "C:\Users\skaspers\OneDrive - Capgemini\Documents\Prompted Testsuite Analysis\.\datasets\GPT_4\Zero_shot\tests\test_025.py", line 9, in test_multiple_spaces
    assert is_samepatterns(colors, patterns) == expected_output
  File "datasets.GPT_4.Zero_shot.programs.program_025", line 23, in is_samepatterns
IndexError: list index out of range

   - [#   2] AOR datasets.GPT_4.Zero_shot.programs.program_025: [0.00097 s] survived
   - [#   3] COD datasets.GPT_4.Zero_shot.programs.program_025: [0.00200 s] killed by test_multiple_spaces (datasets.GPT_4.Zero_shot.tests.test_025.TestVersion)

Traceback (most recent call last):
  File "C:\Users\skaspers\OneDrive - Capgemini\Documents\Prompted Testsuite Analysis\.\datasets\GPT_4\Zero_shot\tests\test_025.py", line 9, in test_multiple_spaces
    assert is_samepatterns(colors, patterns) == expected_output
  File "datasets.GPT_4.Zero_shot.programs.program_025", line 13, in is_samepatterns
KeyError: 'A'

   - [#   4] COI datasets.GPT_4.Zero_shot.programs.program_025: [0.00111 s] killed by test_multiple_spaces (datasets.GPT_4.Zero_shot.tests.test_025.TestVersion)

Traceback (most recent call last):
  File "C:\Users\skaspers\OneDrive - Capgemini\Documents\Prompted Testsuite Analysis\.\datasets\GPT_4\Zero_shot\tests\test_025.py", line 9, in test_multiple_spaces
    assert is_samepatterns(colors, patterns) == expected_output
AssertionError

   - [#   5] COI datasets.GPT_4.Zero_shot.programs.program_025: [0.00153 s] killed by test_multiple_spaces (datasets.GPT_4.Zero_shot.tests.test_025.TestVersion)

Traceback (most recent call last):
  File "C:\Users\skaspers\OneDrive - Capgemini\Documents\Prompted Testsuite Analysis\.\datasets\GPT_4\Zero_shot\tests\test_025.py", line 9, in test_multiple_spaces
    assert is_samepatterns(colors, patterns) == expected_output
  File "datasets.GPT_4.Zero_shot.programs.program_025", line 13, in is_samepatterns
KeyError: 'A'

   - [#   6] COI datasets.GPT_4.Zero_shot.programs.program_025: [0.00100 s] killed by test_multiple_spaces (datasets.GPT_4.Zero_shot.tests.test_025.TestVersion)

Traceback (most recent call last):
  File "C:\Users\skaspers\OneDrive - Capgemini\Documents\Prompted Testsuite Analysis\.\datasets\GPT_4\Zero_shot\tests\test_025.py", line 9, in test_multiple_spaces
    assert is_samepatterns(colors, patterns) == expected_output
AssertionError

   - [#   7] COI datasets.GPT_4.Zero_shot.programs.program_025: [0.00000 s] killed by test_multiple_spaces (datasets.GPT_4.Zero_shot.tests.test_025.TestVersion)

Traceback (most recent call last):
  File "C:\Users\skaspers\OneDrive - Capgemini\Documents\Prompted Testsuite Analysis\.\datasets\GPT_4\Zero_shot\tests\test_025.py", line 9, in test_multiple_spaces
    assert is_samepatterns(colors, patterns) == expected_output
AssertionError

   - [#   8] ROR datasets.GPT_4.Zero_shot.programs.program_025: [0.00098 s] killed by test_multiple_spaces (datasets.GPT_4.Zero_shot.tests.test_025.TestVersion)

Traceback (most recent call last):
  File "C:\Users\skaspers\OneDrive - Capgemini\Documents\Prompted Testsuite Analysis\.\datasets\GPT_4\Zero_shot\tests\test_025.py", line 9, in test_multiple_spaces
    assert is_samepatterns(colors, patterns) == expected_output
AssertionError

   - [#   9] ROR datasets.GPT_4.Zero_shot.programs.program_025: [0.00091 s] killed by test_multiple_spaces (datasets.GPT_4.Zero_shot.tests.test_025.TestVersion)

Traceback (most recent call last):
  File "C:\Users\skaspers\OneDrive - Capgemini\Documents\Prompted Testsuite Analysis\.\datasets\GPT_4\Zero_shot\tests\test_025.py", line 9, in test_multiple_spaces
    assert is_samepatterns(colors, patterns) == expected_output
AssertionError

   - [#  10] ROR datasets.GPT_4.Zero_shot.programs.program_025: [0.00100 s] killed by test_multiple_spaces (datasets.GPT_4.Zero_shot.tests.test_025.TestVersion)

Traceback (most recent call last):
  File "C:\Users\skaspers\OneDrive - Capgemini\Documents\Prompted Testsuite Analysis\.\datasets\GPT_4\Zero_shot\tests\test_025.py", line 9, in test_multiple_spaces
    assert is_samepatterns(colors, patterns) == expected_output
AssertionError

[*] Mutation score [0.12918 s]: 90.0%
   - all: 10
   - killed: 9 (90.0%)
   - survived: 1 (10.0%)
   - incompetent: 0 (0.0%)
   - timeout: 0 (0.0%)
HI SANDER, RUNNING MUTPY FROM: C:\Users\skaspers\OneDrive - Capgemini\Documents\Prompted Testsuite Analysis\.venv38\lib\site-packages\mutpy\commandline.py
