[*] Start mutation process:
   - targets: datasets.GPT_4.Zero_shot.programs.program_039
   - tests: datasets.GPT_4.Zero_shot.tests.test_039
[*] 9 tests passed:
   - datasets.GPT_4.Zero_shot.tests.test_039 [0.00000 s]
[*] Start mutants generation and execution:
   - [#   1] COI datasets.GPT_4.Zero_shot.programs.program_039: [0.00000 s] killed by test_empty_string (datasets.GPT_4.Zero_shot.tests.test_039.TestVersion)

Traceback (most recent call last):
  File "C:\Users\skaspers\OneDrive - Capgemini\Documents\Prompted Testsuite Analysis\.\datasets\GPT_4\Zero_shot\tests\test_039.py", line 27, in test_empty_string
    assert find_substring(str1, sub_str) == expected_output
AssertionError

   - [#   2] COI datasets.GPT_4.Zero_shot.programs.program_039: [0.00000 s] killed by test_empty_string (datasets.GPT_4.Zero_shot.tests.test_039.TestVersion)

Traceback (most recent call last):
  File "C:\Users\skaspers\OneDrive - Capgemini\Documents\Prompted Testsuite Analysis\.\datasets\GPT_4\Zero_shot\tests\test_039.py", line 27, in test_empty_string
    assert find_substring(str1, sub_str) == expected_output
AssertionError

[*] Mutation score [0.02661 s]: 100.0%
   - all: 2
   - killed: 2 (100.0%)
   - survived: 0 (0.0%)
   - incompetent: 0 (0.0%)
   - timeout: 0 (0.0%)
HI SANDER, RUNNING MUTPY FROM: C:\Users\skaspers\OneDrive - Capgemini\Documents\Prompted Testsuite Analysis\.venv38\lib\site-packages\mutpy\commandline.py
