[*] Start mutation process:
   - targets: datasets.GPT_4.Zero_shot.programs.program_093
   - tests: datasets.GPT_4.Zero_shot.tests.test_093
[*] 7 tests passed:
   - datasets.GPT_4.Zero_shot.tests.test_093 [0.00000 s]
[*] Start mutants generation and execution:
   - [#   1] ASR datasets.GPT_4.Zero_shot.programs.program_093: [0.00000 s] killed by test_multiple_spaces (datasets.GPT_4.Zero_shot.tests.test_093.TestVersion)

Traceback (most recent call last):
  File "C:\Users\skaspers\OneDrive - Capgemini\Documents\Prompted Testsuite Analysis\.\datasets\GPT_4\Zero_shot\tests\test_093.py", line 9, in test_multiple_spaces
    assert frequency(a, x) == expected_output
AssertionError

   - [#   2] COI datasets.GPT_4.Zero_shot.programs.program_093: [0.00121 s] killed by test_multiple_spaces (datasets.GPT_4.Zero_shot.tests.test_093.TestVersion)

Traceback (most recent call last):
  File "C:\Users\skaspers\OneDrive - Capgemini\Documents\Prompted Testsuite Analysis\.\datasets\GPT_4\Zero_shot\tests\test_093.py", line 9, in test_multiple_spaces
    assert frequency(a, x) == expected_output
AssertionError

   - [#   3] ROR datasets.GPT_4.Zero_shot.programs.program_093: [0.00110 s] killed by test_multiple_spaces (datasets.GPT_4.Zero_shot.tests.test_093.TestVersion)

Traceback (most recent call last):
  File "C:\Users\skaspers\OneDrive - Capgemini\Documents\Prompted Testsuite Analysis\.\datasets\GPT_4\Zero_shot\tests\test_093.py", line 9, in test_multiple_spaces
    assert frequency(a, x) == expected_output
AssertionError

[*] Mutation score [0.05614 s]: 100.0%
   - all: 3
   - killed: 3 (100.0%)
   - survived: 0 (0.0%)
   - incompetent: 0 (0.0%)
   - timeout: 0 (0.0%)
HI SANDER, RUNNING MUTPY FROM: C:\Users\skaspers\OneDrive - Capgemini\Documents\Prompted Testsuite Analysis\.venv38\lib\site-packages\mutpy\commandline.py
