[*] Start mutation process:
   - targets: datasets.GPT_4.Few_shot.programs.program_094
   - tests: datasets.GPT_4.Few_shot.tests.test_094
Passed: IndexError for empty list.
[*] 8 tests passed:
   - datasets.GPT_4.Few_shot.tests.test_094 [0.00000 s]
[*] Start mutants generation and execution:
   - [#   1] AOR datasets.GPT_4.Few_shot.programs.program_094: [0.00100 s] killed by test_case_1 (datasets.GPT_4.Few_shot.tests.test_094.TestVersion)

Traceback (most recent call last):
  File "C:\Users\skaspers\OneDrive - Capgemini\Documents\Prompted Testsuite Analysis\.\datasets\GPT_4\Few_shot\tests\test_094.py", line 6, in test_case_1
    self.assertEqual(sum_range_list([1, 2, 3, 4, 5], 1, 3), 9) # Subrange from index 1 to 3)
AssertionError: 2 != 9

   - [#   2] ASR datasets.GPT_4.Few_shot.programs.program_094: [0.00000 s] killed by test_case_1 (datasets.GPT_4.Few_shot.tests.test_094.TestVersion)

Traceback (most recent call last):
  File "C:\Users\skaspers\OneDrive - Capgemini\Documents\Prompted Testsuite Analysis\.\datasets\GPT_4\Few_shot\tests\test_094.py", line 6, in test_case_1
    self.assertEqual(sum_range_list([1, 2, 3, 4, 5], 1, 3), 9) # Subrange from index 1 to 3)
AssertionError: -9 != 9

[*] Mutation score [0.03788 s]: 100.0%
   - all: 2
   - killed: 2 (100.0%)
   - survived: 0 (0.0%)
   - incompetent: 0 (0.0%)
   - timeout: 0 (0.0%)
HI SANDER, RUNNING MUTPY FROM: C:\Users\skaspers\OneDrive - Capgemini\Documents\Prompted Testsuite Analysis\.venv38\lib\site-packages\mutpy\commandline.py
