[*] Start mutation process:
   - targets: datasets.GPT_4.Few_shot.programs.program_048
   - tests: datasets.GPT_4.Few_shot.tests.test_048
[*] 8 tests passed:
   - datasets.GPT_4.Few_shot.tests.test_048 [0.00100 s]
[*] Start mutants generation and execution:
   - [#   1] AOD datasets.GPT_4.Few_shot.programs.program_048: [0.00208 s] killed by test_case_1 (datasets.GPT_4.Few_shot.tests.test_048.TestVersion)

Traceback (most recent call last):
  File "C:\Users\skaspers\OneDrive - Capgemini\Documents\Prompted Testsuite Analysis\.\datasets\GPT_4\Few_shot\tests\test_048.py", line 6, in test_case_1
    self.assertEqual(next_smallest_palindrome(123), 131) # Small number)
AssertionError: 124 != 131

   - [#   2] AOR datasets.GPT_4.Few_shot.programs.program_048: [0.00108 s] killed by test_case_2 (datasets.GPT_4.Few_shot.tests.test_048.TestVersion)

Traceback (most recent call last):
  File "C:\Users\skaspers\OneDrive - Capgemini\Documents\Prompted Testsuite Analysis\.\datasets\GPT_4\Few_shot\tests\test_048.py", line 9, in test_case_2
    self.assertEqual(next_smallest_palindrome(9), 11) # Single-digit number)
AssertionError: 8 != 11

   - [#   3] AOR datasets.GPT_4.Few_shot.programs.program_048: [0.00100 s] killed by test_case_1 (datasets.GPT_4.Few_shot.tests.test_048.TestVersion)

Traceback (most recent call last):
  File "C:\Users\skaspers\OneDrive - Capgemini\Documents\Prompted Testsuite Analysis\.\datasets\GPT_4\Few_shot\tests\test_048.py", line 6, in test_case_1
    self.assertEqual(next_smallest_palindrome(123), 131) # Small number)
AssertionError: 124 != 131

   - [#   4] COI datasets.GPT_4.Few_shot.programs.program_048: [0.00000 s] killed by test_case_1 (datasets.GPT_4.Few_shot.tests.test_048.TestVersion)

Traceback (most recent call last):
  File "C:\Users\skaspers\OneDrive - Capgemini\Documents\Prompted Testsuite Analysis\.\datasets\GPT_4\Few_shot\tests\test_048.py", line 6, in test_case_1
    self.assertEqual(next_smallest_palindrome(123), 131) # Small number)
AssertionError: 124 != 131

   - [#   5] ROR datasets.GPT_4.Few_shot.programs.program_048: [0.00092 s] killed by test_case_1 (datasets.GPT_4.Few_shot.tests.test_048.TestVersion)

Traceback (most recent call last):
  File "C:\Users\skaspers\OneDrive - Capgemini\Documents\Prompted Testsuite Analysis\.\datasets\GPT_4\Few_shot\tests\test_048.py", line 6, in test_case_1
    self.assertEqual(next_smallest_palindrome(123), 131) # Small number)
AssertionError: 124 != 131

   - [#   6] SIR datasets.GPT_4.Few_shot.programs.program_048: [0.00000 s] killed by test_case_1 (datasets.GPT_4.Few_shot.tests.test_048.TestVersion)

Traceback (most recent call last):
  File "C:\Users\skaspers\OneDrive - Capgemini\Documents\Prompted Testsuite Analysis\.\datasets\GPT_4\Few_shot\tests\test_048.py", line 6, in test_case_1
    self.assertEqual(next_smallest_palindrome(123), 131) # Small number)
AssertionError: 124 != 131

[*] Mutation score [0.04944 s]: 100.0%
   - all: 6
   - killed: 6 (100.0%)
   - survived: 0 (0.0%)
   - incompetent: 0 (0.0%)
   - timeout: 0 (0.0%)
HI SANDER, RUNNING MUTPY FROM: C:\Users\skaspers\OneDrive - Capgemini\Documents\Prompted Testsuite Analysis\.venv38\lib\site-packages\mutpy\commandline.py
