[*] Start mutation process:
   - targets: datasets.GPT_4.Few_shot.programs.program_033
   - tests: datasets.GPT_4.Few_shot.tests.test_033
[*] 8 tests passed:
   - datasets.GPT_4.Few_shot.tests.test_033 [0.00000 s]
[*] Start mutants generation and execution:
   - [#   1] AOR datasets.GPT_4.Few_shot.programs.program_033: [0.00100 s] killed by test_case_1 (datasets.GPT_4.Few_shot.tests.test_033.TestVersion)

Traceback (most recent call last):
  File "C:\Users\skaspers\OneDrive - Capgemini\Documents\Prompted Testsuite Analysis\.\datasets\GPT_4\Few_shot\tests\test_033.py", line 6, in test_case_1
    self.assertEqual(surfacearea_sphere(1), 4 * math.pi) # Unit sphere)
AssertionError: 1.2732395447351628 != 12.566370614359172

   - [#   2] AOR datasets.GPT_4.Few_shot.programs.program_033: [0.00000 s] killed by test_case_1 (datasets.GPT_4.Few_shot.tests.test_033.TestVersion)

Traceback (most recent call last):
  File "C:\Users\skaspers\OneDrive - Capgemini\Documents\Prompted Testsuite Analysis\.\datasets\GPT_4\Few_shot\tests\test_033.py", line 6, in test_case_1
    self.assertEqual(surfacearea_sphere(1), 4 * math.pi) # Unit sphere)
AssertionError: 1.0 != 12.566370614359172

   - [#   3] AOR datasets.GPT_4.Few_shot.programs.program_033: [0.00000 s] killed by test_case_1 (datasets.GPT_4.Few_shot.tests.test_033.TestVersion)

Traceback (most recent call last):
  File "C:\Users\skaspers\OneDrive - Capgemini\Documents\Prompted Testsuite Analysis\.\datasets\GPT_4\Few_shot\tests\test_033.py", line 6, in test_case_1
    self.assertEqual(surfacearea_sphere(1), 4 * math.pi) # Unit sphere)
AssertionError: 77.8802336483881 != 12.566370614359172

   - [#   4] AOR datasets.GPT_4.Few_shot.programs.program_033: [0.00100 s] killed by test_case_2 (datasets.GPT_4.Few_shot.tests.test_033.TestVersion)

Traceback (most recent call last):
  File "C:\Users\skaspers\OneDrive - Capgemini\Documents\Prompted Testsuite Analysis\.\datasets\GPT_4\Few_shot\tests\test_033.py", line 9, in test_case_2
    self.assertEqual(surfacearea_sphere(0), 0) # Zero radius)
  File "datasets.GPT_4.Few_shot.programs.program_033", line 3, in surfacearea_sphere
ZeroDivisionError: float division by zero

   - [#   5] AOR datasets.GPT_4.Few_shot.programs.program_033: [0.00100 s] killed by test_case_1 (datasets.GPT_4.Few_shot.tests.test_033.TestVersion)

Traceback (most recent call last):
  File "C:\Users\skaspers\OneDrive - Capgemini\Documents\Prompted Testsuite Analysis\.\datasets\GPT_4\Few_shot\tests\test_033.py", line 6, in test_case_1
    self.assertEqual(surfacearea_sphere(1), 4 * math.pi) # Unit sphere)
AssertionError: 12.0 != 12.566370614359172

   - [#   6] AOR datasets.GPT_4.Few_shot.programs.program_033: [0.00000 s] killed by test_case_3 (datasets.GPT_4.Few_shot.tests.test_033.TestVersion)

Traceback (most recent call last):
  File "C:\Users\skaspers\OneDrive - Capgemini\Documents\Prompted Testsuite Analysis\.\datasets\GPT_4\Few_shot\tests\test_033.py", line 12, in test_case_3
    self.assertEqual(surfacearea_sphere(3), 4 * math.pi * (3**2) )  # Normal positive radius)
AssertionError: 5953.2051226175645 != 113.09733552923255

   - [#   7] AOR datasets.GPT_4.Few_shot.programs.program_033: [0.00100 s] killed by test_case_2 (datasets.GPT_4.Few_shot.tests.test_033.TestVersion)

Traceback (most recent call last):
  File "C:\Users\skaspers\OneDrive - Capgemini\Documents\Prompted Testsuite Analysis\.\datasets\GPT_4\Few_shot\tests\test_033.py", line 9, in test_case_2
    self.assertEqual(surfacearea_sphere(0), 0) # Zero radius)
  File "datasets.GPT_4.Few_shot.programs.program_033", line 3, in surfacearea_sphere
ZeroDivisionError: float division by zero

   - [#   8] AOR datasets.GPT_4.Few_shot.programs.program_033: [0.00100 s] killed by test_case_1 (datasets.GPT_4.Few_shot.tests.test_033.TestVersion)

Traceback (most recent call last):
  File "C:\Users\skaspers\OneDrive - Capgemini\Documents\Prompted Testsuite Analysis\.\datasets\GPT_4\Few_shot\tests\test_033.py", line 6, in test_case_1
    self.assertEqual(surfacearea_sphere(1), 4 * math.pi) # Unit sphere)
AssertionError: 12.0 != 12.566370614359172

   - [#   9] AOR datasets.GPT_4.Few_shot.programs.program_033: [0.00100 s] killed by test_case_2 (datasets.GPT_4.Few_shot.tests.test_033.TestVersion)

Traceback (most recent call last):
  File "C:\Users\skaspers\OneDrive - Capgemini\Documents\Prompted Testsuite Analysis\.\datasets\GPT_4\Few_shot\tests\test_033.py", line 9, in test_case_2
    self.assertEqual(surfacearea_sphere(0), 0) # Zero radius)
AssertionError: 1.0 != 0

[*] Mutation score [0.05050 s]: 100.0%
   - all: 9
   - killed: 9 (100.0%)
   - survived: 0 (0.0%)
   - incompetent: 0 (0.0%)
   - timeout: 0 (0.0%)
HI SANDER, RUNNING MUTPY FROM: C:\Users\skaspers\OneDrive - Capgemini\Documents\Prompted Testsuite Analysis\.venv38\lib\site-packages\mutpy\commandline.py
