[*] Start mutation process:
   - targets: datasets.GPT_4.Few_shot.programs.program_009
   - tests: datasets.GPT_4.Few_shot.tests.test_009
[*] 8 tests passed:
   - datasets.GPT_4.Few_shot.tests.test_009 [0.00000 s]
[*] Start mutants generation and execution:
   - [#   1] AOR datasets.GPT_4.Few_shot.programs.program_009: [0.00099 s] killed by test_case_1 (datasets.GPT_4.Few_shot.tests.test_009.TestVersion)

Traceback (most recent call last):
  File "C:\Users\skaspers\OneDrive - Capgemini\Documents\Prompted Testsuite Analysis\.\datasets\GPT_4\Few_shot\tests\test_009.py", line 6, in test_case_1
    self.assertEqual(rev(123), 321)
AssertionError: 1.23 != 321

   - [#   2] AOR datasets.GPT_4.Few_shot.programs.program_009: [0.00100 s] killed by test_case_1 (datasets.GPT_4.Few_shot.tests.test_009.TestVersion)

Traceback (most recent call last):
  File "C:\Users\skaspers\OneDrive - Capgemini\Documents\Prompted Testsuite Analysis\.\datasets\GPT_4\Few_shot\tests\test_009.py", line 6, in test_case_1
    self.assertEqual(rev(123), 321)
AssertionError: 1 != 321

   - [#   3] AOR datasets.GPT_4.Few_shot.programs.program_009: [0.00000 s] killed by test_case_1 (datasets.GPT_4.Few_shot.tests.test_009.TestVersion)

Traceback (most recent call last):
  File "C:\Users\skaspers\OneDrive - Capgemini\Documents\Prompted Testsuite Analysis\.\datasets\GPT_4\Few_shot\tests\test_009.py", line 6, in test_case_1
    self.assertEqual(rev(123), 321)
AssertionError: 515552106611365551592119764048828798491838703002 != 321

   - [#   4] AOR datasets.GPT_4.Few_shot.programs.program_009: [0.00100 s] killed by test_case_1 (datasets.GPT_4.Few_shot.tests.test_009.TestVersion)

Traceback (most recent call last):
  File "C:\Users\skaspers\OneDrive - Capgemini\Documents\Prompted Testsuite Analysis\.\datasets\GPT_4\Few_shot\tests\test_009.py", line 6, in test_case_1
    self.assertEqual(rev(123), 321)
AssertionError: -321 != 321

   - [#   5] AOR datasets.GPT_4.Few_shot.programs.program_009: [0.00000 s] killed by test_case_1 (datasets.GPT_4.Few_shot.tests.test_009.TestVersion)

Traceback (most recent call last):
  File "C:\Users\skaspers\OneDrive - Capgemini\Documents\Prompted Testsuite Analysis\.\datasets\GPT_4\Few_shot\tests\test_009.py", line 6, in test_case_1
    self.assertEqual(rev(123), 321)
AssertionError: 124210 != 321

   - [#   6] AOR datasets.GPT_4.Few_shot.programs.program_009: [0.00100 s] killed by test_case_1 (datasets.GPT_4.Few_shot.tests.test_009.TestVersion)

Traceback (most recent call last):
  File "C:\Users\skaspers\OneDrive - Capgemini\Documents\Prompted Testsuite Analysis\.\datasets\GPT_4\Few_shot\tests\test_009.py", line 6, in test_case_1
    self.assertEqual(rev(123), 321)
AssertionError: inf != 321

   - [#   7] AOR datasets.GPT_4.Few_shot.programs.program_009: [5.03972 s] timeout
   - [#   8] AOR datasets.GPT_4.Few_shot.programs.program_009: [0.00000 s] survived
   - [#   9] AOR datasets.GPT_4.Few_shot.programs.program_009: [0.00000 s] survived
   - [#  10] AOR datasets.GPT_4.Few_shot.programs.program_009: [0.00000 s] survived
   - [#  11] AOR datasets.GPT_4.Few_shot.programs.program_009: [0.00000 s] survived
   - [#  12] COI datasets.GPT_4.Few_shot.programs.program_009: [0.00000 s] killed by test_case_1 (datasets.GPT_4.Few_shot.tests.test_009.TestVersion)

Traceback (most recent call last):
  File "C:\Users\skaspers\OneDrive - Capgemini\Documents\Prompted Testsuite Analysis\.\datasets\GPT_4\Few_shot\tests\test_009.py", line 6, in test_case_1
    self.assertEqual(rev(123), 321)
AssertionError: 0 != 321

   - [#  13] ROR datasets.GPT_4.Few_shot.programs.program_009: [0.00000 s] killed by test_case_1 (datasets.GPT_4.Few_shot.tests.test_009.TestVersion)

Traceback (most recent call last):
  File "C:\Users\skaspers\OneDrive - Capgemini\Documents\Prompted Testsuite Analysis\.\datasets\GPT_4\Few_shot\tests\test_009.py", line 6, in test_case_1
    self.assertEqual(rev(123), 321)
AssertionError: 0 != 321

   - [#  14] ROR datasets.GPT_4.Few_shot.programs.program_009: [5.04267 s] timeout
   - [#  15] ROR datasets.GPT_4.Few_shot.programs.program_009: [0.00000 s] survived
[*] Mutation score [10.16171 s]: 66.7%
   - all: 15
   - killed: 8 (53.3%)
   - survived: 5 (33.3%)
   - incompetent: 0 (0.0%)
   - timeout: 2 (13.3%)
HI SANDER, RUNNING MUTPY FROM: C:\Users\skaspers\OneDrive - Capgemini\Documents\Prompted Testsuite Analysis\.venv38\lib\site-packages\mutpy\commandline.py
