[*] Start mutation process:
   - targets: datasets.GPT_4.Few_shot.programs.program_092
   - tests: datasets.GPT_4.Few_shot.tests.test_092
[*] 8 tests passed:
   - datasets.GPT_4.Few_shot.tests.test_092 [0.00000 s]
[*] Start mutants generation and execution:
   - [#   1] AOR datasets.GPT_4.Few_shot.programs.program_092: [0.00000 s] killed by test_case_2 (datasets.GPT_4.Few_shot.tests.test_092.TestVersion)

Traceback (most recent call last):
  File "C:\Users\skaspers\OneDrive - Capgemini\Documents\Prompted Testsuite Analysis\.\datasets\GPT_4\Few_shot\tests\test_092.py", line 9, in test_case_2
    self.assertEqual(next_power_of_2(16), 16) # n is already a power of 2)
AssertionError: 32 != 16

   - [#   2] ASR datasets.GPT_4.Few_shot.programs.program_092: [0.00000 s] killed by test_case_1 (datasets.GPT_4.Few_shot.tests.test_092.TestVersion)

Traceback (most recent call last):
  File "C:\Users\skaspers\OneDrive - Capgemini\Documents\Prompted Testsuite Analysis\.\datasets\GPT_4\Few_shot\tests\test_092.py", line 6, in test_case_1
    self.assertEqual(next_power_of_2(5), 8) # Next power of 2 greater than 5)
  File "datasets.GPT_4.Few_shot.programs.program_092", line 10, in next_power_of_2
ValueError: negative shift count

   - [#   3] COD datasets.GPT_4.Few_shot.programs.program_092: [0.00000 s] killed by test_case_1 (datasets.GPT_4.Few_shot.tests.test_092.TestVersion)

Traceback (most recent call last):
  File "C:\Users\skaspers\OneDrive - Capgemini\Documents\Prompted Testsuite Analysis\.\datasets\GPT_4\Few_shot\tests\test_092.py", line 6, in test_case_1
    self.assertEqual(next_power_of_2(5), 8) # Next power of 2 greater than 5)
AssertionError: 5 != 8

   - [#   4] COI datasets.GPT_4.Few_shot.programs.program_092: [0.00000 s] killed by test_case_1 (datasets.GPT_4.Few_shot.tests.test_092.TestVersion)

Traceback (most recent call last):
  File "C:\Users\skaspers\OneDrive - Capgemini\Documents\Prompted Testsuite Analysis\.\datasets\GPT_4\Few_shot\tests\test_092.py", line 6, in test_case_1
    self.assertEqual(next_power_of_2(5), 8) # Next power of 2 greater than 5)
AssertionError: 5 != 8

   - [#   5] COI datasets.GPT_4.Few_shot.programs.program_092: [0.00000 s] killed by test_case_1 (datasets.GPT_4.Few_shot.tests.test_092.TestVersion)

Traceback (most recent call last):
  File "C:\Users\skaspers\OneDrive - Capgemini\Documents\Prompted Testsuite Analysis\.\datasets\GPT_4\Few_shot\tests\test_092.py", line 6, in test_case_1
    self.assertEqual(next_power_of_2(5), 8) # Next power of 2 greater than 5)
AssertionError: 1 != 8

   - [#   6] LCR datasets.GPT_4.Few_shot.programs.program_092: [0.00000 s] killed by test_case_1 (datasets.GPT_4.Few_shot.tests.test_092.TestVersion)

Traceback (most recent call last):
  File "C:\Users\skaspers\OneDrive - Capgemini\Documents\Prompted Testsuite Analysis\.\datasets\GPT_4\Few_shot\tests\test_092.py", line 6, in test_case_1
    self.assertEqual(next_power_of_2(5), 8) # Next power of 2 greater than 5)
AssertionError: 5 != 8

   - [#   7] LOR datasets.GPT_4.Few_shot.programs.program_092: [0.00000 s] killed by test_case_2 (datasets.GPT_4.Few_shot.tests.test_092.TestVersion)

Traceback (most recent call last):
  File "C:\Users\skaspers\OneDrive - Capgemini\Documents\Prompted Testsuite Analysis\.\datasets\GPT_4\Few_shot\tests\test_092.py", line 9, in test_case_2
    self.assertEqual(next_power_of_2(16), 16) # n is already a power of 2)
AssertionError: 32 != 16

   - [#   8] LOR datasets.GPT_4.Few_shot.programs.program_092: [5.05789 s] timeout
   - [#   9] LOR datasets.GPT_4.Few_shot.programs.program_092: [0.00000 s] killed by test_case_1 (datasets.GPT_4.Few_shot.tests.test_092.TestVersion)

Traceback (most recent call last):
  File "C:\Users\skaspers\OneDrive - Capgemini\Documents\Prompted Testsuite Analysis\.\datasets\GPT_4\Few_shot\tests\test_092.py", line 6, in test_case_1
    self.assertEqual(next_power_of_2(5), 8) # Next power of 2 greater than 5)
AssertionError: 0 != 8

   - [#  10] ROR datasets.GPT_4.Few_shot.programs.program_092: [0.00000 s] killed by test_case_1 (datasets.GPT_4.Few_shot.tests.test_092.TestVersion)

Traceback (most recent call last):
  File "C:\Users\skaspers\OneDrive - Capgemini\Documents\Prompted Testsuite Analysis\.\datasets\GPT_4\Few_shot\tests\test_092.py", line 6, in test_case_1
    self.assertEqual(next_power_of_2(5), 8) # Next power of 2 greater than 5)
AssertionError: 1 != 8

[*] Mutation score [5.10521 s]: 100.0%
   - all: 10
   - killed: 9 (90.0%)
   - survived: 0 (0.0%)
   - incompetent: 0 (0.0%)
   - timeout: 1 (10.0%)
HI SANDER, RUNNING MUTPY FROM: C:\Users\skaspers\OneDrive - Capgemini\Documents\Prompted Testsuite Analysis\.venv38\lib\site-packages\mutpy\commandline.py
