[*] Start mutation process:
   - targets: datasets.GPT_4.Chain_of_thought.programs.program_021
   - tests: datasets.GPT_4.Chain_of_thought.tests.test_021
[*] 13 tests passed:
   - datasets.GPT_4.Chain_of_thought.tests.test_021 [0.03746 s]
[*] Start mutants generation and execution:
   - [#   1] AOR datasets.GPT_4.Chain_of_thought.programs.program_021: [0.04210 s] killed by test_large_list_and_sublist (datasets.GPT_4.Chain_of_thought.tests.test_021.TestVersion)

Traceback (most recent call last):
  File "C:\Users\skaspers\OneDrive - Capgemini\Documents\Prompted Testsuite Analysis\.\datasets\GPT_4\Chain_of_thought\tests\test_021.py", line 39, in test_large_list_and_sublist
    self.assertTrue(is_sublist(list(range(1000000)), [999997, 999998, 999999]))
AssertionError: False is not true

   - [#   2] ASR datasets.GPT_4.Chain_of_thought.programs.program_021: [0.06758 s] killed by test_large_list_and_sublist (datasets.GPT_4.Chain_of_thought.tests.test_021.TestVersion)

Traceback (most recent call last):
  File "C:\Users\skaspers\OneDrive - Capgemini\Documents\Prompted Testsuite Analysis\.\datasets\GPT_4\Chain_of_thought\tests\test_021.py", line 39, in test_large_list_and_sublist
    self.assertTrue(is_sublist(list(range(1000000)), [999997, 999998, 999999]))
AssertionError: False is not true

   - [#   3] COI datasets.GPT_4.Chain_of_thought.programs.program_021: [0.00000 s] killed by test_empty_sublist (datasets.GPT_4.Chain_of_thought.tests.test_021.TestVersion)

Traceback (most recent call last):
  File "C:\Users\skaspers\OneDrive - Capgemini\Documents\Prompted Testsuite Analysis\.\datasets\GPT_4\Chain_of_thought\tests\test_021.py", line 12, in test_empty_sublist
    self.assertTrue(is_sublist([1, 2, 3], []))
  File "datasets.GPT_4.Chain_of_thought.programs.program_021", line 11, in is_sublist
IndexError: list index out of range

   - [#   4] COI datasets.GPT_4.Chain_of_thought.programs.program_021: [0.01002 s] killed by test_non_contiguous_sublist (datasets.GPT_4.Chain_of_thought.tests.test_021.TestVersion)

Traceback (most recent call last):
  File "C:\Users\skaspers\OneDrive - Capgemini\Documents\Prompted Testsuite Analysis\.\datasets\GPT_4\Chain_of_thought\tests\test_021.py", line 33, in test_non_contiguous_sublist
    self.assertFalse(is_sublist([1, 2, 3, 4, 5], [2, 4]))
AssertionError: True is not false

   - [#   5] COI datasets.GPT_4.Chain_of_thought.programs.program_021: [0.01564 s] killed by test_large_list_and_sublist (datasets.GPT_4.Chain_of_thought.tests.test_021.TestVersion)

Traceback (most recent call last):
  File "C:\Users\skaspers\OneDrive - Capgemini\Documents\Prompted Testsuite Analysis\.\datasets\GPT_4\Chain_of_thought\tests\test_021.py", line 39, in test_large_list_and_sublist
    self.assertTrue(is_sublist(list(range(1000000)), [999997, 999998, 999999]))
AssertionError: False is not true

   - [#   6] COI datasets.GPT_4.Chain_of_thought.programs.program_021: [0.12684 s] killed by test_large_list_and_sublist (datasets.GPT_4.Chain_of_thought.tests.test_021.TestVersion)

Traceback (most recent call last):
  File "C:\Users\skaspers\OneDrive - Capgemini\Documents\Prompted Testsuite Analysis\.\datasets\GPT_4\Chain_of_thought\tests\test_021.py", line 39, in test_large_list_and_sublist
    self.assertTrue(is_sublist(list(range(1000000)), [999997, 999998, 999999]))
  File "datasets.GPT_4.Chain_of_thought.programs.program_021", line 13, in is_sublist
IndexError: list index out of range

   - [#   7] COI datasets.GPT_4.Chain_of_thought.programs.program_021: [0.03373 s] killed by test_large_list_and_sublist (datasets.GPT_4.Chain_of_thought.tests.test_021.TestVersion)

Traceback (most recent call last):
  File "C:\Users\skaspers\OneDrive - Capgemini\Documents\Prompted Testsuite Analysis\.\datasets\GPT_4\Chain_of_thought\tests\test_021.py", line 39, in test_large_list_and_sublist
    self.assertTrue(is_sublist(list(range(1000000)), [999997, 999998, 999999]))
AssertionError: False is not true

   - [#   8] COI datasets.GPT_4.Chain_of_thought.programs.program_021: [0.04333 s] killed by test_large_list_and_sublist (datasets.GPT_4.Chain_of_thought.tests.test_021.TestVersion)

Traceback (most recent call last):
  File "C:\Users\skaspers\OneDrive - Capgemini\Documents\Prompted Testsuite Analysis\.\datasets\GPT_4\Chain_of_thought\tests\test_021.py", line 39, in test_large_list_and_sublist
    self.assertTrue(is_sublist(list(range(1000000)), [999997, 999998, 999999]))
AssertionError: False is not true

   - [#   9] LCR datasets.GPT_4.Chain_of_thought.programs.program_021: [0.04761 s] killed by test_large_list_and_sublist (datasets.GPT_4.Chain_of_thought.tests.test_021.TestVersion)

Traceback (most recent call last):
  File "C:\Users\skaspers\OneDrive - Capgemini\Documents\Prompted Testsuite Analysis\.\datasets\GPT_4\Chain_of_thought\tests\test_021.py", line 39, in test_large_list_and_sublist
    self.assertTrue(is_sublist(list(range(1000000)), [999997, 999998, 999999]))
  File "datasets.GPT_4.Chain_of_thought.programs.program_021", line 13, in is_sublist
IndexError: list index out of range

   - [#  10] ROR datasets.GPT_4.Chain_of_thought.programs.program_021: [0.00559 s] killed by test_empty_sublist (datasets.GPT_4.Chain_of_thought.tests.test_021.TestVersion)

Traceback (most recent call last):
  File "C:\Users\skaspers\OneDrive - Capgemini\Documents\Prompted Testsuite Analysis\.\datasets\GPT_4\Chain_of_thought\tests\test_021.py", line 12, in test_empty_sublist
    self.assertTrue(is_sublist([1, 2, 3], []))
  File "datasets.GPT_4.Chain_of_thought.programs.program_021", line 11, in is_sublist
IndexError: list index out of range

   - [#  11] ROR datasets.GPT_4.Chain_of_thought.programs.program_021: [0.01565 s] killed by test_non_contiguous_sublist (datasets.GPT_4.Chain_of_thought.tests.test_021.TestVersion)

Traceback (most recent call last):
  File "C:\Users\skaspers\OneDrive - Capgemini\Documents\Prompted Testsuite Analysis\.\datasets\GPT_4\Chain_of_thought\tests\test_021.py", line 33, in test_non_contiguous_sublist
    self.assertFalse(is_sublist([1, 2, 3, 4, 5], [2, 4]))
AssertionError: True is not false

   - [#  12] ROR datasets.GPT_4.Chain_of_thought.programs.program_021: [0.02470 s] killed by test_large_list_and_sublist (datasets.GPT_4.Chain_of_thought.tests.test_021.TestVersion)

Traceback (most recent call last):
  File "C:\Users\skaspers\OneDrive - Capgemini\Documents\Prompted Testsuite Analysis\.\datasets\GPT_4\Chain_of_thought\tests\test_021.py", line 39, in test_large_list_and_sublist
    self.assertTrue(is_sublist(list(range(1000000)), [999997, 999998, 999999]))
AssertionError: False is not true

   - [#  13] ROR datasets.GPT_4.Chain_of_thought.programs.program_021: [0.04185 s] survived
   - [#  14] ROR datasets.GPT_4.Chain_of_thought.programs.program_021: [0.11744 s] killed by test_large_list_and_sublist (datasets.GPT_4.Chain_of_thought.tests.test_021.TestVersion)

Traceback (most recent call last):
  File "C:\Users\skaspers\OneDrive - Capgemini\Documents\Prompted Testsuite Analysis\.\datasets\GPT_4\Chain_of_thought\tests\test_021.py", line 39, in test_large_list_and_sublist
    self.assertTrue(is_sublist(list(range(1000000)), [999997, 999998, 999999]))
  File "datasets.GPT_4.Chain_of_thought.programs.program_021", line 13, in is_sublist
IndexError: list index out of range

   - [#  15] ROR datasets.GPT_4.Chain_of_thought.programs.program_021: [0.04087 s] killed by test_large_list_and_sublist (datasets.GPT_4.Chain_of_thought.tests.test_021.TestVersion)

Traceback (most recent call last):
  File "C:\Users\skaspers\OneDrive - Capgemini\Documents\Prompted Testsuite Analysis\.\datasets\GPT_4\Chain_of_thought\tests\test_021.py", line 39, in test_large_list_and_sublist
    self.assertTrue(is_sublist(list(range(1000000)), [999997, 999998, 999999]))
AssertionError: False is not true

   - [#  16] ROR datasets.GPT_4.Chain_of_thought.programs.program_021: [0.04210 s] killed by test_large_list_and_sublist (datasets.GPT_4.Chain_of_thought.tests.test_021.TestVersion)

Traceback (most recent call last):
  File "C:\Users\skaspers\OneDrive - Capgemini\Documents\Prompted Testsuite Analysis\.\datasets\GPT_4\Chain_of_thought\tests\test_021.py", line 39, in test_large_list_and_sublist
    self.assertTrue(is_sublist(list(range(1000000)), [999997, 999998, 999999]))
  File "datasets.GPT_4.Chain_of_thought.programs.program_021", line 13, in is_sublist
IndexError: list index out of range

   - [#  17] ROR datasets.GPT_4.Chain_of_thought.programs.program_021: [0.03123 s] killed by test_large_list_and_sublist (datasets.GPT_4.Chain_of_thought.tests.test_021.TestVersion)

Traceback (most recent call last):
  File "C:\Users\skaspers\OneDrive - Capgemini\Documents\Prompted Testsuite Analysis\.\datasets\GPT_4\Chain_of_thought\tests\test_021.py", line 39, in test_large_list_and_sublist
    self.assertTrue(is_sublist(list(range(1000000)), [999997, 999998, 999999]))
AssertionError: False is not true

   - [#  18] ROR datasets.GPT_4.Chain_of_thought.programs.program_021: [0.04214 s] killed by test_large_list_and_sublist (datasets.GPT_4.Chain_of_thought.tests.test_021.TestVersion)

Traceback (most recent call last):
  File "C:\Users\skaspers\OneDrive - Capgemini\Documents\Prompted Testsuite Analysis\.\datasets\GPT_4\Chain_of_thought\tests\test_021.py", line 39, in test_large_list_and_sublist
    self.assertTrue(is_sublist(list(range(1000000)), [999997, 999998, 999999]))
AssertionError: False is not true

[*] Mutation score [0.90666 s]: 94.4%
   - all: 18
   - killed: 17 (94.4%)
   - survived: 1 (5.6%)
   - incompetent: 0 (0.0%)
   - timeout: 0 (0.0%)
HI SANDER, RUNNING MUTPY FROM: C:\Users\skaspers\OneDrive - Capgemini\Documents\Prompted Testsuite Analysis\.venv38\lib\site-packages\mutpy\commandline.py
