[*] Start mutation process:
   - targets: datasets.GPT_4.Few_shot2.programs.program_099
   - tests: datasets.GPT_4.Few_shot2.tests.test_099
[*] 9 tests passed:
   - datasets.GPT_4.Few_shot2.tests.test_099 [0.00000 s]
[*] Start mutants generation and execution:
   - [#   1] ASR datasets.GPT_4.Few_shot2.programs.program_099: [0.00104 s] killed by test_count_set_bits_all_ones (datasets.GPT_4.Few_shot2.tests.test_099.TestVersion)

Traceback (most recent call last):
  File "C:\Users\skaspers\OneDrive - Capgemini\Documents\Prompted Testsuite Analysis\.\datasets\GPT_4\Few_shot2\tests\test_099.py", line 13, in test_count_set_bits_all_ones
    def test_count_set_bits_all_ones(self): self.assertEqual(count_Set_Bits(7), 3)
AssertionError: -3 != 3

   - [#   2] COI datasets.GPT_4.Few_shot2.programs.program_099: [0.00100 s] killed by test_count_set_bits_all_ones (datasets.GPT_4.Few_shot2.tests.test_099.TestVersion)

Traceback (most recent call last):
  File "C:\Users\skaspers\OneDrive - Capgemini\Documents\Prompted Testsuite Analysis\.\datasets\GPT_4\Few_shot2\tests\test_099.py", line 13, in test_count_set_bits_all_ones
    def test_count_set_bits_all_ones(self): self.assertEqual(count_Set_Bits(7), 3)
AssertionError: 0 != 3

   - [#   3] LOR datasets.GPT_4.Few_shot2.programs.program_099: [0.00101 s] killed by test_count_set_bits_all_ones (datasets.GPT_4.Few_shot2.tests.test_099.TestVersion)

Traceback (most recent call last):
  File "C:\Users\skaspers\OneDrive - Capgemini\Documents\Prompted Testsuite Analysis\.\datasets\GPT_4\Few_shot2\tests\test_099.py", line 13, in test_count_set_bits_all_ones
    def test_count_set_bits_all_ones(self): self.assertEqual(count_Set_Bits(7), 3)
AssertionError: 11 != 3

   - [#   4] LOR datasets.GPT_4.Few_shot2.programs.program_099: [5.06279 s] timeout
[*] Mutation score [5.09651 s]: 100.0%
   - all: 4
   - killed: 3 (75.0%)
   - survived: 0 (0.0%)
   - incompetent: 0 (0.0%)
   - timeout: 1 (25.0%)
HI SANDER, RUNNING MUTPY FROM: C:\Users\skaspers\OneDrive - Capgemini\Documents\Prompted Testsuite Analysis\.venv38\lib\site-packages\mutpy\commandline.py
