[*] Start mutation process:
   - targets: datasets.GPT_4.Few_shot2.programs.program_025
   - tests: datasets.GPT_4.Few_shot2.tests.test_025
[*] 9 tests passed:
   - datasets.GPT_4.Few_shot2.tests.test_025 [0.00000 s]
[*] Start mutants generation and execution:
   - [#   1] AOR datasets.GPT_4.Few_shot2.programs.program_025: [0.00200 s] killed by test_is_samepatterns_all_same (datasets.GPT_4.Few_shot2.tests.test_025.TestVersion)

Traceback (most recent call last):
  File "C:\Users\skaspers\OneDrive - Capgemini\Documents\Prompted Testsuite Analysis\.\datasets\GPT_4\Few_shot2\tests\test_025.py", line 13, in test_is_samepatterns_all_same
    def test_is_samepatterns_all_same(self): self.assertTrue(is_samepatterns(['red', 'red', 'red'], ['x', 'x', 'x']))
  File "datasets.GPT_4.Few_shot2.programs.program_025", line 23, in is_samepatterns
IndexError: list index out of range

   - [#   2] AOR datasets.GPT_4.Few_shot2.programs.program_025: [0.00000 s] survived
   - [#   3] COD datasets.GPT_4.Few_shot2.programs.program_025: [0.00099 s] killed by test_is_samepatterns_all_same (datasets.GPT_4.Few_shot2.tests.test_025.TestVersion)

Traceback (most recent call last):
  File "C:\Users\skaspers\OneDrive - Capgemini\Documents\Prompted Testsuite Analysis\.\datasets\GPT_4\Few_shot2\tests\test_025.py", line 13, in test_is_samepatterns_all_same
    def test_is_samepatterns_all_same(self): self.assertTrue(is_samepatterns(['red', 'red', 'red'], ['x', 'x', 'x']))
  File "datasets.GPT_4.Few_shot2.programs.program_025", line 13, in is_samepatterns
KeyError: 'x'

   - [#   4] COI datasets.GPT_4.Few_shot2.programs.program_025: [0.00101 s] killed by test_is_samepatterns_all_same (datasets.GPT_4.Few_shot2.tests.test_025.TestVersion)

Traceback (most recent call last):
  File "C:\Users\skaspers\OneDrive - Capgemini\Documents\Prompted Testsuite Analysis\.\datasets\GPT_4\Few_shot2\tests\test_025.py", line 13, in test_is_samepatterns_all_same
    def test_is_samepatterns_all_same(self): self.assertTrue(is_samepatterns(['red', 'red', 'red'], ['x', 'x', 'x']))
AssertionError: False is not true

   - [#   5] COI datasets.GPT_4.Few_shot2.programs.program_025: [0.00159 s] killed by test_is_samepatterns_all_same (datasets.GPT_4.Few_shot2.tests.test_025.TestVersion)

Traceback (most recent call last):
  File "C:\Users\skaspers\OneDrive - Capgemini\Documents\Prompted Testsuite Analysis\.\datasets\GPT_4\Few_shot2\tests\test_025.py", line 13, in test_is_samepatterns_all_same
    def test_is_samepatterns_all_same(self): self.assertTrue(is_samepatterns(['red', 'red', 'red'], ['x', 'x', 'x']))
  File "datasets.GPT_4.Few_shot2.programs.program_025", line 13, in is_samepatterns
KeyError: 'x'

   - [#   6] COI datasets.GPT_4.Few_shot2.programs.program_025: [0.00107 s] killed by test_is_samepatterns_all_same (datasets.GPT_4.Few_shot2.tests.test_025.TestVersion)

Traceback (most recent call last):
  File "C:\Users\skaspers\OneDrive - Capgemini\Documents\Prompted Testsuite Analysis\.\datasets\GPT_4\Few_shot2\tests\test_025.py", line 13, in test_is_samepatterns_all_same
    def test_is_samepatterns_all_same(self): self.assertTrue(is_samepatterns(['red', 'red', 'red'], ['x', 'x', 'x']))
AssertionError: False is not true

   - [#   7] COI datasets.GPT_4.Few_shot2.programs.program_025: [0.00099 s] killed by test_is_samepatterns_all_same (datasets.GPT_4.Few_shot2.tests.test_025.TestVersion)

Traceback (most recent call last):
  File "C:\Users\skaspers\OneDrive - Capgemini\Documents\Prompted Testsuite Analysis\.\datasets\GPT_4\Few_shot2\tests\test_025.py", line 13, in test_is_samepatterns_all_same
    def test_is_samepatterns_all_same(self): self.assertTrue(is_samepatterns(['red', 'red', 'red'], ['x', 'x', 'x']))
AssertionError: False is not true

   - [#   8] ROR datasets.GPT_4.Few_shot2.programs.program_025: [0.00100 s] killed by test_is_samepatterns_all_same (datasets.GPT_4.Few_shot2.tests.test_025.TestVersion)

Traceback (most recent call last):
  File "C:\Users\skaspers\OneDrive - Capgemini\Documents\Prompted Testsuite Analysis\.\datasets\GPT_4\Few_shot2\tests\test_025.py", line 13, in test_is_samepatterns_all_same
    def test_is_samepatterns_all_same(self): self.assertTrue(is_samepatterns(['red', 'red', 'red'], ['x', 'x', 'x']))
AssertionError: False is not true

   - [#   9] ROR datasets.GPT_4.Few_shot2.programs.program_025: [0.00000 s] killed by test_is_samepatterns_all_same (datasets.GPT_4.Few_shot2.tests.test_025.TestVersion)

Traceback (most recent call last):
  File "C:\Users\skaspers\OneDrive - Capgemini\Documents\Prompted Testsuite Analysis\.\datasets\GPT_4\Few_shot2\tests\test_025.py", line 13, in test_is_samepatterns_all_same
    def test_is_samepatterns_all_same(self): self.assertTrue(is_samepatterns(['red', 'red', 'red'], ['x', 'x', 'x']))
AssertionError: False is not true

   - [#  10] ROR datasets.GPT_4.Few_shot2.programs.program_025: [0.00000 s] killed by test_is_samepatterns_all_same (datasets.GPT_4.Few_shot2.tests.test_025.TestVersion)

Traceback (most recent call last):
  File "C:\Users\skaspers\OneDrive - Capgemini\Documents\Prompted Testsuite Analysis\.\datasets\GPT_4\Few_shot2\tests\test_025.py", line 13, in test_is_samepatterns_all_same
    def test_is_samepatterns_all_same(self): self.assertTrue(is_samepatterns(['red', 'red', 'red'], ['x', 'x', 'x']))
AssertionError: False is not true

[*] Mutation score [0.13037 s]: 90.0%
   - all: 10
   - killed: 9 (90.0%)
   - survived: 1 (10.0%)
   - incompetent: 0 (0.0%)
   - timeout: 0 (0.0%)
HI SANDER, RUNNING MUTPY FROM: C:\Users\skaspers\OneDrive - Capgemini\Documents\Prompted Testsuite Analysis\.venv38\lib\site-packages\mutpy\commandline.py
