[*] Start mutation process:
   - targets: datasets.GPT_4.Few_shot2.programs.program_092
   - tests: datasets.GPT_4.Few_shot2.tests.test_092
[*] 9 tests passed:
   - datasets.GPT_4.Few_shot2.tests.test_092 [0.00000 s]
[*] Start mutants generation and execution:
   - [#   1] AOR datasets.GPT_4.Few_shot2.programs.program_092: [0.00000 s] killed by test_next_power_of_2_already_power (datasets.GPT_4.Few_shot2.tests.test_092.TestVersion)

Traceback (most recent call last):
  File "C:\Users\skaspers\OneDrive - Capgemini\Documents\Prompted Testsuite Analysis\.\datasets\GPT_4\Few_shot2\tests\test_092.py", line 21, in test_next_power_of_2_already_power
    def test_next_power_of_2_already_power(self): self.assertEqual(next_power_of_2(64), 64)
AssertionError: 128 != 64

   - [#   2] ASR datasets.GPT_4.Few_shot2.programs.program_092: [0.00000 s] killed by test_next_power_of_2_between_powers (datasets.GPT_4.Few_shot2.tests.test_092.TestVersion)

Traceback (most recent call last):
  File "C:\Users\skaspers\OneDrive - Capgemini\Documents\Prompted Testsuite Analysis\.\datasets\GPT_4\Few_shot2\tests\test_092.py", line 13, in test_next_power_of_2_between_powers
    def test_next_power_of_2_between_powers(self): self.assertEqual(next_power_of_2(5), 8)
  File "datasets.GPT_4.Few_shot2.programs.program_092", line 10, in next_power_of_2
ValueError: negative shift count

   - [#   3] COD datasets.GPT_4.Few_shot2.programs.program_092: [0.00000 s] killed by test_next_power_of_2_already_power (datasets.GPT_4.Few_shot2.tests.test_092.TestVersion)

Traceback (most recent call last):
  File "C:\Users\skaspers\OneDrive - Capgemini\Documents\Prompted Testsuite Analysis\.\datasets\GPT_4\Few_shot2\tests\test_092.py", line 21, in test_next_power_of_2_already_power
    def test_next_power_of_2_already_power(self): self.assertEqual(next_power_of_2(64), 64)
AssertionError: 128 != 64

   - [#   4] COI datasets.GPT_4.Few_shot2.programs.program_092: [0.00000 s] killed by test_next_power_of_2_already_power (datasets.GPT_4.Few_shot2.tests.test_092.TestVersion)

Traceback (most recent call last):
  File "C:\Users\skaspers\OneDrive - Capgemini\Documents\Prompted Testsuite Analysis\.\datasets\GPT_4\Few_shot2\tests\test_092.py", line 21, in test_next_power_of_2_already_power
    def test_next_power_of_2_already_power(self): self.assertEqual(next_power_of_2(64), 64)
AssertionError: 128 != 64

   - [#   5] COI datasets.GPT_4.Few_shot2.programs.program_092: [0.00000 s] killed by test_next_power_of_2_between_powers (datasets.GPT_4.Few_shot2.tests.test_092.TestVersion)

Traceback (most recent call last):
  File "C:\Users\skaspers\OneDrive - Capgemini\Documents\Prompted Testsuite Analysis\.\datasets\GPT_4\Few_shot2\tests\test_092.py", line 13, in test_next_power_of_2_between_powers
    def test_next_power_of_2_between_powers(self): self.assertEqual(next_power_of_2(5), 8)
AssertionError: 1 != 8

   - [#   6] LCR datasets.GPT_4.Few_shot2.programs.program_092: [0.00000 s] killed by test_next_power_of_2_between_powers (datasets.GPT_4.Few_shot2.tests.test_092.TestVersion)

Traceback (most recent call last):
  File "C:\Users\skaspers\OneDrive - Capgemini\Documents\Prompted Testsuite Analysis\.\datasets\GPT_4\Few_shot2\tests\test_092.py", line 13, in test_next_power_of_2_between_powers
    def test_next_power_of_2_between_powers(self): self.assertEqual(next_power_of_2(5), 8)
AssertionError: 5 != 8

   - [#   7] LOR datasets.GPT_4.Few_shot2.programs.program_092: [0.00000 s] killed by test_next_power_of_2_already_power (datasets.GPT_4.Few_shot2.tests.test_092.TestVersion)

Traceback (most recent call last):
  File "C:\Users\skaspers\OneDrive - Capgemini\Documents\Prompted Testsuite Analysis\.\datasets\GPT_4\Few_shot2\tests\test_092.py", line 21, in test_next_power_of_2_already_power
    def test_next_power_of_2_already_power(self): self.assertEqual(next_power_of_2(64), 64)
AssertionError: 128 != 64

   - [#   8] LOR datasets.GPT_4.Few_shot2.programs.program_092: [5.04672 s] timeout
   - [#   9] LOR datasets.GPT_4.Few_shot2.programs.program_092: [0.00000 s] killed by test_next_power_of_2_between_powers (datasets.GPT_4.Few_shot2.tests.test_092.TestVersion)

Traceback (most recent call last):
  File "C:\Users\skaspers\OneDrive - Capgemini\Documents\Prompted Testsuite Analysis\.\datasets\GPT_4\Few_shot2\tests\test_092.py", line 13, in test_next_power_of_2_between_powers
    def test_next_power_of_2_between_powers(self): self.assertEqual(next_power_of_2(5), 8)
AssertionError: 0 != 8

   - [#  10] ROR datasets.GPT_4.Few_shot2.programs.program_092: [0.00000 s] killed by test_next_power_of_2_between_powers (datasets.GPT_4.Few_shot2.tests.test_092.TestVersion)

Traceback (most recent call last):
  File "C:\Users\skaspers\OneDrive - Capgemini\Documents\Prompted Testsuite Analysis\.\datasets\GPT_4\Few_shot2\tests\test_092.py", line 13, in test_next_power_of_2_between_powers
    def test_next_power_of_2_between_powers(self): self.assertEqual(next_power_of_2(5), 8)
AssertionError: 1 != 8

[*] Mutation score [5.09582 s]: 100.0%
   - all: 10
   - killed: 9 (90.0%)
   - survived: 0 (0.0%)
   - incompetent: 0 (0.0%)
   - timeout: 1 (10.0%)
HI SANDER, RUNNING MUTPY FROM: C:\Users\skaspers\OneDrive - Capgemini\Documents\Prompted Testsuite Analysis\.venv38\lib\site-packages\mutpy\commandline.py
