[*] Start mutation process:
   - targets: datasets.GPT_4.Few_shot2.programs.program_095
   - tests: datasets.GPT_4.Few_shot2.tests.test_095
[*] 6 tests passed:
   - datasets.GPT_4.Few_shot2.tests.test_095 [0.00000 s]
[*] Start mutants generation and execution:
   - [#   1] AOR datasets.GPT_4.Few_shot2.programs.program_095: [0.00000 s] killed by test_perimeter_pentagon_large_number (datasets.GPT_4.Few_shot2.tests.test_095.TestVersion)

Traceback (most recent call last):
  File "C:\Users\skaspers\OneDrive - Capgemini\Documents\Prompted Testsuite Analysis\.\datasets\GPT_4\Few_shot2\tests\test_095.py", line 11, in test_perimeter_pentagon_large_number
    def test_perimeter_pentagon_large_number(self): self.assertEqual(perimeter_pentagon(1000), 5000)
AssertionError: 0.005 != 5000

   - [#   2] AOR datasets.GPT_4.Few_shot2.programs.program_095: [0.00000 s] killed by test_perimeter_pentagon_large_number (datasets.GPT_4.Few_shot2.tests.test_095.TestVersion)

Traceback (most recent call last):
  File "C:\Users\skaspers\OneDrive - Capgemini\Documents\Prompted Testsuite Analysis\.\datasets\GPT_4\Few_shot2\tests\test_095.py", line 11, in test_perimeter_pentagon_large_number
    def test_perimeter_pentagon_large_number(self): self.assertEqual(perimeter_pentagon(1000), 5000)
AssertionError: 0 != 5000

   - [#   3] AOR datasets.GPT_4.Few_shot2.programs.program_095: [0.00099 s] killed by test_perimeter_pentagon_large_number (datasets.GPT_4.Few_shot2.tests.test_095.TestVersion)

Traceback (most recent call last):
  File "C:\Users\skaspers\OneDrive - Capgemini\Documents\Prompted Testsuite Analysis\.\datasets\GPT_4\Few_shot2\tests\test_095.py", line 11, in test_perimeter_pentagon_large_number
    def test_perimeter_pentagon_large_number(self): self.assertEqual(perimeter_pentagon(1000), 5000)
AssertionError: 93326361850321887899008954472381716961709[653 chars]90625 != 5000

[*] Mutation score [0.03336 s]: 100.0%
   - all: 3
   - killed: 3 (100.0%)
   - survived: 0 (0.0%)
   - incompetent: 0 (0.0%)
   - timeout: 0 (0.0%)
HI SANDER, RUNNING MUTPY FROM: C:\Users\skaspers\OneDrive - Capgemini\Documents\Prompted Testsuite Analysis\.venv38\lib\site-packages\mutpy\commandline.py
