[*] Start mutation process:
   - targets: datasets.GPT_4.Few_shot2.programs.program_020
   - tests: datasets.GPT_4.Few_shot2.tests.test_020
[*] 10 tests passed:
   - datasets.GPT_4.Few_shot2.tests.test_020 [0.00100 s]
[*] Start mutants generation and execution:
   - [#   1] AOR datasets.GPT_4.Few_shot2.programs.program_020: [0.00110 s] killed by test_is_Monotonic_increasing (datasets.GPT_4.Few_shot2.tests.test_020.TestVersion)

Traceback (most recent call last):
  File "C:\Users\skaspers\OneDrive - Capgemini\Documents\Prompted Testsuite Analysis\.\datasets\GPT_4\Few_shot2\tests\test_020.py", line 5, in test_is_Monotonic_increasing
    def test_is_Monotonic_increasing(self): self.assertTrue(is_Monotonic([1, 2, 3, 4]))
AssertionError: False is not true

   - [#   2] AOR datasets.GPT_4.Few_shot2.programs.program_020: [0.00200 s] killed by test_is_Monotonic_all_equal (datasets.GPT_4.Few_shot2.tests.test_020.TestVersion)

Traceback (most recent call last):
  File "C:\Users\skaspers\OneDrive - Capgemini\Documents\Prompted Testsuite Analysis\.\datasets\GPT_4\Few_shot2\tests\test_020.py", line 9, in test_is_Monotonic_all_equal
    def test_is_Monotonic_all_equal(self): self.assertTrue(is_Monotonic([5, 5, 5]))
  File "datasets.GPT_4.Few_shot2.programs.program_020", line 2, in is_Monotonic
  File "datasets.GPT_4.Few_shot2.programs.program_020", line 2, in <genexpr>
IndexError: list index out of range

   - [#   3] AOR datasets.GPT_4.Few_shot2.programs.program_020: [0.00000 s] killed by test_is_Monotonic_decreasing (datasets.GPT_4.Few_shot2.tests.test_020.TestVersion)

Traceback (most recent call last):
  File "C:\Users\skaspers\OneDrive - Capgemini\Documents\Prompted Testsuite Analysis\.\datasets\GPT_4\Few_shot2\tests\test_020.py", line 7, in test_is_Monotonic_decreasing
    def test_is_Monotonic_decreasing(self): self.assertTrue(is_Monotonic([4, 3, 2, 1]))
AssertionError: False is not true

   - [#   4] AOR datasets.GPT_4.Few_shot2.programs.program_020: [0.00211 s] killed by test_is_Monotonic_decreasing (datasets.GPT_4.Few_shot2.tests.test_020.TestVersion)

Traceback (most recent call last):
  File "C:\Users\skaspers\OneDrive - Capgemini\Documents\Prompted Testsuite Analysis\.\datasets\GPT_4\Few_shot2\tests\test_020.py", line 7, in test_is_Monotonic_decreasing
    def test_is_Monotonic_decreasing(self): self.assertTrue(is_Monotonic([4, 3, 2, 1]))
  File "datasets.GPT_4.Few_shot2.programs.program_020", line 3, in is_Monotonic
  File "datasets.GPT_4.Few_shot2.programs.program_020", line 3, in <genexpr>
IndexError: list index out of range

   - [#   5] LCR datasets.GPT_4.Few_shot2.programs.program_020: [0.00192 s] killed by test_is_Monotonic_decreasing (datasets.GPT_4.Few_shot2.tests.test_020.TestVersion)

Traceback (most recent call last):
  File "C:\Users\skaspers\OneDrive - Capgemini\Documents\Prompted Testsuite Analysis\.\datasets\GPT_4\Few_shot2\tests\test_020.py", line 7, in test_is_Monotonic_decreasing
    def test_is_Monotonic_decreasing(self): self.assertTrue(is_Monotonic([4, 3, 2, 1]))
AssertionError: False is not true

   - [#   6] ROR datasets.GPT_4.Few_shot2.programs.program_020: [0.00087 s] killed by test_is_Monotonic_increasing (datasets.GPT_4.Few_shot2.tests.test_020.TestVersion)

Traceback (most recent call last):
  File "C:\Users\skaspers\OneDrive - Capgemini\Documents\Prompted Testsuite Analysis\.\datasets\GPT_4\Few_shot2\tests\test_020.py", line 5, in test_is_Monotonic_increasing
    def test_is_Monotonic_increasing(self): self.assertTrue(is_Monotonic([1, 2, 3, 4]))
AssertionError: False is not true

   - [#   7] ROR datasets.GPT_4.Few_shot2.programs.program_020: [0.00100 s] survived
   - [#   8] ROR datasets.GPT_4.Few_shot2.programs.program_020: [0.00000 s] killed by test_is_Monotonic_decreasing (datasets.GPT_4.Few_shot2.tests.test_020.TestVersion)

Traceback (most recent call last):
  File "C:\Users\skaspers\OneDrive - Capgemini\Documents\Prompted Testsuite Analysis\.\datasets\GPT_4\Few_shot2\tests\test_020.py", line 7, in test_is_Monotonic_decreasing
    def test_is_Monotonic_decreasing(self): self.assertTrue(is_Monotonic([4, 3, 2, 1]))
AssertionError: False is not true

   - [#   9] ROR datasets.GPT_4.Few_shot2.programs.program_020: [0.00000 s] survived
[*] Mutation score [0.07981 s]: 77.8%
   - all: 9
   - killed: 7 (77.8%)
   - survived: 2 (22.2%)
   - incompetent: 0 (0.0%)
   - timeout: 0 (0.0%)
HI SANDER, RUNNING MUTPY FROM: C:\Users\skaspers\OneDrive - Capgemini\Documents\Prompted Testsuite Analysis\.venv38\lib\site-packages\mutpy\commandline.py
