[*] Start mutation process:
   - targets: datasets.GPT_4.Few_shot2.programs.program_029
   - tests: datasets.GPT_4.Few_shot2.tests.test_029
[*] 8 tests passed:
   - datasets.GPT_4.Few_shot2.tests.test_029 [0.00000 s]
[*] Start mutants generation and execution:
   - [#   1] AOR datasets.GPT_4.Few_shot2.programs.program_029: [0.00103 s] killed by test_tetrahedral_number_five (datasets.GPT_4.Few_shot2.tests.test_029.TestVersion)

Traceback (most recent call last):
  File "C:\Users\skaspers\OneDrive - Capgemini\Documents\Prompted Testsuite Analysis\.\datasets\GPT_4\Few_shot2\tests\test_029.py", line 15, in test_tetrahedral_number_five
    def test_tetrahedral_number_five(self): self.assertEqual(tetrahedral_number(5), 35)
AssertionError: 0.9722222222222223 != 35

   - [#   2] AOR datasets.GPT_4.Few_shot2.programs.program_029: [0.00099 s] killed by test_tetrahedral_number_five (datasets.GPT_4.Few_shot2.tests.test_029.TestVersion)

Traceback (most recent call last):
  File "C:\Users\skaspers\OneDrive - Capgemini\Documents\Prompted Testsuite Analysis\.\datasets\GPT_4\Few_shot2\tests\test_029.py", line 15, in test_tetrahedral_number_five
    def test_tetrahedral_number_five(self): self.assertEqual(tetrahedral_number(5), 35)
AssertionError: 0.0 != 35

   - [#   3] AOR datasets.GPT_4.Few_shot2.programs.program_029: [0.00000 s] killed by test_tetrahedral_number_five (datasets.GPT_4.Few_shot2.tests.test_029.TestVersion)

Traceback (most recent call last):
  File "C:\Users\skaspers\OneDrive - Capgemini\Documents\Prompted Testsuite Analysis\.\datasets\GPT_4\Few_shot2\tests\test_029.py", line 15, in test_tetrahedral_number_five
    def test_tetrahedral_number_five(self): self.assertEqual(tetrahedral_number(5), 35)
AssertionError: 18229.166666666668 != 35

   - [#   4] AOR datasets.GPT_4.Few_shot2.programs.program_029: [0.00100 s] killed by test_tetrahedral_number_five (datasets.GPT_4.Few_shot2.tests.test_029.TestVersion)

Traceback (most recent call last):
  File "C:\Users\skaspers\OneDrive - Capgemini\Documents\Prompted Testsuite Analysis\.\datasets\GPT_4\Few_shot2\tests\test_029.py", line 15, in test_tetrahedral_number_five
    def test_tetrahedral_number_five(self): self.assertEqual(tetrahedral_number(5), 35)
AssertionError: 23.333333333333332 != 35

   - [#   5] AOR datasets.GPT_4.Few_shot2.programs.program_029: [0.00099 s] killed by test_tetrahedral_number_five (datasets.GPT_4.Few_shot2.tests.test_029.TestVersion)

Traceback (most recent call last):
  File "C:\Users\skaspers\OneDrive - Capgemini\Documents\Prompted Testsuite Analysis\.\datasets\GPT_4\Few_shot2\tests\test_029.py", line 15, in test_tetrahedral_number_five
    def test_tetrahedral_number_five(self): self.assertEqual(tetrahedral_number(5), 35)
AssertionError: 0.7142857142857143 != 35

   - [#   6] AOR datasets.GPT_4.Few_shot2.programs.program_029: [0.00000 s] killed by test_tetrahedral_number_five (datasets.GPT_4.Few_shot2.tests.test_029.TestVersion)

Traceback (most recent call last):
  File "C:\Users\skaspers\OneDrive - Capgemini\Documents\Prompted Testsuite Analysis\.\datasets\GPT_4\Few_shot2\tests\test_029.py", line 15, in test_tetrahedral_number_five
    def test_tetrahedral_number_five(self): self.assertEqual(tetrahedral_number(5), 35)
AssertionError: 0.6666666666666666 != 35

   - [#   7] AOR datasets.GPT_4.Few_shot2.programs.program_029: [0.00000 s] killed by test_tetrahedral_number_five (datasets.GPT_4.Few_shot2.tests.test_029.TestVersion)

Traceback (most recent call last):
  File "C:\Users\skaspers\OneDrive - Capgemini\Documents\Prompted Testsuite Analysis\.\datasets\GPT_4\Few_shot2\tests\test_029.py", line 15, in test_tetrahedral_number_five
    def test_tetrahedral_number_five(self): self.assertEqual(tetrahedral_number(5), 35)
AssertionError: 3645000000.0 != 35

   - [#   8] AOR datasets.GPT_4.Few_shot2.programs.program_029: [0.00100 s] killed by test_tetrahedral_number_five (datasets.GPT_4.Few_shot2.tests.test_029.TestVersion)

Traceback (most recent call last):
  File "C:\Users\skaspers\OneDrive - Capgemini\Documents\Prompted Testsuite Analysis\.\datasets\GPT_4\Few_shot2\tests\test_029.py", line 15, in test_tetrahedral_number_five
    def test_tetrahedral_number_five(self): self.assertEqual(tetrahedral_number(5), 35)
AssertionError: 15.0 != 35

   - [#   9] AOR datasets.GPT_4.Few_shot2.programs.program_029: [0.00000 s] survived
   - [#  10] AOR datasets.GPT_4.Few_shot2.programs.program_029: [0.00000 s] killed by test_tetrahedral_number_five (datasets.GPT_4.Few_shot2.tests.test_029.TestVersion)

Traceback (most recent call last):
  File "C:\Users\skaspers\OneDrive - Capgemini\Documents\Prompted Testsuite Analysis\.\datasets\GPT_4\Few_shot2\tests\test_029.py", line 15, in test_tetrahedral_number_five
    def test_tetrahedral_number_five(self): self.assertEqual(tetrahedral_number(5), 35)
AssertionError: 1260 != 35

[*] Mutation score [0.04474 s]: 90.0%
   - all: 10
   - killed: 9 (90.0%)
   - survived: 1 (10.0%)
   - incompetent: 0 (0.0%)
   - timeout: 0 (0.0%)
HI SANDER, RUNNING MUTPY FROM: C:\Users\skaspers\OneDrive - Capgemini\Documents\Prompted Testsuite Analysis\.venv38\lib\site-packages\mutpy\commandline.py
