[*] Start mutation process:
   - targets: datasets.GPT_4.Few_shot2.programs.program_003
   - tests: datasets.GPT_4.Few_shot2.tests.test_003
[*] 10 tests passed:
   - datasets.GPT_4.Few_shot2.tests.test_003 [0.00000 s]
[*] Start mutants generation and execution:
   - [#   1] AOR datasets.GPT_4.Few_shot2.programs.program_003: [0.00100 s] killed by test_find_Volume_all_negatives (datasets.GPT_4.Few_shot2.tests.test_003.TestVersion)

Traceback (most recent call last):
  File "C:\Users\skaspers\OneDrive - Capgemini\Documents\Prompted Testsuite Analysis\.\datasets\GPT_4\Few_shot2\tests\test_003.py", line 21, in test_find_Volume_all_negatives
    def test_find_Volume_all_negatives(self): self.assertEqual(find_Volume(-2, -3, -4), -12.0)
AssertionError: -1.3333333333333333 != -12.0

   - [#   2] AOR datasets.GPT_4.Few_shot2.programs.program_003: [0.00093 s] killed by test_find_Volume_all_negatives (datasets.GPT_4.Few_shot2.tests.test_003.TestVersion)

Traceback (most recent call last):
  File "C:\Users\skaspers\OneDrive - Capgemini\Documents\Prompted Testsuite Analysis\.\datasets\GPT_4\Few_shot2\tests\test_003.py", line 21, in test_find_Volume_all_negatives
    def test_find_Volume_all_negatives(self): self.assertEqual(find_Volume(-2, -3, -4), -12.0)
AssertionError: 0.0 != -12.0

   - [#   3] AOR datasets.GPT_4.Few_shot2.programs.program_003: [0.00095 s] killed by test_find_Volume_all_negatives (datasets.GPT_4.Few_shot2.tests.test_003.TestVersion)

Traceback (most recent call last):
  File "C:\Users\skaspers\OneDrive - Capgemini\Documents\Prompted Testsuite Analysis\.\datasets\GPT_4\Few_shot2\tests\test_003.py", line 21, in test_find_Volume_all_negatives
    def test_find_Volume_all_negatives(self): self.assertEqual(find_Volume(-2, -3, -4), -12.0)
AssertionError: 0.25 != -12.0

   - [#   4] AOR datasets.GPT_4.Few_shot2.programs.program_003: [0.00111 s] killed by test_find_Volume_all_negatives (datasets.GPT_4.Few_shot2.tests.test_003.TestVersion)

Traceback (most recent call last):
  File "C:\Users\skaspers\OneDrive - Capgemini\Documents\Prompted Testsuite Analysis\.\datasets\GPT_4\Few_shot2\tests\test_003.py", line 21, in test_find_Volume_all_negatives
    def test_find_Volume_all_negatives(self): self.assertEqual(find_Volume(-2, -3, -4), -12.0)
AssertionError: -0.75 != -12.0

   - [#   5] AOR datasets.GPT_4.Few_shot2.programs.program_003: [0.00102 s] killed by test_find_Volume_all_negatives (datasets.GPT_4.Few_shot2.tests.test_003.TestVersion)

Traceback (most recent call last):
  File "C:\Users\skaspers\OneDrive - Capgemini\Documents\Prompted Testsuite Analysis\.\datasets\GPT_4\Few_shot2\tests\test_003.py", line 21, in test_find_Volume_all_negatives
    def test_find_Volume_all_negatives(self): self.assertEqual(find_Volume(-2, -3, -4), -12.0)
AssertionError: -1.0 != -12.0

   - [#   6] AOR datasets.GPT_4.Few_shot2.programs.program_003: [0.00092 s] killed by test_find_Volume_all_negatives (datasets.GPT_4.Few_shot2.tests.test_003.TestVersion)

Traceback (most recent call last):
  File "C:\Users\skaspers\OneDrive - Capgemini\Documents\Prompted Testsuite Analysis\.\datasets\GPT_4\Few_shot2\tests\test_003.py", line 21, in test_find_Volume_all_negatives
    def test_find_Volume_all_negatives(self): self.assertEqual(find_Volume(-2, -3, -4), -12.0)
AssertionError: 0.00038580246913580245 != -12.0

   - [#   7] AOR datasets.GPT_4.Few_shot2.programs.program_003: [0.00000 s] survived
   - [#   8] AOR datasets.GPT_4.Few_shot2.programs.program_003: [0.00027 s] killed by test_find_Volume_all_negatives (datasets.GPT_4.Few_shot2.tests.test_003.TestVersion)

Traceback (most recent call last):
  File "C:\Users\skaspers\OneDrive - Capgemini\Documents\Prompted Testsuite Analysis\.\datasets\GPT_4\Few_shot2\tests\test_003.py", line 21, in test_find_Volume_all_negatives
    def test_find_Volume_all_negatives(self): self.assertEqual(find_Volume(-2, -3, -4), -12.0)
AssertionError: -48 != -12.0

[*] Mutation score [0.04569 s]: 87.5%
   - all: 8
   - killed: 7 (87.5%)
   - survived: 1 (12.5%)
   - incompetent: 0 (0.0%)
   - timeout: 0 (0.0%)
HI SANDER, RUNNING MUTPY FROM: C:\Users\skaspers\OneDrive - Capgemini\Documents\Prompted Testsuite Analysis\.venv38\lib\site-packages\mutpy\commandline.py
